2025-04-13 17:22:49,427 [INFO] Activator:176 - 


2025-04-13 17:22:49,433 [INFO] Activator:177 - !SESSION log4j initialized
2025-04-13 17:22:57,367 [INFO] LogOutputStream:77 - [STDOUT_REDIRECT] 
2025-04-13 17:23:00,015 [INFO] ApplicationProperties:184 - Using Application install path: C:\ST\STM32CubeIDE_1.17.0\STM32CubeIDE\plugins\com.st.stm32cube.common.mx_6.13.0.202411220809
2025-04-13 17:23:00,038 [INFO] DbMcusXml:78 - Set database path to: C:\ST\STM32CubeIDE_1.17.0\STM32CubeIDE\plugins\com.st.stm32cube.common.mx_6.13.0.202411220809\\db\/mcu/
2025-04-13 17:23:00,038 [INFO] ApiDb:274 - Set plugin database path to: C:\ST\STM32CubeIDE_1.17.0\STM32CubeIDE\plugins\com.st.stm32cube.common.mx_6.13.0.202411220809\\db\/plugins/boardmanager/
2025-04-13 17:23:00,039 [WARN] ApiDb:259 - Overriding images path with different value:  => C:\ST\STM32CubeIDE_1.17.0\STM32CubeIDE\plugins\com.st.stm32cube.common.mx_6.13.0.202411220809\\db\/plugins/mcufinder/images/
2025-04-13 17:23:00,054 [INFO] ApiDb:250 - Set database path to: C:\Users\nhduo\.stmcufinder\plugins\mcufinder//mcu/
2025-04-13 17:23:00,056 [INFO] DbMcusAds:125 - Set database path to: C:\Users\nhduo\.stmcufinder\plugins\mcufinder//mcu/
2025-04-13 17:23:00,757 [INFO] CrossReferenceDbSqlite:203 - Set database path to: C:\Users\nhduo\.stmcufinder\plugins\mcufinder//mcu/cs/
2025-04-13 17:23:00,907 [INFO] RulesReader:64 - Compatibility file has been processed (297 Rules)
2025-04-13 17:23:01,005 [INFO] DbMcusXml:78 - Set database path to: C:\ST\STM32CubeIDE_1.17.0\STM32CubeIDE\plugins\com.st.stm32cube.common.mx_6.13.0.202411220809\\db\/mcu/
2025-04-13 17:23:01,006 [INFO] ApiDb:274 - Set plugin database path to: C:\ST\STM32CubeIDE_1.17.0\STM32CubeIDE\plugins\com.st.stm32cube.common.mx_6.13.0.202411220809\\db\/plugins/boardmanager/
2025-04-13 17:23:01,006 [INFO] ApiDb:261 - Set plugin images path to: C:\ST\STM32CubeIDE_1.17.0\STM32CubeIDE\plugins\com.st.stm32cube.common.mx_6.13.0.202411220809\\db\/plugins/mcufinder/images/
2025-04-13 17:23:01,006 [WARN] DbFile:41 - Overriding database path with different value: C:\Users\nhduo\.stmcufinder\plugins\mcufinder/ => C:\Users\nhduo\.stmcufinder\plugins\mcufinder
2025-04-13 17:23:01,006 [INFO] ApiDb:250 - Set database path to: C:\Users\nhduo\.stmcufinder\plugins\mcufinder//mcu/
2025-04-13 17:23:01,007 [WARN] DbFile:41 - Overriding database path with different value: C:\Users\nhduo\.stmcufinder\plugins\mcufinder/ => C:\Users\nhduo\.stmcufinder\plugins\mcufinder
2025-04-13 17:23:01,007 [INFO] DbMcusAds:125 - Set database path to: C:\Users\nhduo\.stmcufinder\plugins\mcufinder//mcu/
2025-04-13 17:23:01,007 [WARN] DbFile:41 - Overriding database path with different value: C:\Users\nhduo\.stmcufinder\plugins\mcufinder/ => C:\Users\nhduo\.stmcufinder\plugins\mcufinder
2025-04-13 17:23:01,007 [WARN] DbFile:41 - Overriding database path with different value: C:\Users\nhduo\.stmcufinder\plugins\mcufinder/ => C:\Users\nhduo\.stmcufinder\plugins\mcufinder
2025-04-13 17:23:01,757 [INFO] CrossReferenceDbSqlite:203 - Set database path to: C:\Users\nhduo\.stmcufinder\plugins\mcufinder//mcu/cs/
2025-04-13 17:23:01,845 [INFO] MainPanel:272 - HeapMemory: 268435456
2025-04-13 17:23:01,944 [INFO] DbMcusXml:78 - Set database path to: C:\ST\STM32CubeIDE_1.17.0\STM32CubeIDE\plugins\com.st.stm32cube.common.mx_6.13.0.202411220809\\db\/mcu/
2025-04-13 17:23:01,944 [INFO] ApiDb:274 - Set plugin database path to: C:\ST\STM32CubeIDE_1.17.0\STM32CubeIDE\plugins\com.st.stm32cube.common.mx_6.13.0.202411220809\\db\/plugins/boardmanager/
2025-04-13 17:23:01,944 [INFO] ApiDb:261 - Set plugin images path to: C:\ST\STM32CubeIDE_1.17.0\STM32CubeIDE\plugins\com.st.stm32cube.common.mx_6.13.0.202411220809\\db\/plugins/mcufinder/images/
2025-04-13 17:23:01,945 [WARN] DbFile:41 - Overriding database path with different value: C:\Users\nhduo\.stmcufinder\plugins\mcufinder/ => C:\Users\nhduo\.stmcufinder\plugins\mcufinder
2025-04-13 17:23:01,945 [INFO] ApiDb:250 - Set database path to: C:\Users\nhduo\.stmcufinder\plugins\mcufinder//mcu/
2025-04-13 17:23:01,945 [WARN] DbFile:41 - Overriding database path with different value: C:\Users\nhduo\.stmcufinder\plugins\mcufinder/ => C:\Users\nhduo\.stmcufinder\plugins\mcufinder
2025-04-13 17:23:01,945 [INFO] DbMcusAds:125 - Set database path to: C:\Users\nhduo\.stmcufinder\plugins\mcufinder//mcu/
2025-04-13 17:23:01,945 [WARN] DbFile:41 - Overriding database path with different value: C:\Users\nhduo\.stmcufinder\plugins\mcufinder/ => C:\Users\nhduo\.stmcufinder\plugins\mcufinder
2025-04-13 17:23:01,945 [WARN] DbFile:41 - Overriding database path with different value: C:\Users\nhduo\.stmcufinder\plugins\mcufinder/ => C:\Users\nhduo\.stmcufinder\plugins\mcufinder
2025-04-13 17:23:02,759 [INFO] CrossReferenceDbSqlite:203 - Set database path to: C:\Users\nhduo\.stmcufinder\plugins\mcufinder//mcu/cs/
2025-04-13 17:23:02,783 [INFO] ApplicationProperties:184 - Using Application install path: C:\ST\STM32CubeIDE_1.17.0\STM32CubeIDE\plugins\com.st.stm32cube.common.mx_6.13.0.202411220809
2025-04-13 17:23:02,785 [INFO] PluginManage:196 - Search for loadable plugins [exclusion list=, ]
2025-04-13 17:23:02,788 [INFO] PluginManage:310 - Check plugin analytics
2025-04-13 17:23:03,847 [INFO] AnalyticsPlugin:253 - Accepted Software Licenses: STM32CubeMX.6.13.0
2025-04-13 17:23:03,847 [INFO] AnalyticsPlugin:255 - Accepted CMSIS Pack Licenses: 
2025-04-13 17:23:03,847 [INFO] AnalyticsPlugin:257 - Accepted Firmware Licenses: FW.F4.1.28.0
2025-04-13 17:23:03,851 [INFO] PluginManage:359 - Loaded plugin analytics (category:tool,tabindex:-1)
2025-04-13 17:23:03,852 [INFO] PluginManage:310 - Check plugin cadmodel
2025-04-13 17:23:03,875 [INFO] CADModel:105 - Init CAD model plugin
2025-04-13 17:23:03,876 [INFO] PluginManage:359 - Loaded plugin cadmodel (category:power,tabindex:5)
2025-04-13 17:23:03,876 [INFO] PluginManage:310 - Check plugin clock
2025-04-13 17:23:03,906 [INFO] PluginManage:359 - Loaded plugin clock (category:base,tabindex:2)
2025-04-13 17:23:03,907 [INFO] PluginManage:310 - Check plugin ddr
2025-04-13 17:23:03,909 [INFO] PluginManage:359 - Loaded plugin ddr (category:tool,tabindex:6)
2025-04-13 17:23:03,911 [INFO] PluginManage:310 - Check plugin filemanager
2025-04-13 17:23:04,137 [INFO] PluginManage:359 - Loaded plugin filemanager (category:base,tabindex:10)
2025-04-13 17:23:04,138 [INFO] PluginManage:310 - Check plugin ipmanager
2025-04-13 17:23:04,148 [INFO] PluginManage:359 - Loaded plugin ipmanager (category:base,tabindex:5)
2025-04-13 17:23:04,148 [INFO] PluginManage:310 - Check plugin lpbam
2025-04-13 17:23:04,176 [INFO] PluginManage:359 - Loaded plugin lpbam (category:base,tabindex:0)
2025-04-13 17:23:04,176 [INFO] PluginManage:310 - Check plugin memorymap
2025-04-13 17:23:04,207 [INFO] PluginManage:359 - Loaded plugin memorymap (category:base,tabindex:4)
2025-04-13 17:23:04,207 [INFO] PluginManage:310 - Check plugin pinoutandconfiguration
2025-04-13 17:23:04,235 [INFO] PluginManage:359 - Loaded plugin pinoutandconfiguration (category:base,tabindex:1)
2025-04-13 17:23:04,237 [INFO] PluginManage:310 - Check plugin pinoutconfig
2025-04-13 17:23:04,367 [WARN] SupportedApi:132 - Cannot load RTOS API schema: s4s-elt-must-match.1: The content of 'definitions' must match (annotation?, (simpleType | complexType)?, (unique | key | keyref)*)). A problem was found starting at: attribute.
2025-04-13 17:23:04,556 [INFO] PluginManage:359 - Loaded plugin pinoutconfig (category:base,tabindex:0)
2025-04-13 17:23:04,556 [INFO] PluginManage:310 - Check plugin power
2025-04-13 17:23:04,588 [INFO] PluginManage:359 - Loaded plugin power (category:power,tabindex:4)
2025-04-13 17:23:04,588 [INFO] PluginManage:310 - Check plugin projectmanager
2025-04-13 17:23:04,611 [INFO] PluginManage:359 - Loaded plugin projectmanager (category:projectmanager,tabindex:4)
2025-04-13 17:23:04,611 [INFO] PluginManage:310 - Check plugin rif
2025-04-13 17:23:04,643 [INFO] PluginManage:359 - Loaded plugin rif (category:base,tabindex:3)
2025-04-13 17:23:04,643 [INFO] PluginManage:310 - Check plugin thirdparty
2025-04-13 17:23:05,071 [INFO] PluginManage:359 - Loaded plugin thirdparty (category:base,tabindex:-1)
2025-04-13 17:23:05,071 [WARN] IntegrityCheckThread:84 - waiting for thirdparty lock release [integrity check]
2025-04-13 17:23:05,071 [INFO] PluginManage:310 - Check plugin tools
2025-04-13 17:23:05,071 [INFO] IntegrityCheckThread:86 - entering critical section [integrity check]
2025-04-13 17:23:05,072 [INFO] ThirdPartyUpdaterWithRetryManager:70 - Updater plugin not ready yet. [1/15]
2025-04-13 17:23:05,134 [INFO] PluginManage:359 - Loaded plugin tools (category:base,tabindex:7)
2025-04-13 17:23:05,135 [INFO] PluginManage:310 - Check plugin tutovideos
2025-04-13 17:23:05,339 [INFO] PluginManage:359 - Loaded plugin tutovideos (category:base,tabindex:-1)
2025-04-13 17:23:05,339 [INFO] PluginManage:310 - Check plugin updater
2025-04-13 17:23:05,363 [INFO] PluginManage:359 - Loaded plugin updater (category:base,tabindex:12)
2025-04-13 17:23:05,363 [INFO] PluginManage:310 - Check plugin userauth
2025-04-13 17:23:05,367 [INFO] UserAuth:118 - Init User Auth plugin
2025-04-13 17:23:05,368 [INFO] PluginManage:359 - Loaded plugin userauth (category:base,tabindex:14)
2025-04-13 17:23:05,369 [INFO] PluginManage:283 - PluginManage : Loaded plugins [18]
2025-04-13 17:23:05,603 [INFO] PinOutPanel:1589 - setPackage(No Configuration,No Configuration)
2025-04-13 17:23:05,710 [INFO] CADModel:165 - CPN selected for project level
2025-04-13 17:23:05,710 [INFO] CADModel:114 - Register for checkConnection events
2025-04-13 17:23:05,747 [INFO] IPUIPlugin:80 - create IPUIPlugin
2025-04-13 17:23:05,747 [INFO] PluginManager:220 - loadIPPluginJar : add adc
2025-04-13 17:23:05,813 [INFO] IPUIPlugin:80 - create IPUIPlugin
2025-04-13 17:23:05,813 [INFO] PluginManager:220 - loadIPPluginJar : add aes
2025-04-13 17:23:05,891 [INFO] IPUIPlugin:80 - create IPUIPlugin
2025-04-13 17:23:05,891 [INFO] PluginManager:220 - loadIPPluginJar : add can
2025-04-13 17:23:05,940 [INFO] IPUIPlugin:80 - create IPUIPlugin
2025-04-13 17:23:05,940 [INFO] PluginManager:220 - loadIPPluginJar : add comp
2025-04-13 17:23:06,016 [INFO] IPUIPlugin:80 - create IPUIPlugin
2025-04-13 17:23:06,016 [INFO] PluginManager:220 - loadIPPluginJar : add cryp
2025-04-13 17:23:06,035 [INFO] IPUIPlugin:80 - create IPUIPlugin
2025-04-13 17:23:06,035 [INFO] PluginManager:220 - loadIPPluginJar : add ddr_ctrl_phy
2025-04-13 17:23:06,090 [INFO] IPUIPlugin:80 - create IPUIPlugin
2025-04-13 17:23:06,090 [INFO] PluginManager:220 - loadIPPluginJar : add dfsdm
2025-04-13 17:23:06,111 [INFO] IPUIPlugin:80 - create IPUIPlugin
2025-04-13 17:23:06,112 [INFO] PluginManager:220 - loadIPPluginJar : add dma
2025-04-13 17:23:06,185 [INFO] IPUIPlugin:80 - create IPUIPlugin
2025-04-13 17:23:06,185 [INFO] PluginManager:220 - loadIPPluginJar : add dma3
2025-04-13 17:23:06,265 [INFO] IPUIPlugin:80 - create IPUIPlugin
2025-04-13 17:23:06,265 [INFO] PluginManager:220 - loadIPPluginJar : add extmemmanager
2025-04-13 17:23:06,305 [INFO] IPUIPlugin:80 - create IPUIPlugin
2025-04-13 17:23:06,306 [INFO] PluginManager:220 - loadIPPluginJar : add fatfs
2025-04-13 17:23:06,389 [INFO] IPUIPlugin:80 - create IPUIPlugin
2025-04-13 17:23:06,389 [INFO] PluginManager:220 - loadIPPluginJar : add fmc
2025-04-13 17:23:06,410 [INFO] IPUIPlugin:80 - create IPUIPlugin
2025-04-13 17:23:06,410 [INFO] PluginManager:220 - loadIPPluginJar : add freertos
2025-04-13 17:23:06,448 [INFO] IPUIPlugin:80 - create IPUIPlugin
2025-04-13 17:23:06,448 [INFO] PluginManager:220 - loadIPPluginJar : add genericplugin
2025-04-13 17:23:06,624 [INFO] IPUIPlugin:80 - create IPUIPlugin
2025-04-13 17:23:06,624 [INFO] PluginManager:220 - loadIPPluginJar : add gfxmmu
2025-04-13 17:23:06,877 [INFO] IPUIPlugin:80 - create IPUIPlugin
2025-04-13 17:23:06,878 [INFO] PluginManager:220 - loadIPPluginJar : add gic
2025-04-13 17:23:06,897 [INFO] IPUIPlugin:80 - create IPUIPlugin
2025-04-13 17:23:06,898 [INFO] PluginManager:220 - loadIPPluginJar : add gpio
2025-04-13 17:23:07,058 [INFO] IPUIPlugin:80 - create IPUIPlugin
2025-04-13 17:23:07,059 [INFO] PluginManager:220 - loadIPPluginJar : add gtzc
2025-04-13 17:23:07,120 [INFO] IPUIPlugin:80 - create IPUIPlugin
2025-04-13 17:23:07,120 [INFO] PluginManager:220 - loadIPPluginJar : add hash
2025-04-13 17:23:07,219 [INFO] IPUIPlugin:80 - create IPUIPlugin
2025-04-13 17:23:07,219 [INFO] PluginManager:220 - loadIPPluginJar : add i2c
2025-04-13 17:23:07,288 [INFO] IPUIPlugin:80 - create IPUIPlugin
2025-04-13 17:23:07,288 [INFO] PluginManager:220 - loadIPPluginJar : add i2s
2025-04-13 17:23:07,362 [INFO] IPUIPlugin:80 - create IPUIPlugin
2025-04-13 17:23:07,362 [INFO] PluginManager:220 - loadIPPluginJar : add i3c
2025-04-13 17:23:07,527 [INFO] IPUIPlugin:80 - create IPUIPlugin
2025-04-13 17:23:07,527 [INFO] PluginManager:220 - loadIPPluginJar : add ipddr
2025-04-13 17:23:07,749 [INFO] IPUIPlugin:80 - create IPUIPlugin
2025-04-13 17:23:07,750 [INFO] PluginManager:220 - loadIPPluginJar : add linkedlist
2025-04-13 17:23:07,820 [INFO] IPUIPlugin:80 - create IPUIPlugin
2025-04-13 17:23:07,820 [INFO] PluginManager:220 - loadIPPluginJar : add lorawan
2025-04-13 17:23:07,882 [INFO] IPUIPlugin:80 - create IPUIPlugin
2025-04-13 17:23:07,882 [INFO] PluginManager:220 - loadIPPluginJar : add ltdc
2025-04-13 17:23:07,902 [INFO] IPUIPlugin:80 - create IPUIPlugin
2025-04-13 17:23:07,902 [INFO] PluginManager:220 - loadIPPluginJar : add mdma
2025-04-13 17:23:07,923 [INFO] IPUIPlugin:80 - create IPUIPlugin
2025-04-13 17:23:07,923 [INFO] PluginManager:220 - loadIPPluginJar : add nvic
2025-04-13 17:23:07,987 [INFO] IPUIPlugin:80 - create IPUIPlugin
2025-04-13 17:23:07,987 [INFO] PluginManager:220 - loadIPPluginJar : add opamp
2025-04-13 17:23:08,073 [INFO] ThirdPartyUpdaterWithRetryManager:70 - Updater plugin not ready yet. [2/15]
2025-04-13 17:23:08,098 [INFO] IPUIPlugin:80 - create IPUIPlugin
2025-04-13 17:23:08,098 [INFO] PluginManager:220 - loadIPPluginJar : add openamp
2025-04-13 17:23:08,175 [INFO] IPUIPlugin:80 - create IPUIPlugin
2025-04-13 17:23:08,176 [INFO] PluginManager:220 - loadIPPluginJar : add pdm2pcm
2025-04-13 17:23:08,196 [INFO] IPUIPlugin:80 - create IPUIPlugin
2025-04-13 17:23:08,198 [INFO] PluginManager:220 - loadIPPluginJar : add plateformsettings
2025-04-13 17:23:08,237 [INFO] IPUIPlugin:80 - create IPUIPlugin
2025-04-13 17:23:08,237 [INFO] PluginManager:220 - loadIPPluginJar : add quadspi
2025-04-13 17:23:08,283 [INFO] IPUIPlugin:80 - create IPUIPlugin
2025-04-13 17:23:08,284 [INFO] PluginManager:220 - loadIPPluginJar : add radio
2025-04-13 17:23:08,304 [INFO] IPUIPlugin:80 - create IPUIPlugin
2025-04-13 17:23:08,304 [INFO] PluginManager:220 - loadIPPluginJar : add resmgrutility
2025-04-13 17:23:08,388 [INFO] IPUIPlugin:80 - create IPUIPlugin
2025-04-13 17:23:08,389 [INFO] PluginManager:220 - loadIPPluginJar : add sai
2025-04-13 17:23:08,455 [INFO] IPUIPlugin:80 - create IPUIPlugin
2025-04-13 17:23:08,455 [INFO] PluginManager:220 - loadIPPluginJar : add spi
2025-04-13 17:23:08,569 [INFO] IPUIPlugin:80 - create IPUIPlugin
2025-04-13 17:23:08,569 [INFO] PluginManager:220 - loadIPPluginJar : add stm32_wpan
2025-04-13 17:23:08,613 [INFO] IPUIPlugin:80 - create IPUIPlugin
2025-04-13 17:23:08,613 [INFO] PluginManager:220 - loadIPPluginJar : add tim
2025-04-13 17:23:08,714 [INFO] IPUIPlugin:80 - create IPUIPlugin
2025-04-13 17:23:08,714 [INFO] PluginManager:220 - loadIPPluginJar : add touchsensing
2025-04-13 17:23:08,755 [INFO] IPUIPlugin:80 - create IPUIPlugin
2025-04-13 17:23:08,755 [INFO] PluginManager:220 - loadIPPluginJar : add tracer_emb
2025-04-13 17:23:08,796 [INFO] IPUIPlugin:80 - create IPUIPlugin
2025-04-13 17:23:08,796 [INFO] PluginManager:220 - loadIPPluginJar : add ts
2025-04-13 17:23:08,835 [INFO] IPUIPlugin:80 - create IPUIPlugin
2025-04-13 17:23:08,835 [INFO] PluginManager:220 - loadIPPluginJar : add tsc
2025-04-13 17:23:08,874 [INFO] IPUIPlugin:80 - create IPUIPlugin
2025-04-13 17:23:08,874 [INFO] PluginManager:220 - loadIPPluginJar : add ucpd
2025-04-13 17:23:08,947 [INFO] IPUIPlugin:80 - create IPUIPlugin
2025-04-13 17:23:08,947 [INFO] PluginManager:220 - loadIPPluginJar : add usart
2025-04-13 17:23:09,022 [INFO] IPUIPlugin:80 - create IPUIPlugin
2025-04-13 17:23:09,022 [INFO] PluginManager:220 - loadIPPluginJar : add usbx
2025-04-13 17:23:09,158 [FATAL] Updater:351 - Updater called before beeing initialized
2025-04-13 17:23:09,188 [INFO] RulesReader:64 - Compatibility file has been processed (297 Rules)
2025-04-13 17:23:09,202 [INFO] RulesReader:64 - Compatibility file has been processed (297 Rules)
2025-04-13 17:23:09,212 [INFO] CADModel:165 - CPN selected for project level
2025-04-13 17:23:09,212 [INFO] CADModel:114 - Register for checkConnection events
2025-04-13 17:23:09,212 [FATAL] Updater:351 - Updater called before beeing initialized
2025-04-13 17:23:09,212 [ERROR] CADModel:125 - Updater not yet initialized, retry later 
2025-04-13 17:23:09,379 [FATAL] Updater:351 - Updater called before beeing initialized
2025-04-13 17:23:09,380 [INFO] CADModel:165 - CPN selected for project level
2025-04-13 17:23:09,381 [INFO] CADModel:114 - Register for checkConnection events
2025-04-13 17:23:09,381 [FATAL] Updater:351 - Updater called before beeing initialized
2025-04-13 17:23:09,381 [ERROR] CADModel:125 - Updater not yet initialized, retry later 
2025-04-13 17:23:09,385 [FATAL] Updater:351 - Updater called before beeing initialized
2025-04-13 17:23:09,530 [FATAL] Updater:351 - Updater called before beeing initialized
2025-04-13 17:23:09,545 [INFO] DbMcusAds:53 - JSON generation date=Thu Mar 06 21:54:22 ICT 2025 (1741272862204)
2025-04-13 17:23:09,545 [FATAL] Updater:351 - Updater called before beeing initialized
2025-04-13 17:23:09,592 [WARN] DetailPanel:346 - Failed to get advertising image, set to default
2025-04-13 17:23:09,958 [FATAL] Updater:351 - Updater called before beeing initialized
2025-04-13 17:23:09,961 [FATAL] Updater:351 - Updater called before beeing initialized
2025-04-13 17:23:09,962 [FATAL] Updater:351 - Updater called before beeing initialized
2025-04-13 17:23:09,962 [WARN] DetailPanel:346 - Failed to get advertising image, set to default
2025-04-13 17:23:09,964 [FATAL] Updater:351 - Updater called before beeing initialized
2025-04-13 17:23:10,054 [ERROR] Updater:1198 - MainUpdater not yet initialized. External WinMGr cannot be set.
2025-04-13 17:23:10,074 [INFO] Updater:1134 - Updater Version found : 6.13.0
2025-04-13 17:23:10,099 [INFO] ApplicationProperties:184 - Using Application install path: C:\ST\STM32CubeIDE_1.17.0\STM32CubeIDE\plugins\com.st.stm32cube.common.mx_6.13.0.202411220809
2025-04-13 17:23:11,073 [INFO] ThirdPartyUpdaterWithRetryManager:70 - Updater plugin not ready yet. [3/15]
2025-04-13 17:23:11,688 [ERROR] LogOutputStream:75 - [STDERR_REDIRECT] Apr 13, 2025 5:23:11 PM java.util.prefs.WindowsPreferences <init>
2025-04-13 17:23:11,691 [ERROR] LogOutputStream:75 - [STDERR_REDIRECT] WARNING: Could not open/create prefs root node Software\JavaSoft\Prefs at root 0xffffffff80000002. Windows RegCreateKeyEx(...) returned error code 5.
2025-04-13 17:23:11,692 [ERROR] LogOutputStream:75 - [STDERR_REDIRECT] 
2025-04-13 17:23:12,128 [INFO] MainUpdater:2872 - connection check result : 10
2025-04-13 17:23:12,129 [INFO] MainUpdater:289 - Updater Check For Update Now.
2025-04-13 17:23:12,129 [INFO] MicroXplorer:498 - Change Database Version : DB.6.0.130
2025-04-13 17:23:12,159 [INFO] McuFinderGlobals:63 - Set McuFinder mode to 2 (CubeIDE integrated)
2025-04-13 17:23:12,160 [INFO] UserAuth:171 - activating auth plugin
2025-04-13 17:23:12,164 [INFO] UserAuth:486 - Internet connection configuration mode: 1
2025-04-13 17:23:12,206 [INFO] JxBrowserEngine:152 - Initiate JxBrowser Engine with user profile folder
2025-04-13 17:23:12,415 [INFO] CheckServerUpdateThread:120 - End of CheckServer Thread
2025-04-13 17:23:13,342 [INFO] WebApp:168 - Instantiating new browser for Auth
2025-04-13 17:23:14,483 [INFO] WebApp:449 - Apply proxy settings
2025-04-13 17:23:14,484 [INFO] WebApp:534 - Chromium requires no authentication
2025-04-13 17:23:14,501 [INFO] WebApp:477 - Direct internet connection detected
2025-04-13 17:23:14,543 [INFO] WebApp:880 - Register for checkConnection events
2025-04-13 17:23:14,544 [INFO] WebApp:449 - Apply proxy settings
2025-04-13 17:23:14,544 [INFO] WebApp:534 - Chromium requires no authentication
2025-04-13 17:23:14,545 [INFO] WebApp:477 - Direct internet connection detected
2025-04-13 17:23:14,777 [WARN] PackLoader:240 - Cannot read IP mode file for STMicroelectronics.FP-SNS-MOTENVWB1.1.4.0
2025-04-13 17:23:14,781 [INFO] WebApp:187 - Connection restablished
2025-04-13 17:23:14,818 [WARN] PackLoader:240 - Cannot read IP mode file for STMicroelectronics.FP-ATR-ASTRA1.2.0.2
2025-04-13 17:23:14,857 [WARN] PackLoader:240 - Cannot read IP mode file for STMicroelectronics.FP-ATR-ASTRA1.2.0.1
2025-04-13 17:23:14,900 [INFO] WebApp:221 - Starting web application
2025-04-13 17:23:14,900 [INFO] WebApp:579 - Web application path used C:\ST\STM32CubeIDE_1.17.0\STM32CubeIDE\plugins\com.st.stm32cube.common.mx_6.13.0.202411220809\db\plugins\mcufinder\reactClient1\index.html
2025-04-13 17:23:14,942 [WARN] PackLoader:240 - Cannot read IP mode file for STMicroelectronics.X-CUBE-SMBUS.2.1.0
2025-04-13 17:23:15,031 [WARN] PackLoader:240 - Cannot read IP mode file for STMicroelectronics.X-CUBE-WB05N.1.1.0
2025-04-13 17:23:15,455 [WARN] PackLoader:240 - Cannot read IP mode file for STMicroelectronics.X-CUBE-AZRTOS-F7.1.1.0
2025-04-13 17:23:15,589 [WARN] PackLoader:240 - Cannot read IP mode file for STMicroelectronics.FP-SNS-FLIGHT1.5.0.2
2025-04-13 17:23:15,686 [ERROR] LogOutputStream:75 - [STDERR_REDIRECT] [Fatal Error] :1:1: Premature end of file.
2025-04-13 17:23:15,687 [ERROR] LogOutputStream:75 - [STDERR_REDIRECT] 
2025-04-13 17:23:15,870 [WARN] PackLoader:240 - Cannot read IP mode file for Infineon.AIROC-Wi-Fi-Bluetooth-STM32.1.7.0
2025-04-13 17:23:15,976 [WARN] PackLoader:240 - Cannot read IP mode file for STMicroelectronics.X-CUBE-DISPLAY.3.0.0
2025-04-13 17:23:16,022 [WARN] PackLoader:240 - Cannot read IP mode file for STMicroelectronics.X-CUBE-BLE1.7.0.0
2025-04-13 17:23:16,056 [WARN] PackLoader:240 - Cannot read IP mode file for STMicroelectronics.X-CUBE-NFC10.1.0.0
2025-04-13 17:23:16,099 [WARN] PackLoader:240 - Cannot read IP mode file for STMicroelectronics.X-CUBE-BLEMGR.4.0.0
2025-04-13 17:23:16,152 [WARN] PackLoader:240 - Cannot read IP mode file for emotas.I-CUBE-CANOPEN.1.3.0
2025-04-13 17:23:16,196 [WARN] PackLoader:240 - Cannot read IP mode file for STMicroelectronics.X-CUBE-AI.10.0.0
2025-04-13 17:23:16,230 [WARN] PackLoader:240 - Cannot read IP mode file for STMicroelectronics.FP-SNS-SMARTAG2.1.2.0
2025-04-13 17:23:16,264 [WARN] PackLoader:240 - Cannot read IP mode file for STMicroelectronics.FP-SNS-FLIGHT1.5.1.0
2025-04-13 17:23:16,402 [WARN] PackLoader:240 - Cannot read IP mode file for STMicroelectronics.X-CUBE-MEMS1.11.1.0
2025-04-13 17:23:16,496 [ERROR] LogOutputStream:75 - [STDERR_REDIRECT] [Fatal Error] :1:1: Premature end of file.
2025-04-13 17:23:16,497 [ERROR] LogOutputStream:75 - [STDERR_REDIRECT] 
2025-04-13 17:23:16,742 [INFO] LogOutputStream:77 - [STDOUT_REDIRECT] 1 : Invalid condition id : UX_CORESTACK_Condition cause : null
2025-04-13 17:23:16,757 [INFO] LogOutputStream:77 - [STDOUT_REDIRECT] 1 : Invalid condition id : UX_CORESTACK_Condition cause : null
2025-04-13 17:23:16,759 [INFO] LogOutputStream:77 - [STDOUT_REDIRECT] 1 : Invalid condition id : UX_CORESTACK_Condition cause : null
2025-04-13 17:23:16,762 [INFO] LogOutputStream:77 - [STDOUT_REDIRECT] 1 : Invalid condition id : UX_CORESTACK_Condition cause : null
2025-04-13 17:23:16,763 [INFO] LogOutputStream:77 - [STDOUT_REDIRECT] 1 : Invalid condition id : UX_CORESTACK_Condition cause : null
2025-04-13 17:23:16,771 [WARN] PackLoader:240 - Cannot read IP mode file for STMicroelectronics.X-CUBE-AZRTOS-WL.2.0.0
2025-04-13 17:23:16,825 [WARN] PackLoader:240 - Cannot read IP mode file for STMicroelectronics.FP-SNS-MOTENV1.5.0.0
2025-04-13 17:23:16,882 [WARN] PackLoader:240 - Cannot read IP mode file for wolfSSL.I-CUBE-wolfMQTT.1.19.0
2025-04-13 17:23:16,915 [WARN] PackLoader:240 - Cannot read IP mode file for WES.I-CUBE-Cesium.1.3.0
2025-04-13 17:23:16,945 [WARN] PackLoader:240 - Cannot read IP mode file for STMicroelectronics.X-CUBE-BLE2.3.3.0
2025-04-13 17:23:16,969 [WARN] PackLoader:240 - Cannot read IP mode file for STMicroelectronics.X-CUBE-NFC9.1.0.0
2025-04-13 17:23:16,998 [WARN] PackLoader:240 - Cannot read IP mode file for STMicroelectronics.X-CUBE-BLE1.7.1.0
2025-04-13 17:23:17,078 [WARN] PackLoader:240 - Cannot read IP mode file for STMicroelectronics.X-CUBE-AZRTOS-G0.1.1.0
2025-04-13 17:23:17,143 [WARN] PackLoader:240 - Cannot read IP mode file for STMicroelectronics.X-CUBE-SAFEA1.1.2.2
2025-04-13 17:23:17,179 [WARN] PackLoader:240 - Cannot read IP mode file for STMicroelectronics.X-CUBE-NFC4.3.0.0
2025-04-13 17:23:17,211 [WARN] PackLoader:240 - Cannot read IP mode file for EmbeddedOffice.I-CUBE-FS-RTOS.1.0.1
2025-04-13 17:23:17,239 [WARN] PackLoader:240 - Cannot read IP mode file for STMicroelectronics.X-CUBE-TCPP.4.2.0
2025-04-13 17:23:17,268 [WARN] PackLoader:240 - Cannot read IP mode file for RealThread.X-CUBE-RT-Thread_Nano.4.1.1
2025-04-13 17:23:17,293 [WARN] PackLoader:240 - Cannot read IP mode file for STMicroelectronics.FP-ATR-SIGFOX1.3.2.0
2025-04-13 17:23:17,318 [WARN] ConditionMgr:438 - getConditionDescription Invalid condition id : Cortex-A Device cause : null
2025-04-13 17:23:17,352 [WARN] ConditionMgr:1044 - genDependencies : Invalid condition id : Cortex-A Device cause : null
2025-04-13 17:23:17,352 [WARN] ConditionMgr:1044 - genDependencies : Invalid condition id : Cortex-A Device cause : null
2025-04-13 17:23:17,352 [WARN] ConditionMgr:1044 - genDependencies : Invalid condition id : Cortex-A Device cause : null
2025-04-13 17:23:17,375 [WARN] PackLoader:240 - Cannot read IP mode file for STMicroelectronics.X-CUBE-EEPRMA1.5.1.0
2025-04-13 17:23:17,397 [WARN] PackLoader:240 - Cannot read IP mode file for wolfSSL.I-CUBE-wolfSSL.5.7.6
2025-04-13 17:23:17,419 [WARN] PackLoader:240 - Cannot read IP mode file for ITTIA_DB.I-CUBE-ITTIADB.8.9.0
2025-04-13 17:23:17,470 [WARN] PackLoader:240 - Cannot read IP mode file for SEGGER.I-CUBE-embOS.1.3.1
2025-04-13 17:23:17,489 [ERROR] LogOutputStream:75 - [STDERR_REDIRECT] [Fatal Error] :1:1: Premature end of file.
2025-04-13 17:23:17,490 [ERROR] LogOutputStream:75 - [STDERR_REDIRECT] 
2025-04-13 17:23:17,531 [WARN] PackLoader:240 - Cannot read IP mode file for STMicroelectronics.X-CUBE-ALGOBUILD.1.4.0
2025-04-13 17:23:17,582 [WARN] PackLoader:240 - Cannot read IP mode file for STMicroelectronics.X-CUBE-AZRTOS-F4.1.1.0
2025-04-13 17:23:17,610 [WARN] PackLoader:240 - Cannot read IP mode file for STMicroelectronics.X-CUBE-ISPU.2.1.0
2025-04-13 17:23:17,650 [WARN] PackLoader:240 - Cannot read IP mode file for STMicroelectronics.X-CUBE-AZRTOS-L5.2.0.0
2025-04-13 17:23:17,675 [WARN] PackLoader:240 - Cannot read IP mode file for STMicroelectronics.X-CUBE-NFC6.3.1.0
2025-04-13 17:23:17,697 [WARN] PackLoader:240 - Cannot read IP mode file for STMicroelectronics.X-CUBE-DPower.1.2.0
2025-04-13 17:23:17,720 [WARN] PackLoader:240 - Cannot read IP mode file for STMicroelectronics.X-CUBE-FREERTOS.1.3.0
2025-04-13 17:23:17,742 [WARN] PackLoader:240 - Cannot read IP mode file for STMicroelectronics.X-CUBE-NFC7.1.0.1
2025-04-13 17:23:17,763 [WARN] PackLoader:240 - Cannot read IP mode file for STMicroelectronics.X-CUBE-DPower.1.3.0
2025-04-13 17:23:17,821 [WARN] ConditionMgr:438 - getConditionDescription Invalid condition id : LAN8742 Phy interface Condition cause : null
2025-04-13 17:23:17,823 [WARN] PackLoader:240 - Cannot read IP mode file for STMicroelectronics.X-CUBE-AZRTOS-L4.2.0.0
2025-04-13 17:23:17,825 [WARN] ConditionMgr:1044 - genDependencies : Invalid condition id : LAN8742 Phy interface Condition cause : null
2025-04-13 17:23:17,825 [WARN] ConditionMgr:1044 - genDependencies : Invalid condition id : LAN8742 Phy interface Condition cause : null
2025-04-13 17:23:17,826 [WARN] ConditionMgr:1044 - genDependencies : Invalid condition id : LAN8742 Phy interface Condition cause : null
2025-04-13 17:23:17,868 [WARN] PackLoader:240 - Cannot read IP mode file for STMicroelectronics.X-CUBE-SFXS2LP1.4.0.0
2025-04-13 17:23:17,928 [WARN] PackLoader:240 - Cannot read IP mode file for STMicroelectronics.X-CUBE-AZRTOS-H7.3.3.0
2025-04-13 17:23:17,973 [WARN] ConditionMgr:438 - getConditionDescription Invalid condition id : UX DEVICE CLASS RTOS Condition cause : null
2025-04-13 17:23:17,973 [WARN] ConditionMgr:438 - getConditionDescription Invalid condition id : UX DEVICE CLASS RTOS Condition cause : null
2025-04-13 17:23:17,977 [WARN] PackLoader:240 - Cannot read IP mode file for STMicroelectronics.X-CUBE-AZRTOS-WB.2.0.0
2025-04-13 17:23:17,977 [WARN] ConditionMgr:1044 - genDependencies : Invalid condition id : UX DEVICE CLASS RTOS Condition cause : null
2025-04-13 17:23:17,977 [WARN] ConditionMgr:1044 - genDependencies : Invalid condition id : UX DEVICE CLASS RTOS Condition cause : null
2025-04-13 17:23:17,978 [WARN] ConditionMgr:1044 - genDependencies : Invalid condition id : UX DEVICE CLASS RTOS Condition cause : null
2025-04-13 17:23:17,978 [WARN] ConditionMgr:1044 - genDependencies : Invalid condition id : UX DEVICE CLASS RTOS Condition cause : null
2025-04-13 17:23:17,978 [WARN] ConditionMgr:1044 - genDependencies : Invalid condition id : UX DEVICE CLASS RTOS Condition cause : null
2025-04-13 17:23:18,005 [WARN] PackLoader:240 - Cannot read IP mode file for STMicroelectronics.X-CUBE-GNSS1.7.0.1
2025-04-13 17:23:18,034 [WARN] PackLoader:240 - Cannot read IP mode file for STMicroelectronics.X-CUBE-TOUCHGFX.4.25.0
2025-04-13 17:23:18,058 [WARN] PackLoader:240 - Cannot read IP mode file for STMicroelectronics.FP-SNS-STBOX1.2.0.0
2025-04-13 17:23:18,090 [WARN] PackLoader:240 - Cannot read IP mode file for STMicroelectronics.X-CUBE-SUBG2.5.0.0
2025-04-13 17:23:18,142 [WARN] PackLoader:240 - Cannot read IP mode file for STMicroelectronics.X-CUBE-AZRTOS-H7RS.1.1.0
2025-04-13 17:23:18,179 [WARN] PackLoader:240 - Cannot read IP mode file for Cesanta.I-CUBE-Mongoose.7.13.0
2025-04-13 17:23:18,216 [WARN] PackLoader:240 - Cannot read IP mode file for STMicroelectronics.X-CUBE-AZRTOS-G4.2.0.0
2025-04-13 17:23:18,256 [WARN] PackLoader:240 - Cannot read IP mode file for STMicroelectronics.X-CUBE-IPS.3.1.0
2025-04-13 17:23:18,292 [WARN] PackLoader:240 - Cannot read IP mode file for STMicroelectronics.X-CUBE-ALS.1.0.2
2025-04-13 17:23:18,316 [WARN] PackLoader:240 - Cannot read IP mode file for STMicroelectronics.X-CUBE-TOUCHGFX.4.24.2
2025-04-13 17:23:18,341 [WARN] PackLoader:240 - Cannot read IP mode file for wolfSSL.I-CUBE-wolfTPM.3.4.0
2025-04-13 17:23:18,369 [WARN] PackLoader:240 - Cannot read IP mode file for portGmbH.I-Cube-SoM-uGOAL.1.1.0
2025-04-13 17:23:18,411 [WARN] PackLoader:240 - Cannot read IP mode file for STMicroelectronics.X-CUBE-AZRTOS-H7RS.1.0.0
2025-04-13 17:23:18,452 [WARN] PackLoader:240 - Cannot read IP mode file for STMicroelectronics.X-CUBE-TOF1.3.4.2
2025-04-13 17:23:18,487 [ERROR] LogOutputStream:75 - [STDERR_REDIRECT] [Fatal Error] :1:1: Premature end of file.
2025-04-13 17:23:18,488 [ERROR] LogOutputStream:75 - [STDERR_REDIRECT] 
2025-04-13 17:23:18,491 [WARN] PackLoader:240 - Cannot read IP mode file for wolfSSL.I-CUBE-wolfSSH.1.4.17
2025-04-13 17:23:18,492 [INFO] ThirdParty:978 - Integrity check success = true
2025-04-13 17:23:18,492 [INFO] IntegrityCheckThread:100 - exiting critical section [integrity check]
2025-04-13 17:23:18,492 [INFO] IntegrityCheckThread:103 - End integrity checks thread
2025-04-13 17:23:19,467 [ERROR] LogOutputStream:75 - [STDERR_REDIRECT] [Fatal Error] :1:1: Premature end of file.
2025-04-13 17:23:19,467 [ERROR] LogOutputStream:75 - [STDERR_REDIRECT] 
2025-04-13 17:23:20,467 [ERROR] LogOutputStream:75 - [STDERR_REDIRECT] [Fatal Error] :1:1: Premature end of file.
2025-04-13 17:23:20,467 [ERROR] LogOutputStream:75 - [STDERR_REDIRECT] 
2025-04-13 17:23:21,467 [ERROR] LogOutputStream:75 - [STDERR_REDIRECT] [Fatal Error] :1:1: Premature end of file.
2025-04-13 17:23:21,467 [ERROR] LogOutputStream:75 - [STDERR_REDIRECT] 
2025-04-13 17:23:22,467 [ERROR] LogOutputStream:75 - [STDERR_REDIRECT] [Fatal Error] :1:1: Premature end of file.
2025-04-13 17:23:22,467 [ERROR] LogOutputStream:75 - [STDERR_REDIRECT] 
2025-04-13 17:23:23,467 [ERROR] LogOutputStream:75 - [STDERR_REDIRECT] [Fatal Error] :1:1: Premature end of file.
2025-04-13 17:23:23,468 [ERROR] LogOutputStream:75 - [STDERR_REDIRECT] 
2025-04-13 17:23:24,469 [ERROR] LogOutputStream:75 - [STDERR_REDIRECT] [Fatal Error] :1:1: Premature end of file.
2025-04-13 17:23:24,470 [ERROR] LogOutputStream:75 - [STDERR_REDIRECT] 
2025-04-13 17:23:25,466 [ERROR] LogOutputStream:75 - [STDERR_REDIRECT] [Fatal Error] :1:1: Premature end of file.
2025-04-13 17:23:25,466 [ERROR] LogOutputStream:75 - [STDERR_REDIRECT] 
2025-04-13 17:23:26,467 [ERROR] LogOutputStream:75 - [STDERR_REDIRECT] [Fatal Error] :1:1: Premature end of file.
2025-04-13 17:23:26,467 [ERROR] LogOutputStream:75 - [STDERR_REDIRECT] 
2025-04-13 17:23:27,467 [ERROR] LogOutputStream:75 - [STDERR_REDIRECT] [Fatal Error] :1:1: Premature end of file.
2025-04-13 17:23:27,467 [ERROR] LogOutputStream:75 - [STDERR_REDIRECT] 
2025-04-13 17:23:28,470 [ERROR] LogOutputStream:75 - [STDERR_REDIRECT] [Fatal Error] :1:1: Premature end of file.
2025-04-13 17:23:28,470 [ERROR] LogOutputStream:75 - [STDERR_REDIRECT] 
2025-04-13 17:23:29,469 [ERROR] LogOutputStream:75 - [STDERR_REDIRECT] [Fatal Error] :1:1: Premature end of file.
2025-04-13 17:23:29,470 [ERROR] LogOutputStream:75 - [STDERR_REDIRECT] 
2025-04-13 17:23:30,469 [ERROR] LogOutputStream:75 - [STDERR_REDIRECT] [Fatal Error] :1:1: Premature end of file.
2025-04-13 17:23:30,469 [ERROR] LogOutputStream:75 - [STDERR_REDIRECT] 
2025-04-13 17:23:31,471 [ERROR] LogOutputStream:75 - [STDERR_REDIRECT] [Fatal Error] :1:1: Premature end of file.
2025-04-13 17:23:31,471 [ERROR] LogOutputStream:75 - [STDERR_REDIRECT] 
2025-04-13 17:23:32,470 [ERROR] LogOutputStream:75 - [STDERR_REDIRECT] [Fatal Error] :1:1: Premature end of file.
2025-04-13 17:23:32,470 [ERROR] LogOutputStream:75 - [STDERR_REDIRECT] 
2025-04-13 17:23:33,505 [ERROR] LogOutputStream:75 - [STDERR_REDIRECT] [Fatal Error] :1:1: Premature end of file.
2025-04-13 17:23:33,505 [ERROR] LogOutputStream:75 - [STDERR_REDIRECT] 
2025-04-13 17:23:34,468 [ERROR] LogOutputStream:75 - [STDERR_REDIRECT] [Fatal Error] :1:1: Premature end of file.
2025-04-13 17:23:34,468 [ERROR] LogOutputStream:75 - [STDERR_REDIRECT] 
2025-04-13 17:23:35,472 [ERROR] LogOutputStream:75 - [STDERR_REDIRECT] [Fatal Error] :1:1: Premature end of file.
2025-04-13 17:23:35,472 [ERROR] LogOutputStream:75 - [STDERR_REDIRECT] 
2025-04-13 17:23:36,470 [ERROR] LogOutputStream:75 - [STDERR_REDIRECT] [Fatal Error] :1:1: Premature end of file.
2025-04-13 17:23:36,470 [ERROR] LogOutputStream:75 - [STDERR_REDIRECT] 
2025-04-13 17:23:37,471 [ERROR] LogOutputStream:75 - [STDERR_REDIRECT] [Fatal Error] :1:1: Premature end of file.
2025-04-13 17:23:37,471 [ERROR] LogOutputStream:75 - [STDERR_REDIRECT] 
2025-04-13 17:23:38,471 [ERROR] LogOutputStream:75 - [STDERR_REDIRECT] [Fatal Error] :1:1: Premature end of file.
2025-04-13 17:23:38,471 [ERROR] LogOutputStream:75 - [STDERR_REDIRECT] 
2025-04-13 17:23:39,469 [ERROR] LogOutputStream:75 - [STDERR_REDIRECT] [Fatal Error] :1:1: Premature end of file.
2025-04-13 17:23:39,469 [ERROR] LogOutputStream:75 - [STDERR_REDIRECT] 
2025-04-13 17:23:40,468 [ERROR] LogOutputStream:75 - [STDERR_REDIRECT] [Fatal Error] :1:1: Premature end of file.
2025-04-13 17:23:40,468 [ERROR] LogOutputStream:75 - [STDERR_REDIRECT] 
2025-04-13 17:23:41,471 [ERROR] LogOutputStream:75 - [STDERR_REDIRECT] [Fatal Error] :1:1: Premature end of file.
2025-04-13 17:23:41,471 [ERROR] LogOutputStream:75 - [STDERR_REDIRECT] 
2025-04-13 17:23:42,469 [ERROR] LogOutputStream:75 - [STDERR_REDIRECT] [Fatal Error] :1:1: Premature end of file.
2025-04-13 17:23:42,469 [ERROR] LogOutputStream:75 - [STDERR_REDIRECT] 
2025-04-13 17:23:43,470 [ERROR] LogOutputStream:75 - [STDERR_REDIRECT] [Fatal Error] :1:1: Premature end of file.
2025-04-13 17:23:43,470 [ERROR] LogOutputStream:75 - [STDERR_REDIRECT] 
2025-04-13 17:23:44,467 [ERROR] LogOutputStream:75 - [STDERR_REDIRECT] [Fatal Error] :1:1: Premature end of file.
2025-04-13 17:23:44,467 [ERROR] LogOutputStream:75 - [STDERR_REDIRECT] 
2025-04-13 17:23:45,469 [ERROR] LogOutputStream:75 - [STDERR_REDIRECT] [Fatal Error] :1:1: Premature end of file.
2025-04-13 17:23:45,469 [ERROR] LogOutputStream:75 - [STDERR_REDIRECT] 
2025-04-13 17:23:46,469 [ERROR] LogOutputStream:75 - [STDERR_REDIRECT] [Fatal Error] :1:1: Premature end of file.
2025-04-13 17:23:46,469 [ERROR] LogOutputStream:75 - [STDERR_REDIRECT] 
2025-04-13 17:23:47,468 [ERROR] LogOutputStream:75 - [STDERR_REDIRECT] [Fatal Error] :1:1: Premature end of file.
2025-04-13 17:23:47,468 [ERROR] LogOutputStream:75 - [STDERR_REDIRECT] 
2025-04-13 17:23:48,476 [ERROR] LogOutputStream:75 - [STDERR_REDIRECT] [Fatal Error] :1:1: Premature end of file.
2025-04-13 17:23:48,476 [ERROR] LogOutputStream:75 - [STDERR_REDIRECT] 
2025-04-13 17:23:49,469 [ERROR] LogOutputStream:75 - [STDERR_REDIRECT] [Fatal Error] :1:1: Premature end of file.
2025-04-13 17:23:49,470 [ERROR] LogOutputStream:75 - [STDERR_REDIRECT] 
2025-04-13 17:23:50,472 [ERROR] LogOutputStream:75 - [STDERR_REDIRECT] [Fatal Error] :1:1: Premature end of file.
2025-04-13 17:23:50,474 [ERROR] LogOutputStream:75 - [STDERR_REDIRECT] 
2025-04-13 17:23:51,467 [ERROR] LogOutputStream:75 - [STDERR_REDIRECT] [Fatal Error] :1:1: Premature end of file.
2025-04-13 17:23:51,468 [ERROR] LogOutputStream:75 - [STDERR_REDIRECT] 
2025-04-13 17:23:52,469 [ERROR] LogOutputStream:75 - [STDERR_REDIRECT] [Fatal Error] :1:1: Premature end of file.
2025-04-13 17:23:52,470 [ERROR] LogOutputStream:75 - [STDERR_REDIRECT] 
2025-04-13 17:23:53,472 [ERROR] LogOutputStream:75 - [STDERR_REDIRECT] [Fatal Error] :1:1: Premature end of file.
2025-04-13 17:23:53,473 [ERROR] LogOutputStream:75 - [STDERR_REDIRECT] 
2025-04-13 17:23:54,474 [ERROR] LogOutputStream:75 - [STDERR_REDIRECT] [Fatal Error] :1:1: Premature end of file.
2025-04-13 17:23:54,474 [ERROR] LogOutputStream:75 - [STDERR_REDIRECT] 
2025-04-13 17:23:55,477 [ERROR] LogOutputStream:75 - [STDERR_REDIRECT] [Fatal Error] :1:1: Premature end of file.
2025-04-13 17:23:55,477 [ERROR] LogOutputStream:75 - [STDERR_REDIRECT] 
2025-04-13 17:23:56,494 [ERROR] LogOutputStream:75 - [STDERR_REDIRECT] [Fatal Error] :1:1: Premature end of file.
2025-04-13 17:23:56,494 [ERROR] LogOutputStream:75 - [STDERR_REDIRECT] 
2025-04-13 17:23:57,477 [ERROR] LogOutputStream:75 - [STDERR_REDIRECT] [Fatal Error] :1:1: Premature end of file.
2025-04-13 17:23:57,477 [ERROR] LogOutputStream:75 - [STDERR_REDIRECT] 
2025-04-13 17:23:58,480 [ERROR] LogOutputStream:75 - [STDERR_REDIRECT] [Fatal Error] :1:1: Premature end of file.
2025-04-13 17:23:58,480 [ERROR] LogOutputStream:75 - [STDERR_REDIRECT] 
2025-04-13 17:23:59,471 [ERROR] LogOutputStream:75 - [STDERR_REDIRECT] [Fatal Error] :1:1: Premature end of file.
2025-04-13 17:23:59,472 [ERROR] LogOutputStream:75 - [STDERR_REDIRECT] 
2025-04-13 17:24:00,500 [ERROR] LogOutputStream:75 - [STDERR_REDIRECT] [Fatal Error] :1:1: Premature end of file.
2025-04-13 17:24:00,500 [ERROR] LogOutputStream:75 - [STDERR_REDIRECT] 
2025-04-13 17:24:01,477 [ERROR] LogOutputStream:75 - [STDERR_REDIRECT] [Fatal Error] :1:1: Premature end of file.
2025-04-13 17:24:01,478 [ERROR] LogOutputStream:75 - [STDERR_REDIRECT] 
2025-04-13 17:24:02,479 [ERROR] LogOutputStream:75 - [STDERR_REDIRECT] [Fatal Error] :1:1: Premature end of file.
2025-04-13 17:24:02,479 [ERROR] LogOutputStream:75 - [STDERR_REDIRECT] 
2025-04-13 17:24:03,483 [ERROR] LogOutputStream:75 - [STDERR_REDIRECT] [Fatal Error] :1:1: Premature end of file.
2025-04-13 17:24:03,483 [ERROR] LogOutputStream:75 - [STDERR_REDIRECT] 
2025-04-13 17:24:04,495 [ERROR] LogOutputStream:75 - [STDERR_REDIRECT] [Fatal Error] :1:1: Premature end of file.
2025-04-13 17:24:04,496 [ERROR] LogOutputStream:75 - [STDERR_REDIRECT] 
2025-04-13 17:24:05,503 [ERROR] LogOutputStream:75 - [STDERR_REDIRECT] [Fatal Error] :1:1: Premature end of file.
2025-04-13 17:24:05,504 [ERROR] LogOutputStream:75 - [STDERR_REDIRECT] 
2025-04-13 17:24:06,512 [ERROR] LogOutputStream:75 - [STDERR_REDIRECT] [Fatal Error] :1:1: Premature end of file.
2025-04-13 17:24:06,513 [ERROR] LogOutputStream:75 - [STDERR_REDIRECT] 
2025-04-13 17:24:07,493 [ERROR] LogOutputStream:75 - [STDERR_REDIRECT] [Fatal Error] :1:1: Premature end of file.
2025-04-13 17:24:07,493 [ERROR] LogOutputStream:75 - [STDERR_REDIRECT] 
2025-04-13 17:24:08,470 [ERROR] LogOutputStream:75 - [STDERR_REDIRECT] [Fatal Error] :1:1: Premature end of file.
2025-04-13 17:24:08,470 [ERROR] LogOutputStream:75 - [STDERR_REDIRECT] 
2025-04-13 17:24:09,477 [ERROR] LogOutputStream:75 - [STDERR_REDIRECT] [Fatal Error] :1:1: Premature end of file.
2025-04-13 17:24:09,477 [ERROR] LogOutputStream:75 - [STDERR_REDIRECT] 
2025-04-13 17:24:10,488 [ERROR] LogOutputStream:75 - [STDERR_REDIRECT] [Fatal Error] :1:1: Premature end of file.
2025-04-13 17:24:10,488 [ERROR] LogOutputStream:75 - [STDERR_REDIRECT] 
2025-04-13 17:24:11,470 [ERROR] LogOutputStream:75 - [STDERR_REDIRECT] [Fatal Error] :1:1: Premature end of file.
2025-04-13 17:24:11,472 [ERROR] LogOutputStream:75 - [STDERR_REDIRECT] 
2025-04-13 17:24:12,490 [ERROR] LogOutputStream:75 - [STDERR_REDIRECT] [Fatal Error] :1:1: Premature end of file.
2025-04-13 17:24:12,491 [ERROR] LogOutputStream:75 - [STDERR_REDIRECT] 
2025-04-13 17:24:13,484 [ERROR] LogOutputStream:75 - [STDERR_REDIRECT] [Fatal Error] :1:1: Premature end of file.
2025-04-13 17:24:13,484 [ERROR] LogOutputStream:75 - [STDERR_REDIRECT] 
2025-04-13 17:24:14,470 [ERROR] LogOutputStream:75 - [STDERR_REDIRECT] [Fatal Error] :1:1: Premature end of file.
2025-04-13 17:24:14,470 [ERROR] LogOutputStream:75 - [STDERR_REDIRECT] 
2025-04-13 17:24:15,467 [ERROR] LogOutputStream:75 - [STDERR_REDIRECT] [Fatal Error] :1:1: Premature end of file.
2025-04-13 17:24:15,469 [ERROR] LogOutputStream:75 - [STDERR_REDIRECT] 
2025-04-13 17:24:16,467 [ERROR] LogOutputStream:75 - [STDERR_REDIRECT] [Fatal Error] :1:1: Premature end of file.
2025-04-13 17:24:16,467 [ERROR] LogOutputStream:75 - [STDERR_REDIRECT] 
2025-04-13 17:24:17,467 [ERROR] LogOutputStream:75 - [STDERR_REDIRECT] [Fatal Error] :1:1: Premature end of file.
2025-04-13 17:24:17,468 [ERROR] LogOutputStream:75 - [STDERR_REDIRECT] 
2025-04-13 17:24:18,484 [ERROR] LogOutputStream:75 - [STDERR_REDIRECT] [Fatal Error] :1:1: Premature end of file.
2025-04-13 17:24:18,484 [ERROR] LogOutputStream:75 - [STDERR_REDIRECT] 
2025-04-13 17:24:19,466 [ERROR] LogOutputStream:75 - [STDERR_REDIRECT] [Fatal Error] :1:1: Premature end of file.
2025-04-13 17:24:19,466 [ERROR] LogOutputStream:75 - [STDERR_REDIRECT] 
2025-04-13 17:24:20,469 [ERROR] LogOutputStream:75 - [STDERR_REDIRECT] [Fatal Error] :1:1: Premature end of file.
2025-04-13 17:24:20,469 [ERROR] LogOutputStream:75 - [STDERR_REDIRECT] 
2025-04-13 17:24:21,508 [ERROR] LogOutputStream:75 - [STDERR_REDIRECT] [Fatal Error] :1:1: Premature end of file.
2025-04-13 17:24:21,509 [ERROR] LogOutputStream:75 - [STDERR_REDIRECT] 
2025-04-13 17:24:22,470 [ERROR] LogOutputStream:75 - [STDERR_REDIRECT] [Fatal Error] :1:1: Premature end of file.
2025-04-13 17:24:22,470 [ERROR] LogOutputStream:75 - [STDERR_REDIRECT] 
2025-04-13 17:24:23,470 [ERROR] LogOutputStream:75 - [STDERR_REDIRECT] [Fatal Error] :1:1: Premature end of file.
2025-04-13 17:24:23,470 [ERROR] LogOutputStream:75 - [STDERR_REDIRECT] 
2025-04-13 17:24:24,471 [ERROR] LogOutputStream:75 - [STDERR_REDIRECT] [Fatal Error] :1:1: Premature end of file.
2025-04-13 17:24:24,471 [ERROR] LogOutputStream:75 - [STDERR_REDIRECT] 
2025-04-13 17:24:25,466 [ERROR] LogOutputStream:75 - [STDERR_REDIRECT] [Fatal Error] :1:1: Premature end of file.
2025-04-13 17:24:25,466 [ERROR] LogOutputStream:75 - [STDERR_REDIRECT] 
2025-04-13 17:24:26,471 [ERROR] LogOutputStream:75 - [STDERR_REDIRECT] [Fatal Error] :1:1: Premature end of file.
2025-04-13 17:24:26,471 [ERROR] LogOutputStream:75 - [STDERR_REDIRECT] 
2025-04-13 17:24:27,469 [ERROR] LogOutputStream:75 - [STDERR_REDIRECT] [Fatal Error] :1:1: Premature end of file.
2025-04-13 17:24:27,470 [ERROR] LogOutputStream:75 - [STDERR_REDIRECT] 
2025-04-13 17:24:28,472 [ERROR] LogOutputStream:75 - [STDERR_REDIRECT] [Fatal Error] :1:1: Premature end of file.
2025-04-13 17:24:28,472 [ERROR] LogOutputStream:75 - [STDERR_REDIRECT] 
2025-04-13 17:24:29,466 [ERROR] LogOutputStream:75 - [STDERR_REDIRECT] [Fatal Error] :1:1: Premature end of file.
2025-04-13 17:24:29,466 [ERROR] LogOutputStream:75 - [STDERR_REDIRECT] 
2025-04-13 17:24:30,467 [ERROR] LogOutputStream:75 - [STDERR_REDIRECT] [Fatal Error] :1:1: Premature end of file.
2025-04-13 17:24:30,467 [ERROR] LogOutputStream:75 - [STDERR_REDIRECT] 
2025-04-13 17:24:31,468 [ERROR] LogOutputStream:75 - [STDERR_REDIRECT] [Fatal Error] :1:1: Premature end of file.
2025-04-13 17:24:31,468 [ERROR] LogOutputStream:75 - [STDERR_REDIRECT] 
2025-04-13 17:24:32,470 [ERROR] LogOutputStream:75 - [STDERR_REDIRECT] [Fatal Error] :1:1: Premature end of file.
2025-04-13 17:24:32,470 [ERROR] LogOutputStream:75 - [STDERR_REDIRECT] 
2025-04-13 17:24:33,471 [ERROR] LogOutputStream:75 - [STDERR_REDIRECT] [Fatal Error] :1:1: Premature end of file.
2025-04-13 17:24:33,473 [ERROR] LogOutputStream:75 - [STDERR_REDIRECT] 
2025-04-13 17:24:34,468 [ERROR] LogOutputStream:75 - [STDERR_REDIRECT] [Fatal Error] :1:1: Premature end of file.
2025-04-13 17:24:34,468 [ERROR] LogOutputStream:75 - [STDERR_REDIRECT] 
2025-04-13 17:24:35,466 [ERROR] LogOutputStream:75 - [STDERR_REDIRECT] [Fatal Error] :1:1: Premature end of file.
2025-04-13 17:24:35,466 [ERROR] LogOutputStream:75 - [STDERR_REDIRECT] 
2025-04-13 17:24:36,467 [ERROR] LogOutputStream:75 - [STDERR_REDIRECT] [Fatal Error] :1:1: Premature end of file.
2025-04-13 17:24:36,467 [ERROR] LogOutputStream:75 - [STDERR_REDIRECT] 
2025-04-13 17:24:37,468 [ERROR] LogOutputStream:75 - [STDERR_REDIRECT] [Fatal Error] :1:1: Premature end of file.
2025-04-13 17:24:37,468 [ERROR] LogOutputStream:75 - [STDERR_REDIRECT] 
2025-04-13 17:24:38,467 [ERROR] LogOutputStream:75 - [STDERR_REDIRECT] [Fatal Error] :1:1: Premature end of file.
2025-04-13 17:24:38,468 [ERROR] LogOutputStream:75 - [STDERR_REDIRECT] 
2025-04-13 17:24:39,492 [ERROR] LogOutputStream:75 - [STDERR_REDIRECT] [Fatal Error] :1:1: Premature end of file.
2025-04-13 17:24:39,492 [ERROR] LogOutputStream:75 - [STDERR_REDIRECT] 
2025-04-13 17:24:40,470 [ERROR] LogOutputStream:75 - [STDERR_REDIRECT] [Fatal Error] :1:1: Premature end of file.
2025-04-13 17:24:40,470 [ERROR] LogOutputStream:75 - [STDERR_REDIRECT] 
2025-04-13 17:24:41,474 [ERROR] LogOutputStream:75 - [STDERR_REDIRECT] [Fatal Error] :1:1: Premature end of file.
2025-04-13 17:24:41,475 [ERROR] LogOutputStream:75 - [STDERR_REDIRECT] 
2025-04-13 17:24:42,468 [ERROR] LogOutputStream:75 - [STDERR_REDIRECT] [Fatal Error] :1:1: Premature end of file.
2025-04-13 17:24:42,469 [ERROR] LogOutputStream:75 - [STDERR_REDIRECT] 
2025-04-13 17:24:43,467 [ERROR] LogOutputStream:75 - [STDERR_REDIRECT] [Fatal Error] :1:1: Premature end of file.
2025-04-13 17:24:43,467 [ERROR] LogOutputStream:75 - [STDERR_REDIRECT] 
2025-04-13 17:24:44,467 [ERROR] LogOutputStream:75 - [STDERR_REDIRECT] [Fatal Error] :1:1: Premature end of file.
2025-04-13 17:24:44,467 [ERROR] LogOutputStream:75 - [STDERR_REDIRECT] 
2025-04-13 17:24:45,470 [ERROR] LogOutputStream:75 - [STDERR_REDIRECT] [Fatal Error] :1:1: Premature end of file.
2025-04-13 17:24:45,470 [ERROR] LogOutputStream:75 - [STDERR_REDIRECT] 
2025-04-13 17:24:46,468 [ERROR] LogOutputStream:75 - [STDERR_REDIRECT] [Fatal Error] :1:1: Premature end of file.
2025-04-13 17:24:46,468 [ERROR] LogOutputStream:75 - [STDERR_REDIRECT] 
2025-04-13 17:24:47,469 [ERROR] LogOutputStream:75 - [STDERR_REDIRECT] [Fatal Error] :1:1: Premature end of file.
2025-04-13 17:24:47,469 [ERROR] LogOutputStream:75 - [STDERR_REDIRECT] 
2025-04-13 17:24:48,468 [ERROR] LogOutputStream:75 - [STDERR_REDIRECT] [Fatal Error] :1:1: Premature end of file.
2025-04-13 17:24:48,468 [ERROR] LogOutputStream:75 - [STDERR_REDIRECT] 
2025-04-13 17:24:49,474 [ERROR] LogOutputStream:75 - [STDERR_REDIRECT] [Fatal Error] :1:1: Premature end of file.
2025-04-13 17:24:49,474 [ERROR] LogOutputStream:75 - [STDERR_REDIRECT] 
2025-04-13 17:24:50,466 [ERROR] LogOutputStream:75 - [STDERR_REDIRECT] [Fatal Error] :1:1: Premature end of file.
2025-04-13 17:24:50,466 [ERROR] LogOutputStream:75 - [STDERR_REDIRECT] 
2025-04-13 17:24:51,467 [ERROR] LogOutputStream:75 - [STDERR_REDIRECT] [Fatal Error] :1:1: Premature end of file.
2025-04-13 17:24:51,468 [ERROR] LogOutputStream:75 - [STDERR_REDIRECT] 
2025-04-13 17:24:52,470 [ERROR] LogOutputStream:75 - [STDERR_REDIRECT] [Fatal Error] :1:1: Premature end of file.
2025-04-13 17:24:52,470 [ERROR] LogOutputStream:75 - [STDERR_REDIRECT] 
2025-04-13 17:24:53,472 [ERROR] LogOutputStream:75 - [STDERR_REDIRECT] [Fatal Error] :1:1: Premature end of file.
2025-04-13 17:24:53,472 [ERROR] LogOutputStream:75 - [STDERR_REDIRECT] 
2025-04-13 17:24:54,468 [ERROR] LogOutputStream:75 - [STDERR_REDIRECT] [Fatal Error] :1:1: Premature end of file.
2025-04-13 17:24:54,469 [ERROR] LogOutputStream:75 - [STDERR_REDIRECT] 
2025-04-13 17:24:55,475 [ERROR] LogOutputStream:75 - [STDERR_REDIRECT] [Fatal Error] :1:1: Premature end of file.
2025-04-13 17:24:55,476 [ERROR] LogOutputStream:75 - [STDERR_REDIRECT] 
2025-04-13 17:24:56,468 [ERROR] LogOutputStream:75 - [STDERR_REDIRECT] [Fatal Error] :1:1: Premature end of file.
2025-04-13 17:24:56,468 [ERROR] LogOutputStream:75 - [STDERR_REDIRECT] 
2025-04-13 17:24:57,485 [ERROR] LogOutputStream:75 - [STDERR_REDIRECT] [Fatal Error] :1:1: Premature end of file.
2025-04-13 17:24:57,485 [ERROR] LogOutputStream:75 - [STDERR_REDIRECT] 
2025-04-13 17:24:58,467 [ERROR] LogOutputStream:75 - [STDERR_REDIRECT] [Fatal Error] :1:1: Premature end of file.
2025-04-13 17:24:58,467 [ERROR] LogOutputStream:75 - [STDERR_REDIRECT] 
2025-04-13 17:24:59,470 [ERROR] LogOutputStream:75 - [STDERR_REDIRECT] [Fatal Error] :1:1: Premature end of file.
2025-04-13 17:24:59,470 [ERROR] LogOutputStream:75 - [STDERR_REDIRECT] 
2025-04-13 17:25:00,467 [ERROR] LogOutputStream:75 - [STDERR_REDIRECT] [Fatal Error] :1:1: Premature end of file.
2025-04-13 17:25:00,467 [ERROR] LogOutputStream:75 - [STDERR_REDIRECT] 
2025-04-13 17:25:01,470 [ERROR] LogOutputStream:75 - [STDERR_REDIRECT] [Fatal Error] :1:1: Premature end of file.
2025-04-13 17:25:01,471 [ERROR] LogOutputStream:75 - [STDERR_REDIRECT] 
2025-04-13 17:25:02,470 [ERROR] LogOutputStream:75 - [STDERR_REDIRECT] [Fatal Error] :1:1: Premature end of file.
2025-04-13 17:25:02,470 [ERROR] LogOutputStream:75 - [STDERR_REDIRECT] 
2025-04-13 17:25:03,470 [ERROR] LogOutputStream:75 - [STDERR_REDIRECT] [Fatal Error] :1:1: Premature end of file.
2025-04-13 17:25:03,471 [ERROR] LogOutputStream:75 - [STDERR_REDIRECT] 
2025-04-13 17:25:04,468 [ERROR] LogOutputStream:75 - [STDERR_REDIRECT] [Fatal Error] :1:1: Premature end of file.
2025-04-13 17:25:04,469 [ERROR] LogOutputStream:75 - [STDERR_REDIRECT] 
2025-04-13 17:25:05,466 [ERROR] LogOutputStream:75 - [STDERR_REDIRECT] [Fatal Error] :1:1: Premature end of file.
2025-04-13 17:25:05,468 [ERROR] LogOutputStream:75 - [STDERR_REDIRECT] 
2025-04-13 17:25:06,468 [ERROR] LogOutputStream:75 - [STDERR_REDIRECT] [Fatal Error] :1:1: Premature end of file.
2025-04-13 17:25:06,468 [ERROR] LogOutputStream:75 - [STDERR_REDIRECT] 
2025-04-13 17:25:07,465 [ERROR] LogOutputStream:75 - [STDERR_REDIRECT] [Fatal Error] :1:1: Premature end of file.
2025-04-13 17:25:07,467 [ERROR] LogOutputStream:75 - [STDERR_REDIRECT] 
2025-04-13 17:25:08,465 [ERROR] LogOutputStream:75 - [STDERR_REDIRECT] [Fatal Error] :1:1: Premature end of file.
2025-04-13 17:25:08,466 [ERROR] LogOutputStream:75 - [STDERR_REDIRECT] 
2025-04-13 17:25:09,472 [ERROR] LogOutputStream:75 - [STDERR_REDIRECT] [Fatal Error] :1:1: Premature end of file.
2025-04-13 17:25:09,472 [ERROR] LogOutputStream:75 - [STDERR_REDIRECT] 
2025-04-13 17:25:10,486 [ERROR] LogOutputStream:75 - [STDERR_REDIRECT] [Fatal Error] :1:1: Premature end of file.
2025-04-13 17:25:10,487 [ERROR] LogOutputStream:75 - [STDERR_REDIRECT] 
2025-04-13 17:25:11,474 [ERROR] LogOutputStream:75 - [STDERR_REDIRECT] [Fatal Error] :1:1: Premature end of file.
2025-04-13 17:25:11,474 [ERROR] LogOutputStream:75 - [STDERR_REDIRECT] 
2025-04-13 17:25:12,467 [ERROR] LogOutputStream:75 - [STDERR_REDIRECT] [Fatal Error] :1:1: Premature end of file.
2025-04-13 17:25:12,467 [ERROR] LogOutputStream:75 - [STDERR_REDIRECT] 
2025-04-13 17:25:13,489 [ERROR] LogOutputStream:75 - [STDERR_REDIRECT] [Fatal Error] :1:1: Premature end of file.
2025-04-13 17:25:13,490 [ERROR] LogOutputStream:75 - [STDERR_REDIRECT] 
2025-04-13 17:25:14,474 [ERROR] LogOutputStream:75 - [STDERR_REDIRECT] [Fatal Error] :1:1: Premature end of file.
2025-04-13 17:25:14,475 [ERROR] LogOutputStream:75 - [STDERR_REDIRECT] 
2025-04-13 17:25:15,470 [ERROR] LogOutputStream:75 - [STDERR_REDIRECT] [Fatal Error] :1:1: Premature end of file.
2025-04-13 17:25:15,471 [ERROR] LogOutputStream:75 - [STDERR_REDIRECT] 
2025-04-13 17:25:16,470 [ERROR] LogOutputStream:75 - [STDERR_REDIRECT] [Fatal Error] :1:1: Premature end of file.
2025-04-13 17:25:16,471 [ERROR] LogOutputStream:75 - [STDERR_REDIRECT] 
2025-04-13 17:25:17,467 [ERROR] LogOutputStream:75 - [STDERR_REDIRECT] [Fatal Error] :1:1: Premature end of file.
2025-04-13 17:25:17,468 [ERROR] LogOutputStream:75 - [STDERR_REDIRECT] 
2025-04-13 17:25:18,474 [ERROR] LogOutputStream:75 - [STDERR_REDIRECT] [Fatal Error] :1:1: Premature end of file.
2025-04-13 17:25:18,475 [ERROR] LogOutputStream:75 - [STDERR_REDIRECT] 
2025-04-13 17:25:19,469 [ERROR] LogOutputStream:75 - [STDERR_REDIRECT] [Fatal Error] :1:1: Premature end of file.
2025-04-13 17:25:19,469 [ERROR] LogOutputStream:75 - [STDERR_REDIRECT] 
2025-04-13 17:25:20,476 [ERROR] LogOutputStream:75 - [STDERR_REDIRECT] [Fatal Error] :1:1: Premature end of file.
2025-04-13 17:25:20,477 [ERROR] LogOutputStream:75 - [STDERR_REDIRECT] 
2025-04-13 17:25:21,475 [ERROR] LogOutputStream:75 - [STDERR_REDIRECT] [Fatal Error] :1:1: Premature end of file.
2025-04-13 17:25:21,477 [ERROR] LogOutputStream:75 - [STDERR_REDIRECT] 
2025-04-13 17:25:22,475 [ERROR] LogOutputStream:75 - [STDERR_REDIRECT] [Fatal Error] :1:1: Premature end of file.
2025-04-13 17:25:22,476 [ERROR] LogOutputStream:75 - [STDERR_REDIRECT] 
2025-04-13 17:25:23,478 [ERROR] LogOutputStream:75 - [STDERR_REDIRECT] [Fatal Error] :1:1: Premature end of file.
2025-04-13 17:25:23,479 [ERROR] LogOutputStream:75 - [STDERR_REDIRECT] 
2025-04-13 17:25:24,475 [ERROR] LogOutputStream:75 - [STDERR_REDIRECT] [Fatal Error] :1:1: Premature end of file.
2025-04-13 17:25:24,475 [ERROR] LogOutputStream:75 - [STDERR_REDIRECT] 
2025-04-13 17:25:25,473 [ERROR] LogOutputStream:75 - [STDERR_REDIRECT] [Fatal Error] :1:1: Premature end of file.
2025-04-13 17:25:25,474 [ERROR] LogOutputStream:75 - [STDERR_REDIRECT] 
2025-04-13 17:25:26,477 [ERROR] LogOutputStream:75 - [STDERR_REDIRECT] [Fatal Error] :1:1: Premature end of file.
2025-04-13 17:25:26,477 [ERROR] LogOutputStream:75 - [STDERR_REDIRECT] 
2025-04-13 17:25:27,469 [ERROR] LogOutputStream:75 - [STDERR_REDIRECT] [Fatal Error] :1:1: Premature end of file.
2025-04-13 17:25:27,469 [ERROR] LogOutputStream:75 - [STDERR_REDIRECT] 
2025-04-13 17:25:28,474 [ERROR] LogOutputStream:75 - [STDERR_REDIRECT] [Fatal Error] :1:1: Premature end of file.
2025-04-13 17:25:28,475 [ERROR] LogOutputStream:75 - [STDERR_REDIRECT] 
2025-04-13 17:25:29,474 [ERROR] LogOutputStream:75 - [STDERR_REDIRECT] [Fatal Error] :1:1: Premature end of file.
2025-04-13 17:25:29,474 [ERROR] LogOutputStream:75 - [STDERR_REDIRECT] 
2025-04-13 17:25:30,473 [ERROR] LogOutputStream:75 - [STDERR_REDIRECT] [Fatal Error] :1:1: Premature end of file.
2025-04-13 17:25:30,473 [ERROR] LogOutputStream:75 - [STDERR_REDIRECT] 
2025-04-13 17:25:31,467 [ERROR] LogOutputStream:75 - [STDERR_REDIRECT] [Fatal Error] :1:1: Premature end of file.
2025-04-13 17:25:31,467 [ERROR] LogOutputStream:75 - [STDERR_REDIRECT] 
2025-04-13 17:25:32,469 [ERROR] LogOutputStream:75 - [STDERR_REDIRECT] [Fatal Error] :1:1: Premature end of file.
2025-04-13 17:25:32,469 [ERROR] LogOutputStream:75 - [STDERR_REDIRECT] 
2025-04-13 17:25:33,469 [ERROR] LogOutputStream:75 - [STDERR_REDIRECT] [Fatal Error] :1:1: Premature end of file.
2025-04-13 17:25:33,469 [ERROR] LogOutputStream:75 - [STDERR_REDIRECT] 
2025-04-13 17:25:34,465 [ERROR] LogOutputStream:75 - [STDERR_REDIRECT] [Fatal Error] :1:1: Premature end of file.
2025-04-13 17:25:34,466 [ERROR] LogOutputStream:75 - [STDERR_REDIRECT] 
2025-04-13 17:25:35,469 [ERROR] LogOutputStream:75 - [STDERR_REDIRECT] [Fatal Error] :1:1: Premature end of file.
2025-04-13 17:25:35,470 [ERROR] LogOutputStream:75 - [STDERR_REDIRECT] 
2025-04-13 17:25:36,466 [ERROR] LogOutputStream:75 - [STDERR_REDIRECT] [Fatal Error] :1:1: Premature end of file.
2025-04-13 17:25:36,467 [ERROR] LogOutputStream:75 - [STDERR_REDIRECT] 
2025-04-13 17:25:37,467 [ERROR] LogOutputStream:75 - [STDERR_REDIRECT] [Fatal Error] :1:1: Premature end of file.
2025-04-13 17:25:37,467 [ERROR] LogOutputStream:75 - [STDERR_REDIRECT] 
2025-04-13 17:25:38,467 [ERROR] LogOutputStream:75 - [STDERR_REDIRECT] [Fatal Error] :1:1: Premature end of file.
2025-04-13 17:25:38,467 [ERROR] LogOutputStream:75 - [STDERR_REDIRECT] 
2025-04-13 17:25:39,470 [ERROR] LogOutputStream:75 - [STDERR_REDIRECT] [Fatal Error] :1:1: Premature end of file.
2025-04-13 17:25:39,470 [ERROR] LogOutputStream:75 - [STDERR_REDIRECT] 
2025-04-13 17:25:40,471 [ERROR] LogOutputStream:75 - [STDERR_REDIRECT] [Fatal Error] :1:1: Premature end of file.
2025-04-13 17:25:40,471 [ERROR] LogOutputStream:75 - [STDERR_REDIRECT] 
2025-04-13 17:25:41,468 [ERROR] LogOutputStream:75 - [STDERR_REDIRECT] [Fatal Error] :1:1: Premature end of file.
2025-04-13 17:25:41,468 [ERROR] LogOutputStream:75 - [STDERR_REDIRECT] 
2025-04-13 17:25:42,470 [ERROR] LogOutputStream:75 - [STDERR_REDIRECT] [Fatal Error] :1:1: Premature end of file.
2025-04-13 17:25:42,470 [ERROR] LogOutputStream:75 - [STDERR_REDIRECT] 
2025-04-13 17:25:43,466 [ERROR] LogOutputStream:75 - [STDERR_REDIRECT] [Fatal Error] :1:1: Premature end of file.
2025-04-13 17:25:43,466 [ERROR] LogOutputStream:75 - [STDERR_REDIRECT] 
2025-04-13 17:25:44,467 [ERROR] LogOutputStream:75 - [STDERR_REDIRECT] [Fatal Error] :1:1: Premature end of file.
2025-04-13 17:25:44,467 [ERROR] LogOutputStream:75 - [STDERR_REDIRECT] 
2025-04-13 17:25:45,468 [ERROR] LogOutputStream:75 - [STDERR_REDIRECT] [Fatal Error] :1:1: Premature end of file.
2025-04-13 17:25:45,468 [ERROR] LogOutputStream:75 - [STDERR_REDIRECT] 
2025-04-13 17:25:46,467 [ERROR] LogOutputStream:75 - [STDERR_REDIRECT] [Fatal Error] :1:1: Premature end of file.
2025-04-13 17:25:46,467 [ERROR] LogOutputStream:75 - [STDERR_REDIRECT] 
2025-04-13 17:25:47,467 [ERROR] LogOutputStream:75 - [STDERR_REDIRECT] [Fatal Error] :1:1: Premature end of file.
2025-04-13 17:25:47,468 [ERROR] LogOutputStream:75 - [STDERR_REDIRECT] 
2025-04-13 17:25:48,478 [ERROR] LogOutputStream:75 - [STDERR_REDIRECT] [Fatal Error] :1:1: Premature end of file.
2025-04-13 17:25:48,479 [ERROR] LogOutputStream:75 - [STDERR_REDIRECT] 
2025-04-13 17:25:49,472 [ERROR] LogOutputStream:75 - [STDERR_REDIRECT] [Fatal Error] :1:1: Premature end of file.
2025-04-13 17:25:49,472 [ERROR] LogOutputStream:75 - [STDERR_REDIRECT] 
2025-04-13 17:25:50,469 [ERROR] LogOutputStream:75 - [STDERR_REDIRECT] [Fatal Error] :1:1: Premature end of file.
2025-04-13 17:25:50,469 [ERROR] LogOutputStream:75 - [STDERR_REDIRECT] 
2025-04-13 17:25:51,475 [ERROR] LogOutputStream:75 - [STDERR_REDIRECT] [Fatal Error] :1:1: Premature end of file.
2025-04-13 17:25:51,475 [ERROR] LogOutputStream:75 - [STDERR_REDIRECT] 
2025-04-13 17:25:52,472 [ERROR] LogOutputStream:75 - [STDERR_REDIRECT] [Fatal Error] :1:1: Premature end of file.
2025-04-13 17:25:52,472 [ERROR] LogOutputStream:75 - [STDERR_REDIRECT] 
2025-04-13 17:25:53,473 [ERROR] LogOutputStream:75 - [STDERR_REDIRECT] [Fatal Error] :1:1: Premature end of file.
2025-04-13 17:25:53,474 [ERROR] LogOutputStream:75 - [STDERR_REDIRECT] 
2025-04-13 17:25:54,467 [ERROR] LogOutputStream:75 - [STDERR_REDIRECT] [Fatal Error] :1:1: Premature end of file.
2025-04-13 17:25:54,467 [ERROR] LogOutputStream:75 - [STDERR_REDIRECT] 
2025-04-13 17:25:55,474 [ERROR] LogOutputStream:75 - [STDERR_REDIRECT] [Fatal Error] :1:1: Premature end of file.
2025-04-13 17:25:55,474 [ERROR] LogOutputStream:75 - [STDERR_REDIRECT] 
2025-04-13 17:25:56,471 [ERROR] LogOutputStream:75 - [STDERR_REDIRECT] [Fatal Error] :1:1: Premature end of file.
2025-04-13 17:25:56,472 [ERROR] LogOutputStream:75 - [STDERR_REDIRECT] 
2025-04-13 17:25:57,469 [ERROR] LogOutputStream:75 - [STDERR_REDIRECT] [Fatal Error] :1:1: Premature end of file.
2025-04-13 17:25:57,469 [ERROR] LogOutputStream:75 - [STDERR_REDIRECT] 
2025-04-13 17:25:58,469 [ERROR] LogOutputStream:75 - [STDERR_REDIRECT] [Fatal Error] :1:1: Premature end of file.
2025-04-13 17:25:58,470 [ERROR] LogOutputStream:75 - [STDERR_REDIRECT] 
2025-04-13 17:25:59,469 [ERROR] LogOutputStream:75 - [STDERR_REDIRECT] [Fatal Error] :1:1: Premature end of file.
2025-04-13 17:25:59,469 [ERROR] LogOutputStream:75 - [STDERR_REDIRECT] 
2025-04-13 17:26:00,470 [ERROR] LogOutputStream:75 - [STDERR_REDIRECT] [Fatal Error] :1:1: Premature end of file.
2025-04-13 17:26:00,470 [ERROR] LogOutputStream:75 - [STDERR_REDIRECT] 
2025-04-13 17:26:01,468 [ERROR] LogOutputStream:75 - [STDERR_REDIRECT] [Fatal Error] :1:1: Premature end of file.
2025-04-13 17:26:01,468 [ERROR] LogOutputStream:75 - [STDERR_REDIRECT] 
2025-04-13 17:26:02,469 [ERROR] LogOutputStream:75 - [STDERR_REDIRECT] [Fatal Error] :1:1: Premature end of file.
2025-04-13 17:26:02,469 [ERROR] LogOutputStream:75 - [STDERR_REDIRECT] 
2025-04-13 17:26:03,468 [ERROR] LogOutputStream:75 - [STDERR_REDIRECT] [Fatal Error] :1:1: Premature end of file.
2025-04-13 17:26:03,468 [ERROR] LogOutputStream:75 - [STDERR_REDIRECT] 
2025-04-13 17:26:04,472 [ERROR] LogOutputStream:75 - [STDERR_REDIRECT] [Fatal Error] :1:1: Premature end of file.
2025-04-13 17:26:04,472 [ERROR] LogOutputStream:75 - [STDERR_REDIRECT] 
2025-04-13 17:26:05,471 [ERROR] LogOutputStream:75 - [STDERR_REDIRECT] [Fatal Error] :1:1: Premature end of file.
2025-04-13 17:26:05,472 [ERROR] LogOutputStream:75 - [STDERR_REDIRECT] 
2025-04-13 17:26:06,465 [ERROR] LogOutputStream:75 - [STDERR_REDIRECT] [Fatal Error] :1:1: Premature end of file.
2025-04-13 17:26:06,465 [ERROR] LogOutputStream:75 - [STDERR_REDIRECT] 
2025-04-13 17:26:07,470 [ERROR] LogOutputStream:75 - [STDERR_REDIRECT] [Fatal Error] :1:1: Premature end of file.
2025-04-13 17:26:07,471 [ERROR] LogOutputStream:75 - [STDERR_REDIRECT] 
2025-04-13 17:26:08,476 [ERROR] LogOutputStream:75 - [STDERR_REDIRECT] [Fatal Error] :1:1: Premature end of file.
2025-04-13 17:26:08,476 [ERROR] LogOutputStream:75 - [STDERR_REDIRECT] 
2025-04-13 17:26:09,469 [ERROR] LogOutputStream:75 - [STDERR_REDIRECT] [Fatal Error] :1:1: Premature end of file.
2025-04-13 17:26:09,469 [ERROR] LogOutputStream:75 - [STDERR_REDIRECT] 
2025-04-13 17:26:10,467 [ERROR] LogOutputStream:75 - [STDERR_REDIRECT] [Fatal Error] :1:1: Premature end of file.
2025-04-13 17:26:10,467 [ERROR] LogOutputStream:75 - [STDERR_REDIRECT] 
2025-04-13 17:26:11,474 [ERROR] LogOutputStream:75 - [STDERR_REDIRECT] [Fatal Error] :1:1: Premature end of file.
2025-04-13 17:26:11,474 [ERROR] LogOutputStream:75 - [STDERR_REDIRECT] 
2025-04-13 17:26:12,469 [ERROR] LogOutputStream:75 - [STDERR_REDIRECT] [Fatal Error] :1:1: Premature end of file.
2025-04-13 17:26:12,469 [ERROR] LogOutputStream:75 - [STDERR_REDIRECT] 
2025-04-13 17:26:13,470 [ERROR] LogOutputStream:75 - [STDERR_REDIRECT] [Fatal Error] :1:1: Premature end of file.
2025-04-13 17:26:13,470 [ERROR] LogOutputStream:75 - [STDERR_REDIRECT] 
2025-04-13 17:26:14,468 [ERROR] LogOutputStream:75 - [STDERR_REDIRECT] [Fatal Error] :1:1: Premature end of file.
2025-04-13 17:26:14,469 [ERROR] LogOutputStream:75 - [STDERR_REDIRECT] 
2025-04-13 17:26:15,481 [ERROR] LogOutputStream:75 - [STDERR_REDIRECT] [Fatal Error] :1:1: Premature end of file.
2025-04-13 17:26:15,482 [ERROR] LogOutputStream:75 - [STDERR_REDIRECT] 
2025-04-13 17:26:16,478 [ERROR] LogOutputStream:75 - [STDERR_REDIRECT] [Fatal Error] :1:1: Premature end of file.
2025-04-13 17:26:16,478 [ERROR] LogOutputStream:75 - [STDERR_REDIRECT] 
2025-04-13 17:26:17,477 [ERROR] LogOutputStream:75 - [STDERR_REDIRECT] [Fatal Error] :1:1: Premature end of file.
2025-04-13 17:26:17,477 [ERROR] LogOutputStream:75 - [STDERR_REDIRECT] 
2025-04-13 17:26:18,467 [ERROR] LogOutputStream:75 - [STDERR_REDIRECT] [Fatal Error] :1:1: Premature end of file.
2025-04-13 17:26:18,468 [ERROR] LogOutputStream:75 - [STDERR_REDIRECT] 
2025-04-13 17:26:19,468 [ERROR] LogOutputStream:75 - [STDERR_REDIRECT] [Fatal Error] :1:1: Premature end of file.
2025-04-13 17:26:19,469 [ERROR] LogOutputStream:75 - [STDERR_REDIRECT] 
2025-04-13 17:26:20,467 [ERROR] LogOutputStream:75 - [STDERR_REDIRECT] [Fatal Error] :1:1: Premature end of file.
2025-04-13 17:26:20,468 [ERROR] LogOutputStream:75 - [STDERR_REDIRECT] 
2025-04-13 17:26:21,473 [ERROR] LogOutputStream:75 - [STDERR_REDIRECT] [Fatal Error] :1:1: Premature end of file.
2025-04-13 17:26:21,474 [ERROR] LogOutputStream:75 - [STDERR_REDIRECT] 
2025-04-13 17:26:22,474 [ERROR] LogOutputStream:75 - [STDERR_REDIRECT] [Fatal Error] :1:1: Premature end of file.
2025-04-13 17:26:22,475 [ERROR] LogOutputStream:75 - [STDERR_REDIRECT] 
2025-04-13 17:26:23,467 [ERROR] LogOutputStream:75 - [STDERR_REDIRECT] [Fatal Error] :1:1: Premature end of file.
2025-04-13 17:26:23,467 [ERROR] LogOutputStream:75 - [STDERR_REDIRECT] 
2025-04-13 17:26:24,471 [ERROR] LogOutputStream:75 - [STDERR_REDIRECT] [Fatal Error] :1:1: Premature end of file.
2025-04-13 17:26:24,471 [ERROR] LogOutputStream:75 - [STDERR_REDIRECT] 
2025-04-13 17:26:25,466 [ERROR] LogOutputStream:75 - [STDERR_REDIRECT] [Fatal Error] :1:1: Premature end of file.
2025-04-13 17:26:25,466 [ERROR] LogOutputStream:75 - [STDERR_REDIRECT] 
2025-04-13 17:26:26,468 [ERROR] LogOutputStream:75 - [STDERR_REDIRECT] [Fatal Error] :1:1: Premature end of file.
2025-04-13 17:26:26,469 [ERROR] LogOutputStream:75 - [STDERR_REDIRECT] 
2025-04-13 17:26:27,468 [ERROR] LogOutputStream:75 - [STDERR_REDIRECT] [Fatal Error] :1:1: Premature end of file.
2025-04-13 17:26:27,468 [ERROR] LogOutputStream:75 - [STDERR_REDIRECT] 
2025-04-13 17:26:28,468 [ERROR] LogOutputStream:75 - [STDERR_REDIRECT] [Fatal Error] :1:1: Premature end of file.
2025-04-13 17:26:28,469 [ERROR] LogOutputStream:75 - [STDERR_REDIRECT] 
2025-04-13 17:26:29,467 [ERROR] LogOutputStream:75 - [STDERR_REDIRECT] [Fatal Error] :1:1: Premature end of file.
2025-04-13 17:26:29,467 [ERROR] LogOutputStream:75 - [STDERR_REDIRECT] 
2025-04-13 17:26:30,469 [ERROR] LogOutputStream:75 - [STDERR_REDIRECT] [Fatal Error] :1:1: Premature end of file.
2025-04-13 17:26:30,470 [ERROR] LogOutputStream:75 - [STDERR_REDIRECT] 
2025-04-13 17:26:31,467 [ERROR] LogOutputStream:75 - [STDERR_REDIRECT] [Fatal Error] :1:1: Premature end of file.
2025-04-13 17:26:31,467 [ERROR] LogOutputStream:75 - [STDERR_REDIRECT] 
2025-04-13 17:26:32,472 [ERROR] LogOutputStream:75 - [STDERR_REDIRECT] [Fatal Error] :1:1: Premature end of file.
2025-04-13 17:26:32,472 [ERROR] LogOutputStream:75 - [STDERR_REDIRECT] 
2025-04-13 17:26:33,468 [ERROR] LogOutputStream:75 - [STDERR_REDIRECT] [Fatal Error] :1:1: Premature end of file.
2025-04-13 17:26:33,468 [ERROR] LogOutputStream:75 - [STDERR_REDIRECT] 
2025-04-13 17:26:34,467 [ERROR] LogOutputStream:75 - [STDERR_REDIRECT] [Fatal Error] :1:1: Premature end of file.
2025-04-13 17:26:34,467 [ERROR] LogOutputStream:75 - [STDERR_REDIRECT] 
2025-04-13 17:26:35,469 [ERROR] LogOutputStream:75 - [STDERR_REDIRECT] [Fatal Error] :1:1: Premature end of file.
2025-04-13 17:26:35,469 [ERROR] LogOutputStream:75 - [STDERR_REDIRECT] 
2025-04-13 17:26:36,466 [ERROR] LogOutputStream:75 - [STDERR_REDIRECT] [Fatal Error] :1:1: Premature end of file.
2025-04-13 17:26:36,466 [ERROR] LogOutputStream:75 - [STDERR_REDIRECT] 
2025-04-13 17:26:37,469 [ERROR] LogOutputStream:75 - [STDERR_REDIRECT] [Fatal Error] :1:1: Premature end of file.
2025-04-13 17:26:37,469 [ERROR] LogOutputStream:75 - [STDERR_REDIRECT] 
2025-04-13 17:26:38,469 [ERROR] LogOutputStream:75 - [STDERR_REDIRECT] [Fatal Error] :1:1: Premature end of file.
2025-04-13 17:26:38,469 [ERROR] LogOutputStream:75 - [STDERR_REDIRECT] 
2025-04-13 17:26:39,470 [ERROR] LogOutputStream:75 - [STDERR_REDIRECT] [Fatal Error] :1:1: Premature end of file.
2025-04-13 17:26:39,470 [ERROR] LogOutputStream:75 - [STDERR_REDIRECT] 
2025-04-13 17:26:40,468 [ERROR] LogOutputStream:75 - [STDERR_REDIRECT] [Fatal Error] :1:1: Premature end of file.
2025-04-13 17:26:40,470 [ERROR] LogOutputStream:75 - [STDERR_REDIRECT] 
2025-04-13 17:26:41,468 [ERROR] LogOutputStream:75 - [STDERR_REDIRECT] [Fatal Error] :1:1: Premature end of file.
2025-04-13 17:26:41,468 [ERROR] LogOutputStream:75 - [STDERR_REDIRECT] 
2025-04-13 17:26:42,470 [ERROR] LogOutputStream:75 - [STDERR_REDIRECT] [Fatal Error] :1:1: Premature end of file.
2025-04-13 17:26:42,470 [ERROR] LogOutputStream:75 - [STDERR_REDIRECT] 
2025-04-13 17:26:43,470 [ERROR] LogOutputStream:75 - [STDERR_REDIRECT] [Fatal Error] :1:1: Premature end of file.
2025-04-13 17:26:43,470 [ERROR] LogOutputStream:75 - [STDERR_REDIRECT] 
2025-04-13 17:26:44,466 [ERROR] LogOutputStream:75 - [STDERR_REDIRECT] [Fatal Error] :1:1: Premature end of file.
2025-04-13 17:26:44,466 [ERROR] LogOutputStream:75 - [STDERR_REDIRECT] 
2025-04-13 17:26:45,468 [ERROR] LogOutputStream:75 - [STDERR_REDIRECT] [Fatal Error] :1:1: Premature end of file.
2025-04-13 17:26:45,469 [ERROR] LogOutputStream:75 - [STDERR_REDIRECT] 
2025-04-13 17:26:46,469 [ERROR] LogOutputStream:75 - [STDERR_REDIRECT] [Fatal Error] :1:1: Premature end of file.
2025-04-13 17:26:46,469 [ERROR] LogOutputStream:75 - [STDERR_REDIRECT] 
2025-04-13 17:26:47,466 [ERROR] LogOutputStream:75 - [STDERR_REDIRECT] [Fatal Error] :1:1: Premature end of file.
2025-04-13 17:26:47,468 [ERROR] LogOutputStream:75 - [STDERR_REDIRECT] 
2025-04-13 17:26:48,469 [ERROR] LogOutputStream:75 - [STDERR_REDIRECT] [Fatal Error] :1:1: Premature end of file.
2025-04-13 17:26:48,469 [ERROR] LogOutputStream:75 - [STDERR_REDIRECT] 
2025-04-13 17:26:49,467 [ERROR] LogOutputStream:75 - [STDERR_REDIRECT] [Fatal Error] :1:1: Premature end of file.
2025-04-13 17:26:49,468 [ERROR] LogOutputStream:75 - [STDERR_REDIRECT] 
2025-04-13 17:26:50,471 [ERROR] LogOutputStream:75 - [STDERR_REDIRECT] [Fatal Error] :1:1: Premature end of file.
2025-04-13 17:26:50,471 [ERROR] LogOutputStream:75 - [STDERR_REDIRECT] 
2025-04-13 17:26:51,466 [ERROR] LogOutputStream:75 - [STDERR_REDIRECT] [Fatal Error] :1:1: Premature end of file.
2025-04-13 17:26:51,466 [ERROR] LogOutputStream:75 - [STDERR_REDIRECT] 
2025-04-13 17:26:52,468 [ERROR] LogOutputStream:75 - [STDERR_REDIRECT] [Fatal Error] :1:1: Premature end of file.
2025-04-13 17:26:52,468 [ERROR] LogOutputStream:75 - [STDERR_REDIRECT] 
2025-04-13 17:26:53,466 [ERROR] LogOutputStream:75 - [STDERR_REDIRECT] [Fatal Error] :1:1: Premature end of file.
2025-04-13 17:26:53,466 [ERROR] LogOutputStream:75 - [STDERR_REDIRECT] 
2025-04-13 17:26:54,466 [ERROR] LogOutputStream:75 - [STDERR_REDIRECT] [Fatal Error] :1:1: Premature end of file.
2025-04-13 17:26:54,466 [ERROR] LogOutputStream:75 - [STDERR_REDIRECT] 
2025-04-13 17:26:55,468 [ERROR] LogOutputStream:75 - [STDERR_REDIRECT] [Fatal Error] :1:1: Premature end of file.
2025-04-13 17:26:55,468 [ERROR] LogOutputStream:75 - [STDERR_REDIRECT] 
2025-04-13 17:26:56,467 [ERROR] LogOutputStream:75 - [STDERR_REDIRECT] [Fatal Error] :1:1: Premature end of file.
2025-04-13 17:26:56,467 [ERROR] LogOutputStream:75 - [STDERR_REDIRECT] 
2025-04-13 17:26:57,467 [ERROR] LogOutputStream:75 - [STDERR_REDIRECT] [Fatal Error] :1:1: Premature end of file.
2025-04-13 17:26:57,467 [ERROR] LogOutputStream:75 - [STDERR_REDIRECT] 
2025-04-13 17:26:58,469 [ERROR] LogOutputStream:75 - [STDERR_REDIRECT] [Fatal Error] :1:1: Premature end of file.
2025-04-13 17:26:58,469 [ERROR] LogOutputStream:75 - [STDERR_REDIRECT] 
2025-04-13 17:26:59,466 [ERROR] LogOutputStream:75 - [STDERR_REDIRECT] [Fatal Error] :1:1: Premature end of file.
2025-04-13 17:26:59,466 [ERROR] LogOutputStream:75 - [STDERR_REDIRECT] 
2025-04-13 17:27:00,474 [ERROR] LogOutputStream:75 - [STDERR_REDIRECT] [Fatal Error] :1:1: Premature end of file.
2025-04-13 17:27:00,474 [ERROR] LogOutputStream:75 - [STDERR_REDIRECT] 
2025-04-13 17:27:01,514 [ERROR] LogOutputStream:75 - [STDERR_REDIRECT] [Fatal Error] :1:1: Premature end of file.
2025-04-13 17:27:01,514 [ERROR] LogOutputStream:75 - [STDERR_REDIRECT] 
2025-04-13 17:27:02,470 [ERROR] LogOutputStream:75 - [STDERR_REDIRECT] [Fatal Error] :1:1: Premature end of file.
2025-04-13 17:27:02,471 [ERROR] LogOutputStream:75 - [STDERR_REDIRECT] 
2025-04-13 17:27:03,476 [ERROR] LogOutputStream:75 - [STDERR_REDIRECT] [Fatal Error] :1:1: Premature end of file.
2025-04-13 17:27:03,477 [ERROR] LogOutputStream:75 - [STDERR_REDIRECT] 
2025-04-13 17:27:04,470 [ERROR] LogOutputStream:75 - [STDERR_REDIRECT] [Fatal Error] :1:1: Premature end of file.
2025-04-13 17:27:04,470 [ERROR] LogOutputStream:75 - [STDERR_REDIRECT] 
2025-04-13 17:27:05,468 [ERROR] LogOutputStream:75 - [STDERR_REDIRECT] [Fatal Error] :1:1: Premature end of file.
2025-04-13 17:27:05,468 [ERROR] LogOutputStream:75 - [STDERR_REDIRECT] 
2025-04-13 17:27:06,484 [ERROR] LogOutputStream:75 - [STDERR_REDIRECT] [Fatal Error] :1:1: Premature end of file.
2025-04-13 17:27:06,485 [ERROR] LogOutputStream:75 - [STDERR_REDIRECT] 
2025-04-13 17:27:07,466 [ERROR] LogOutputStream:75 - [STDERR_REDIRECT] [Fatal Error] :1:1: Premature end of file.
2025-04-13 17:27:07,466 [ERROR] LogOutputStream:75 - [STDERR_REDIRECT] 
2025-04-13 17:27:08,470 [ERROR] LogOutputStream:75 - [STDERR_REDIRECT] [Fatal Error] :1:1: Premature end of file.
2025-04-13 17:27:08,470 [ERROR] LogOutputStream:75 - [STDERR_REDIRECT] 
2025-04-13 17:27:09,472 [ERROR] LogOutputStream:75 - [STDERR_REDIRECT] [Fatal Error] :1:1: Premature end of file.
2025-04-13 17:27:09,472 [ERROR] LogOutputStream:75 - [STDERR_REDIRECT] 
2025-04-13 17:27:10,468 [ERROR] LogOutputStream:75 - [STDERR_REDIRECT] [Fatal Error] :1:1: Premature end of file.
2025-04-13 17:27:10,468 [ERROR] LogOutputStream:75 - [STDERR_REDIRECT] 
2025-04-13 17:27:11,467 [ERROR] LogOutputStream:75 - [STDERR_REDIRECT] [Fatal Error] :1:1: Premature end of file.
2025-04-13 17:27:11,467 [ERROR] LogOutputStream:75 - [STDERR_REDIRECT] 
2025-04-13 17:27:12,469 [ERROR] LogOutputStream:75 - [STDERR_REDIRECT] [Fatal Error] :1:1: Premature end of file.
2025-04-13 17:27:12,469 [ERROR] LogOutputStream:75 - [STDERR_REDIRECT] 
2025-04-13 17:27:13,469 [ERROR] LogOutputStream:75 - [STDERR_REDIRECT] [Fatal Error] :1:1: Premature end of file.
2025-04-13 17:27:13,470 [ERROR] LogOutputStream:75 - [STDERR_REDIRECT] 
2025-04-13 17:27:14,471 [ERROR] LogOutputStream:75 - [STDERR_REDIRECT] [Fatal Error] :1:1: Premature end of file.
2025-04-13 17:27:14,472 [ERROR] LogOutputStream:75 - [STDERR_REDIRECT] 
2025-04-13 17:27:15,470 [ERROR] LogOutputStream:75 - [STDERR_REDIRECT] [Fatal Error] :1:1: Premature end of file.
2025-04-13 17:27:15,470 [ERROR] LogOutputStream:75 - [STDERR_REDIRECT] 
2025-04-13 17:27:16,467 [ERROR] LogOutputStream:75 - [STDERR_REDIRECT] [Fatal Error] :1:1: Premature end of file.
2025-04-13 17:27:16,467 [ERROR] LogOutputStream:75 - [STDERR_REDIRECT] 
2025-04-13 17:27:17,467 [ERROR] LogOutputStream:75 - [STDERR_REDIRECT] [Fatal Error] :1:1: Premature end of file.
2025-04-13 17:27:17,467 [ERROR] LogOutputStream:75 - [STDERR_REDIRECT] 
2025-04-13 17:27:18,467 [ERROR] LogOutputStream:75 - [STDERR_REDIRECT] [Fatal Error] :1:1: Premature end of file.
2025-04-13 17:27:18,467 [ERROR] LogOutputStream:75 - [STDERR_REDIRECT] 
2025-04-13 17:27:19,467 [ERROR] LogOutputStream:75 - [STDERR_REDIRECT] [Fatal Error] :1:1: Premature end of file.
2025-04-13 17:27:19,467 [ERROR] LogOutputStream:75 - [STDERR_REDIRECT] 
2025-04-13 17:27:20,466 [ERROR] LogOutputStream:75 - [STDERR_REDIRECT] [Fatal Error] :1:1: Premature end of file.
2025-04-13 17:27:20,466 [ERROR] LogOutputStream:75 - [STDERR_REDIRECT] 
2025-04-13 17:27:21,469 [ERROR] LogOutputStream:75 - [STDERR_REDIRECT] [Fatal Error] :1:1: Premature end of file.
2025-04-13 17:27:21,470 [ERROR] LogOutputStream:75 - [STDERR_REDIRECT] 
2025-04-13 17:27:22,469 [ERROR] LogOutputStream:75 - [STDERR_REDIRECT] [Fatal Error] :1:1: Premature end of file.
2025-04-13 17:27:22,469 [ERROR] LogOutputStream:75 - [STDERR_REDIRECT] 
2025-04-13 17:27:23,468 [ERROR] LogOutputStream:75 - [STDERR_REDIRECT] [Fatal Error] :1:1: Premature end of file.
2025-04-13 17:27:23,468 [ERROR] LogOutputStream:75 - [STDERR_REDIRECT] 
2025-04-13 17:27:24,469 [ERROR] LogOutputStream:75 - [STDERR_REDIRECT] [Fatal Error] :1:1: Premature end of file.
2025-04-13 17:27:24,470 [ERROR] LogOutputStream:75 - [STDERR_REDIRECT] 
2025-04-13 17:27:25,468 [ERROR] LogOutputStream:75 - [STDERR_REDIRECT] [Fatal Error] :1:1: Premature end of file.
2025-04-13 17:27:25,468 [ERROR] LogOutputStream:75 - [STDERR_REDIRECT] 
2025-04-13 17:27:26,469 [ERROR] LogOutputStream:75 - [STDERR_REDIRECT] [Fatal Error] :1:1: Premature end of file.
2025-04-13 17:27:26,469 [ERROR] LogOutputStream:75 - [STDERR_REDIRECT] 
2025-04-13 17:27:27,470 [ERROR] LogOutputStream:75 - [STDERR_REDIRECT] [Fatal Error] :1:1: Premature end of file.
2025-04-13 17:27:27,470 [ERROR] LogOutputStream:75 - [STDERR_REDIRECT] 
2025-04-13 17:27:28,465 [ERROR] LogOutputStream:75 - [STDERR_REDIRECT] [Fatal Error] :1:1: Premature end of file.
2025-04-13 17:27:28,466 [ERROR] LogOutputStream:75 - [STDERR_REDIRECT] 
2025-04-13 17:27:29,468 [ERROR] LogOutputStream:75 - [STDERR_REDIRECT] [Fatal Error] :1:1: Premature end of file.
2025-04-13 17:27:29,468 [ERROR] LogOutputStream:75 - [STDERR_REDIRECT] 
2025-04-13 17:27:30,487 [ERROR] LogOutputStream:75 - [STDERR_REDIRECT] [Fatal Error] :1:1: Premature end of file.
2025-04-13 17:27:30,488 [ERROR] LogOutputStream:75 - [STDERR_REDIRECT] 
2025-04-13 17:27:31,093 [ERROR] LogOutputStream:75 - [STDERR_REDIRECT] 
2025-04-13 17:27:31,094 [ERROR] LogOutputStream:75 - [STDERR_REDIRECT] 
