2025-06-08 22:14:51,371 [INFO] Activator:176 - 


2025-06-08 22:14:51,373 [INFO] Activator:177 - !SESSION log4j initialized
2025-06-08 22:14:53,870 [INFO] LogOutputStream:77 - [STDOUT_REDIRECT] 
2025-06-08 22:17:16,620 [INFO] ApplicationProperties:184 - Using Application install path: C:\ST\STM32CubeIDE_1.18.1\STM32CubeIDE\plugins\com.st.stm32cube.common.mx_6.14.1.202504091515
2025-06-08 22:17:16,630 [INFO] DbMcusXml:78 - Set database path to: C:\ST\STM32CubeIDE_1.18.1\STM32CubeIDE\plugins\com.st.stm32cube.common.mx_6.14.1.202504091515\\db\/mcu/
2025-06-08 22:17:16,630 [INFO] ApiDb:274 - Set plugin database path to: C:\ST\STM32CubeIDE_1.18.1\STM32CubeIDE\plugins\com.st.stm32cube.common.mx_6.14.1.202504091515\\db\/plugins/boardmanager/
2025-06-08 22:17:16,630 [WARN] ApiDb:259 - Overriding images path with different value:  => C:\ST\STM32CubeIDE_1.18.1\STM32CubeIDE\plugins\com.st.stm32cube.common.mx_6.14.1.202504091515\\db\/plugins/mcufinder/images/
2025-06-08 22:17:16,646 [INFO] ApiDb:250 - Set database path to: C:\Users\quanv\.stmcufinder\plugins\mcufinder//mcu/
2025-06-08 22:17:16,646 [INFO] DbMcusAds:125 - Set database path to: C:\Users\quanv\.stmcufinder\plugins\mcufinder//mcu/
2025-06-08 22:17:16,678 [INFO] CrossReferenceDbSqlite:203 - Set database path to: C:\Users\quanv\.stmcufinder\plugins\mcufinder//mcu/cs/
2025-06-08 22:17:16,773 [INFO] RulesReader:64 - Compatibility file has been processed (302 Rules)
2025-06-08 22:17:16,852 [INFO] DbMcusXml:78 - Set database path to: C:\ST\STM32CubeIDE_1.18.1\STM32CubeIDE\plugins\com.st.stm32cube.common.mx_6.14.1.202504091515\\db\/mcu/
2025-06-08 22:17:16,852 [INFO] ApiDb:274 - Set plugin database path to: C:\ST\STM32CubeIDE_1.18.1\STM32CubeIDE\plugins\com.st.stm32cube.common.mx_6.14.1.202504091515\\db\/plugins/boardmanager/
2025-06-08 22:17:16,852 [INFO] ApiDb:261 - Set plugin images path to: C:\ST\STM32CubeIDE_1.18.1\STM32CubeIDE\plugins\com.st.stm32cube.common.mx_6.14.1.202504091515\\db\/plugins/mcufinder/images/
2025-06-08 22:17:16,852 [WARN] DbFile:41 - Overriding database path with different value: C:\Users\quanv\.stmcufinder\plugins\mcufinder/ => C:\Users\quanv\.stmcufinder\plugins\mcufinder
2025-06-08 22:17:16,852 [INFO] ApiDb:250 - Set database path to: C:\Users\quanv\.stmcufinder\plugins\mcufinder//mcu/
2025-06-08 22:17:16,852 [WARN] DbFile:41 - Overriding database path with different value: C:\Users\quanv\.stmcufinder\plugins\mcufinder/ => C:\Users\quanv\.stmcufinder\plugins\mcufinder
2025-06-08 22:17:16,852 [INFO] DbMcusAds:125 - Set database path to: C:\Users\quanv\.stmcufinder\plugins\mcufinder//mcu/
2025-06-08 22:17:16,852 [WARN] DbFile:41 - Overriding database path with different value: C:\Users\quanv\.stmcufinder\plugins\mcufinder/ => C:\Users\quanv\.stmcufinder\plugins\mcufinder
2025-06-08 22:17:16,852 [WARN] DbFile:41 - Overriding database path with different value: C:\Users\quanv\.stmcufinder\plugins\mcufinder/ => C:\Users\quanv\.stmcufinder\plugins\mcufinder
2025-06-08 22:17:16,852 [INFO] CrossReferenceDbSqlite:203 - Set database path to: C:\Users\quanv\.stmcufinder\plugins\mcufinder//mcu/cs/
2025-06-08 22:17:16,916 [INFO] MainPanel:272 - HeapMemory: 268435456
2025-06-08 22:17:16,979 [INFO] DbMcusXml:78 - Set database path to: C:\ST\STM32CubeIDE_1.18.1\STM32CubeIDE\plugins\com.st.stm32cube.common.mx_6.14.1.202504091515\\db\/mcu/
2025-06-08 22:17:16,979 [INFO] ApiDb:274 - Set plugin database path to: C:\ST\STM32CubeIDE_1.18.1\STM32CubeIDE\plugins\com.st.stm32cube.common.mx_6.14.1.202504091515\\db\/plugins/boardmanager/
2025-06-08 22:17:16,979 [INFO] ApiDb:261 - Set plugin images path to: C:\ST\STM32CubeIDE_1.18.1\STM32CubeIDE\plugins\com.st.stm32cube.common.mx_6.14.1.202504091515\\db\/plugins/mcufinder/images/
2025-06-08 22:17:16,979 [WARN] DbFile:41 - Overriding database path with different value: C:\Users\quanv\.stmcufinder\plugins\mcufinder/ => C:\Users\quanv\.stmcufinder\plugins\mcufinder
2025-06-08 22:17:16,979 [INFO] ApiDb:250 - Set database path to: C:\Users\quanv\.stmcufinder\plugins\mcufinder//mcu/
2025-06-08 22:17:16,979 [WARN] DbFile:41 - Overriding database path with different value: C:\Users\quanv\.stmcufinder\plugins\mcufinder/ => C:\Users\quanv\.stmcufinder\plugins\mcufinder
2025-06-08 22:17:16,979 [INFO] DbMcusAds:125 - Set database path to: C:\Users\quanv\.stmcufinder\plugins\mcufinder//mcu/
2025-06-08 22:17:16,979 [WARN] DbFile:41 - Overriding database path with different value: C:\Users\quanv\.stmcufinder\plugins\mcufinder/ => C:\Users\quanv\.stmcufinder\plugins\mcufinder
2025-06-08 22:17:16,979 [WARN] DbFile:41 - Overriding database path with different value: C:\Users\quanv\.stmcufinder\plugins\mcufinder/ => C:\Users\quanv\.stmcufinder\plugins\mcufinder
2025-06-08 22:17:16,979 [INFO] CrossReferenceDbSqlite:203 - Set database path to: C:\Users\quanv\.stmcufinder\plugins\mcufinder//mcu/cs/
2025-06-08 22:17:17,007 [INFO] ApplicationProperties:184 - Using Application install path: C:\ST\STM32CubeIDE_1.18.1\STM32CubeIDE\plugins\com.st.stm32cube.common.mx_6.14.1.202504091515
2025-06-08 22:17:17,009 [INFO] PluginManage:196 - Search for loadable plugins [exclusion list=, ]
2025-06-08 22:17:17,011 [INFO] PluginManage:310 - Check plugin analytics
2025-06-08 22:17:17,154 [INFO] AnalyticsPlugin:253 - Accepted Software Licenses: STM32CubeMX.6.14.1
2025-06-08 22:17:17,154 [INFO] AnalyticsPlugin:255 - Accepted CMSIS Pack Licenses: 
2025-06-08 22:17:17,154 [INFO] AnalyticsPlugin:257 - Accepted Firmware Licenses: FW.F4.1.28.0
2025-06-08 22:17:17,154 [INFO] PluginManage:359 - Loaded plugin analytics (category:tool,tabindex:-1)
2025-06-08 22:17:17,154 [INFO] PluginManage:310 - Check plugin cadmodel
2025-06-08 22:17:17,154 [INFO] CADModel:105 - Init CAD model plugin
2025-06-08 22:17:17,154 [INFO] PluginManage:359 - Loaded plugin cadmodel (category:power,tabindex:5)
2025-06-08 22:17:17,154 [INFO] PluginManage:310 - Check plugin clock
2025-06-08 22:17:17,154 [INFO] PluginManage:359 - Loaded plugin clock (category:base,tabindex:2)
2025-06-08 22:17:17,154 [INFO] PluginManage:310 - Check plugin ddr
2025-06-08 22:17:17,170 [INFO] PluginManage:359 - Loaded plugin ddr (category:tool,tabindex:6)
2025-06-08 22:17:17,170 [INFO] PluginManage:310 - Check plugin filemanager
2025-06-08 22:17:17,298 [INFO] PluginManage:359 - Loaded plugin filemanager (category:base,tabindex:10)
2025-06-08 22:17:17,298 [INFO] PluginManage:310 - Check plugin ipmanager
2025-06-08 22:17:17,298 [INFO] PluginManage:359 - Loaded plugin ipmanager (category:base,tabindex:5)
2025-06-08 22:17:17,298 [INFO] PluginManage:310 - Check plugin lpbam
2025-06-08 22:17:17,298 [INFO] PluginManage:359 - Loaded plugin lpbam (category:base,tabindex:0)
2025-06-08 22:17:17,298 [INFO] PluginManage:310 - Check plugin memorymap
2025-06-08 22:17:17,313 [INFO] PluginManage:359 - Loaded plugin memorymap (category:base,tabindex:4)
2025-06-08 22:17:17,313 [INFO] PluginManage:310 - Check plugin pinoutandconfiguration
2025-06-08 22:17:17,313 [INFO] PluginManage:359 - Loaded plugin pinoutandconfiguration (category:base,tabindex:1)
2025-06-08 22:17:17,313 [INFO] PluginManage:310 - Check plugin pinoutconfig
2025-06-08 22:17:17,393 [WARN] SupportedApi:132 - Cannot load RTOS API schema: s4s-elt-must-match.1: The content of 'definitions' must match (annotation?, (simpleType | complexType)?, (unique | key | keyref)*)). A problem was found starting at: attribute.
2025-06-08 22:17:17,520 [INFO] PluginManage:359 - Loaded plugin pinoutconfig (category:base,tabindex:0)
2025-06-08 22:17:17,520 [INFO] PluginManage:310 - Check plugin power
2025-06-08 22:17:17,536 [INFO] PluginManage:359 - Loaded plugin power (category:power,tabindex:4)
2025-06-08 22:17:17,536 [INFO] PluginManage:310 - Check plugin projectmanager
2025-06-08 22:17:17,552 [INFO] PluginManage:359 - Loaded plugin projectmanager (category:projectmanager,tabindex:4)
2025-06-08 22:17:17,552 [INFO] PluginManage:310 - Check plugin rif
2025-06-08 22:17:17,552 [INFO] PluginManage:359 - Loaded plugin rif (category:base,tabindex:3)
2025-06-08 22:17:17,552 [INFO] PluginManage:310 - Check plugin thirdparty
2025-06-08 22:17:17,669 [INFO] PluginManage:359 - Loaded plugin thirdparty (category:base,tabindex:-1)
2025-06-08 22:17:17,669 [WARN] IntegrityCheckThread:84 - waiting for thirdparty lock release [integrity check]
2025-06-08 22:17:17,669 [INFO] IntegrityCheckThread:86 - entering critical section [integrity check]
2025-06-08 22:17:17,669 [INFO] PluginManage:310 - Check plugin tools
2025-06-08 22:17:17,669 [INFO] ThirdPartyUpdaterWithRetryManager:70 - Updater plugin not ready yet. [1/15]
2025-06-08 22:17:17,669 [INFO] PluginManage:359 - Loaded plugin tools (category:base,tabindex:7)
2025-06-08 22:17:17,669 [INFO] PluginManage:310 - Check plugin tutovideos
2025-06-08 22:17:17,822 [INFO] PluginManage:359 - Loaded plugin tutovideos (category:base,tabindex:-1)
2025-06-08 22:17:17,822 [INFO] PluginManage:310 - Check plugin updater
2025-06-08 22:17:17,844 [INFO] PluginManage:359 - Loaded plugin updater (category:base,tabindex:12)
2025-06-08 22:17:17,844 [INFO] PluginManage:310 - Check plugin userauth
2025-06-08 22:17:17,844 [INFO] UserAuth:118 - Init User Auth plugin
2025-06-08 22:17:17,844 [INFO] PluginManage:359 - Loaded plugin userauth (category:base,tabindex:14)
2025-06-08 22:17:17,844 [INFO] PluginManage:283 - PluginManage : Loaded plugins [18]
2025-06-08 22:17:18,044 [INFO] PinOutPanel:1589 - setPackage(No Configuration,No Configuration)
2025-06-08 22:17:18,124 [INFO] CADModel:165 - CPN selected for project level
2025-06-08 22:17:18,124 [INFO] CADModel:114 - Register for checkConnection events
2025-06-08 22:17:18,140 [INFO] IPUIPlugin:80 - create IPUIPlugin
2025-06-08 22:17:18,140 [INFO] PluginManager:220 - loadIPPluginJar : add adc
2025-06-08 22:17:18,140 [INFO] IPUIPlugin:80 - create IPUIPlugin
2025-06-08 22:17:18,140 [INFO] PluginManager:220 - loadIPPluginJar : add aes
2025-06-08 22:17:18,140 [INFO] IPUIPlugin:80 - create IPUIPlugin
2025-06-08 22:17:18,140 [INFO] PluginManager:220 - loadIPPluginJar : add can
2025-06-08 22:17:18,140 [INFO] IPUIPlugin:80 - create IPUIPlugin
2025-06-08 22:17:18,140 [INFO] PluginManager:220 - loadIPPluginJar : add comp
2025-06-08 22:17:18,140 [INFO] IPUIPlugin:80 - create IPUIPlugin
2025-06-08 22:17:18,140 [INFO] PluginManager:220 - loadIPPluginJar : add cryp
2025-06-08 22:17:18,140 [INFO] IPUIPlugin:80 - create IPUIPlugin
2025-06-08 22:17:18,140 [INFO] PluginManager:220 - loadIPPluginJar : add ddr_ctrl_phy
2025-06-08 22:17:18,156 [INFO] IPUIPlugin:80 - create IPUIPlugin
2025-06-08 22:17:18,156 [INFO] PluginManager:220 - loadIPPluginJar : add dfsdm
2025-06-08 22:17:18,156 [INFO] IPUIPlugin:80 - create IPUIPlugin
2025-06-08 22:17:18,156 [INFO] PluginManager:220 - loadIPPluginJar : add dma
2025-06-08 22:17:18,156 [INFO] IPUIPlugin:80 - create IPUIPlugin
2025-06-08 22:17:18,156 [INFO] PluginManager:220 - loadIPPluginJar : add dma3
2025-06-08 22:17:18,156 [INFO] IPUIPlugin:80 - create IPUIPlugin
2025-06-08 22:17:18,156 [INFO] PluginManager:220 - loadIPPluginJar : add extmemmanager
2025-06-08 22:17:18,156 [INFO] IPUIPlugin:80 - create IPUIPlugin
2025-06-08 22:17:18,156 [INFO] PluginManager:220 - loadIPPluginJar : add fatfs
2025-06-08 22:17:18,172 [INFO] IPUIPlugin:80 - create IPUIPlugin
2025-06-08 22:17:18,172 [INFO] PluginManager:220 - loadIPPluginJar : add fmc
2025-06-08 22:17:18,172 [INFO] IPUIPlugin:80 - create IPUIPlugin
2025-06-08 22:17:18,172 [INFO] PluginManager:220 - loadIPPluginJar : add freertos
2025-06-08 22:17:18,172 [INFO] IPUIPlugin:80 - create IPUIPlugin
2025-06-08 22:17:18,172 [INFO] PluginManager:220 - loadIPPluginJar : add genericplugin
2025-06-08 22:17:18,172 [INFO] IPUIPlugin:80 - create IPUIPlugin
2025-06-08 22:17:18,172 [INFO] PluginManager:220 - loadIPPluginJar : add gfxmmu
2025-06-08 22:17:18,172 [INFO] IPUIPlugin:80 - create IPUIPlugin
2025-06-08 22:17:18,172 [INFO] PluginManager:220 - loadIPPluginJar : add gic
2025-06-08 22:17:18,172 [INFO] IPUIPlugin:80 - create IPUIPlugin
2025-06-08 22:17:18,172 [INFO] PluginManager:220 - loadIPPluginJar : add gpio
2025-06-08 22:17:18,188 [INFO] IPUIPlugin:80 - create IPUIPlugin
2025-06-08 22:17:18,188 [INFO] PluginManager:220 - loadIPPluginJar : add gtzc
2025-06-08 22:17:18,188 [INFO] IPUIPlugin:80 - create IPUIPlugin
2025-06-08 22:17:18,188 [INFO] PluginManager:220 - loadIPPluginJar : add hash
2025-06-08 22:17:18,188 [INFO] IPUIPlugin:80 - create IPUIPlugin
2025-06-08 22:17:18,188 [INFO] PluginManager:220 - loadIPPluginJar : add i2c
2025-06-08 22:17:18,188 [INFO] IPUIPlugin:80 - create IPUIPlugin
2025-06-08 22:17:18,188 [INFO] PluginManager:220 - loadIPPluginJar : add i2s
2025-06-08 22:17:18,188 [INFO] IPUIPlugin:80 - create IPUIPlugin
2025-06-08 22:17:18,188 [INFO] PluginManager:220 - loadIPPluginJar : add i3c
2025-06-08 22:17:18,188 [INFO] IPUIPlugin:80 - create IPUIPlugin
2025-06-08 22:17:18,188 [INFO] PluginManager:220 - loadIPPluginJar : add ipddr
2025-06-08 22:17:18,204 [INFO] IPUIPlugin:80 - create IPUIPlugin
2025-06-08 22:17:18,204 [INFO] PluginManager:220 - loadIPPluginJar : add linkedlist
2025-06-08 22:17:18,204 [INFO] IPUIPlugin:80 - create IPUIPlugin
2025-06-08 22:17:18,204 [INFO] PluginManager:220 - loadIPPluginJar : add lorawan
2025-06-08 22:17:18,204 [INFO] IPUIPlugin:80 - create IPUIPlugin
2025-06-08 22:17:18,204 [INFO] PluginManager:220 - loadIPPluginJar : add ltdc
2025-06-08 22:17:18,204 [INFO] IPUIPlugin:80 - create IPUIPlugin
2025-06-08 22:17:18,204 [INFO] PluginManager:220 - loadIPPluginJar : add mdma
2025-06-08 22:17:18,220 [INFO] IPUIPlugin:80 - create IPUIPlugin
2025-06-08 22:17:18,220 [INFO] PluginManager:220 - loadIPPluginJar : add nvic
2025-06-08 22:17:18,220 [INFO] IPUIPlugin:80 - create IPUIPlugin
2025-06-08 22:17:18,220 [INFO] PluginManager:220 - loadIPPluginJar : add opamp
2025-06-08 22:17:18,220 [INFO] IPUIPlugin:80 - create IPUIPlugin
2025-06-08 22:17:18,220 [INFO] PluginManager:220 - loadIPPluginJar : add openamp
2025-06-08 22:17:18,220 [INFO] IPUIPlugin:80 - create IPUIPlugin
2025-06-08 22:17:18,220 [INFO] PluginManager:220 - loadIPPluginJar : add pdm2pcm
2025-06-08 22:17:18,235 [INFO] IPUIPlugin:80 - create IPUIPlugin
2025-06-08 22:17:18,235 [INFO] PluginManager:220 - loadIPPluginJar : add plateformsettings
2025-06-08 22:17:18,235 [INFO] IPUIPlugin:80 - create IPUIPlugin
2025-06-08 22:17:18,235 [INFO] PluginManager:220 - loadIPPluginJar : add quadspi
2025-06-08 22:17:18,235 [INFO] IPUIPlugin:80 - create IPUIPlugin
2025-06-08 22:17:18,235 [INFO] PluginManager:220 - loadIPPluginJar : add radio
2025-06-08 22:17:18,235 [INFO] IPUIPlugin:80 - create IPUIPlugin
2025-06-08 22:17:18,235 [INFO] PluginManager:220 - loadIPPluginJar : add resmgrutility
2025-06-08 22:17:18,235 [INFO] IPUIPlugin:80 - create IPUIPlugin
2025-06-08 22:17:18,235 [INFO] PluginManager:220 - loadIPPluginJar : add sai
2025-06-08 22:17:18,251 [INFO] IPUIPlugin:80 - create IPUIPlugin
2025-06-08 22:17:18,251 [INFO] PluginManager:220 - loadIPPluginJar : add spi
2025-06-08 22:17:18,251 [INFO] IPUIPlugin:80 - create IPUIPlugin
2025-06-08 22:17:18,251 [INFO] PluginManager:220 - loadIPPluginJar : add stm32_wpan
2025-06-08 22:17:18,251 [INFO] IPUIPlugin:80 - create IPUIPlugin
2025-06-08 22:17:18,251 [INFO] PluginManager:220 - loadIPPluginJar : add tim
2025-06-08 22:17:18,267 [INFO] IPUIPlugin:80 - create IPUIPlugin
2025-06-08 22:17:18,267 [INFO] PluginManager:220 - loadIPPluginJar : add touchsensing
2025-06-08 22:17:18,267 [INFO] IPUIPlugin:80 - create IPUIPlugin
2025-06-08 22:17:18,267 [INFO] PluginManager:220 - loadIPPluginJar : add tracer_emb
2025-06-08 22:17:18,267 [INFO] IPUIPlugin:80 - create IPUIPlugin
2025-06-08 22:17:18,267 [INFO] PluginManager:220 - loadIPPluginJar : add ts
2025-06-08 22:17:18,267 [INFO] IPUIPlugin:80 - create IPUIPlugin
2025-06-08 22:17:18,267 [INFO] PluginManager:220 - loadIPPluginJar : add tsc
2025-06-08 22:17:18,267 [INFO] IPUIPlugin:80 - create IPUIPlugin
2025-06-08 22:17:18,267 [INFO] PluginManager:220 - loadIPPluginJar : add ucpd
2025-06-08 22:17:18,267 [INFO] IPUIPlugin:80 - create IPUIPlugin
2025-06-08 22:17:18,267 [INFO] PluginManager:220 - loadIPPluginJar : add usart
2025-06-08 22:17:18,267 [INFO] IPUIPlugin:80 - create IPUIPlugin
2025-06-08 22:17:18,267 [INFO] PluginManager:220 - loadIPPluginJar : add usbx
2025-06-08 22:17:18,410 [FATAL] Updater:351 - Updater called before beeing initialized
2025-06-08 22:17:18,431 [INFO] RulesReader:64 - Compatibility file has been processed (302 Rules)
2025-06-08 22:17:18,446 [INFO] RulesReader:64 - Compatibility file has been processed (302 Rules)
2025-06-08 22:17:18,461 [INFO] CADModel:165 - CPN selected for project level
2025-06-08 22:17:18,461 [INFO] CADModel:114 - Register for checkConnection events
2025-06-08 22:17:18,461 [FATAL] Updater:351 - Updater called before beeing initialized
2025-06-08 22:17:18,461 [ERROR] CADModel:125 - Updater not yet initialized, retry later 
2025-06-08 22:17:18,614 [FATAL] Updater:351 - Updater called before beeing initialized
2025-06-08 22:17:18,614 [INFO] CADModel:165 - CPN selected for project level
2025-06-08 22:17:18,614 [INFO] CADModel:114 - Register for checkConnection events
2025-06-08 22:17:18,614 [FATAL] Updater:351 - Updater called before beeing initialized
2025-06-08 22:17:18,614 [ERROR] CADModel:125 - Updater not yet initialized, retry later 
2025-06-08 22:17:18,614 [FATAL] Updater:351 - Updater called before beeing initialized
2025-06-08 22:17:18,772 [FATAL] Updater:351 - Updater called before beeing initialized
2025-06-08 22:17:18,772 [INFO] DbMcusAds:53 - JSON generation date=Wed May 07 16:07:55 ICT 2025 (1746608875638)
2025-06-08 22:17:18,772 [FATAL] Updater:351 - Updater called before beeing initialized
2025-06-08 22:17:18,815 [WARN] DetailPanel:346 - Failed to get advertising image, set to default
2025-06-08 22:17:19,070 [FATAL] Updater:351 - Updater called before beeing initialized
2025-06-08 22:17:19,072 [FATAL] Updater:351 - Updater called before beeing initialized
2025-06-08 22:17:19,072 [FATAL] Updater:351 - Updater called before beeing initialized
2025-06-08 22:17:19,072 [WARN] DetailPanel:346 - Failed to get advertising image, set to default
2025-06-08 22:17:19,072 [FATAL] Updater:351 - Updater called before beeing initialized
2025-06-08 22:17:19,119 [ERROR] Updater:1198 - MainUpdater not yet initialized. External WinMGr cannot be set.
2025-06-08 22:17:19,119 [INFO] Updater:1134 - Updater Version found : 6.14.1
2025-06-08 22:17:19,135 [INFO] ApplicationProperties:184 - Using Application install path: C:\ST\STM32CubeIDE_1.18.1\STM32CubeIDE\plugins\com.st.stm32cube.common.mx_6.14.1.202504091515
2025-06-08 22:17:19,466 [INFO] MainUpdater:2872 - connection check result : 10
2025-06-08 22:17:19,466 [INFO] MainUpdater:289 - Updater Check For Update Now.
2025-06-08 22:17:19,466 [INFO] MicroXplorer:498 - Change Database Version : DB.6.0.141
2025-06-08 22:17:19,482 [INFO] McuFinderGlobals:63 - Set McuFinder mode to 2 (CubeIDE integrated)
2025-06-08 22:17:19,482 [INFO] UserAuth:171 - activating auth plugin
2025-06-08 22:17:19,482 [INFO] UserAuth:484 - Internet connection configuration mode: 1
2025-06-08 22:17:19,510 [INFO] JxBrowserEngine:152 - Initiate JxBrowser Engine with user profile folder
2025-06-08 22:17:19,671 [INFO] CheckServerUpdateThread:120 - End of CheckServer Thread
2025-06-08 22:17:20,188 [INFO] WebApp:169 - Instantiating new browser for Auth
2025-06-08 22:17:21,061 [WARN] PackLoader:240 - Cannot read IP mode file for STMicroelectronics.FP-SNS-MOTENVWB1.1.4.0
2025-06-08 22:17:21,076 [WARN] PackLoader:240 - Cannot read IP mode file for STMicroelectronics.FP-ATR-ASTRA1.2.0.2
2025-06-08 22:17:21,096 [WARN] PackLoader:240 - Cannot read IP mode file for STMicroelectronics.X-CUBE-SMBUS.2.1.0
2025-06-08 22:17:21,103 [WARN] PackLoader:240 - Cannot read IP mode file for STMicroelectronics.X-CUBE-ST60.1.0.0
2025-06-08 22:17:21,174 [WARN] PackLoader:240 - Cannot read IP mode file for STMicroelectronics.X-CUBE-AZRTOS-F7.1.1.0
2025-06-08 22:17:21,254 [WARN] PackLoader:240 - Cannot read IP mode file for Infineon.AIROC-Wi-Fi-Bluetooth-STM32.1.7.0
2025-06-08 22:17:21,299 [WARN] PackLoader:240 - Cannot read IP mode file for STMicroelectronics.X-CUBE-DISPLAY.3.0.0
2025-06-08 22:17:21,319 [WARN] PackLoader:240 - Cannot read IP mode file for STMicroelectronics.X-CUBE-NFC10.1.0.0
2025-06-08 22:17:21,342 [WARN] PackLoader:240 - Cannot read IP mode file for STMicroelectronics.X-CUBE-BLEMGR.4.0.0
2025-06-08 22:17:21,355 [WARN] PackLoader:240 - Cannot read IP mode file for emotas.I-CUBE-CANOPEN.1.3.0
2025-06-08 22:17:21,375 [WARN] ConditionMgr:438 - getConditionDescription Invalid condition id : Cortex-A Device cause : null
2025-06-08 22:17:21,400 [WARN] ConditionMgr:1044 - genDependencies : Invalid condition id : Cortex-A Device cause : null
2025-06-08 22:17:21,401 [WARN] ConditionMgr:1044 - genDependencies : Invalid condition id : Cortex-A Device cause : null
2025-06-08 22:17:21,401 [WARN] ConditionMgr:1044 - genDependencies : Invalid condition id : Cortex-A Device cause : null
2025-06-08 22:17:21,408 [WARN] PackLoader:240 - Cannot read IP mode file for STMicroelectronics.X-CUBE-AI.10.0.0
2025-06-08 22:17:21,413 [INFO] WebApp:463 - Apply proxy settings
2025-06-08 22:17:21,413 [INFO] WebApp:548 - Chromium requires no authentication
2025-06-08 22:17:21,417 [WARN] PackLoader:240 - Cannot read IP mode file for STMicroelectronics.FP-SNS-SMARTAG2.1.2.0
2025-06-08 22:17:21,423 [WARN] PackLoader:240 - Cannot read IP mode file for STMicroelectronics.FP-SNS-FLIGHT1.5.1.0
2025-06-08 22:17:21,429 [INFO] WebApp:491 - Direct internet connection detected
2025-06-08 22:17:21,439 [INFO] LogOutputStream:77 - [STDOUT_REDIRECT] 1 : Invalid condition id : UX_CORESTACK_Condition cause : null
2025-06-08 22:17:21,440 [INFO] LogOutputStream:77 - [STDOUT_REDIRECT] 1 : Invalid condition id : UX_CORESTACK_Condition cause : null
2025-06-08 22:17:21,443 [INFO] LogOutputStream:77 - [STDOUT_REDIRECT] 1 : Invalid condition id : UX_CORESTACK_Condition cause : null
2025-06-08 22:17:21,445 [INFO] LogOutputStream:77 - [STDOUT_REDIRECT] 1 : Invalid condition id : UX_CORESTACK_Condition cause : null
2025-06-08 22:17:21,447 [INFO] LogOutputStream:77 - [STDOUT_REDIRECT] 1 : Invalid condition id : UX_CORESTACK_Condition cause : null
2025-06-08 22:17:21,451 [WARN] PackLoader:240 - Cannot read IP mode file for STMicroelectronics.X-CUBE-AZRTOS-WL.2.0.0
2025-06-08 22:17:21,459 [WARN] PackLoader:240 - Cannot read IP mode file for STMicroelectronics.FP-SNS-MOTENV1.5.0.0
2025-06-08 22:17:21,472 [WARN] PackLoader:240 - Cannot read IP mode file for WES.I-CUBE-Cesium.1.3.0
2025-06-08 22:17:21,472 [INFO] WebApp:894 - Register for checkConnection events
2025-06-08 22:17:21,473 [INFO] WebApp:463 - Apply proxy settings
2025-06-08 22:17:21,473 [INFO] WebApp:548 - Chromium requires no authentication
2025-06-08 22:17:21,480 [INFO] WebApp:491 - Direct internet connection detected
2025-06-08 22:17:21,481 [WARN] PackLoader:240 - Cannot read IP mode file for STMicroelectronics.X-CUBE-BLE2.3.3.0
2025-06-08 22:17:21,489 [WARN] PackLoader:240 - Cannot read IP mode file for STMicroelectronics.X-CUBE-NFC9.1.0.0
2025-06-08 22:17:21,499 [WARN] PackLoader:240 - Cannot read IP mode file for wolfSSL.I-CUBE-wolfSSL.5.8.0
2025-06-08 22:17:21,505 [WARN] PackLoader:240 - Cannot read IP mode file for STMicroelectronics.X-CUBE-BLE1.7.1.0
2025-06-08 22:17:21,513 [WARN] PackLoader:240 - Cannot read IP mode file for wolfSSL.I-CUBE-wolfMQTT.1.19.2
2025-06-08 22:17:21,518 [WARN] PackLoader:240 - Cannot read IP mode file for STMicroelectronics.X-CUBE-AI.10.1.0
2025-06-08 22:17:21,575 [WARN] PackLoader:240 - Cannot read IP mode file for STMicroelectronics.X-CUBE-MEMS1.11.2.0
2025-06-08 22:17:21,748 [WARN] PackLoader:240 - Cannot read IP mode file for STMicroelectronics.X-CUBE-AZRTOS-G0.1.1.0
2025-06-08 22:17:21,759 [WARN] PackLoader:240 - Cannot read IP mode file for STMicroelectronics.X-CUBE-SAFEA1.1.2.2
2025-06-08 22:17:21,768 [WARN] PackLoader:240 - Cannot read IP mode file for STMicroelectronics.X-CUBE-NFC4.3.0.0
2025-06-08 22:17:21,778 [WARN] PackLoader:240 - Cannot read IP mode file for EmbeddedOffice.I-CUBE-FS-RTOS.1.0.1
2025-06-08 22:17:21,786 [WARN] PackLoader:240 - Cannot read IP mode file for STMicroelectronics.X-CUBE-WB05N.2.0.0
2025-06-08 22:17:21,793 [WARN] PackLoader:240 - Cannot read IP mode file for wolfSSL.I-CUBE-wolfTPM.3.8.0
2025-06-08 22:17:21,800 [WARN] PackLoader:240 - Cannot read IP mode file for STMicroelectronics.X-CUBE-TCPP.4.2.0
2025-06-08 22:17:21,807 [WARN] PackLoader:240 - Cannot read IP mode file for RealThread.X-CUBE-RT-Thread_Nano.4.1.1
2025-06-08 22:17:21,814 [WARN] PackLoader:240 - Cannot read IP mode file for STMicroelectronics.FP-ATR-SIGFOX1.3.2.0
2025-06-08 22:17:21,817 [INFO] WebApp:225 - Starting web application
2025-06-08 22:17:21,817 [INFO] WebApp:593 - Web application path used C:\ST\STM32CubeIDE_1.18.1\STM32CubeIDE\plugins\com.st.stm32cube.common.mx_6.14.1.202504091515\db\plugins\mcufinder\reactClient1\index.html
2025-06-08 22:17:21,822 [WARN] PackLoader:240 - Cannot read IP mode file for STMicroelectronics.X-CUBE-EEPRMA1.5.1.0
2025-06-08 22:17:21,832 [WARN] PackLoader:240 - Cannot read IP mode file for ITTIA_DB.I-CUBE-ITTIADB.8.9.0
2025-06-08 22:17:21,843 [WARN] PackLoader:240 - Cannot read IP mode file for STMicroelectronics.X-CUBE-ST67W61.1.0.0
2025-06-08 22:17:21,877 [WARN] PackLoader:240 - Cannot read IP mode file for SEGGER.I-CUBE-embOS.1.3.1
2025-06-08 22:17:21,938 [WARN] PackLoader:240 - Cannot read IP mode file for STMicroelectronics.X-CUBE-ALGOBUILD.1.4.0
2025-06-08 22:17:21,957 [WARN] PackLoader:240 - Cannot read IP mode file for STMicroelectronics.X-CUBE-AZRTOS-F4.1.1.0
2025-06-08 22:17:21,965 [WARN] PackLoader:240 - Cannot read IP mode file for Avnet-IotConnect.X-CUBE-IoTC-DA16k-PMOD.1.0.0
2025-06-08 22:17:21,969 [WARN] PackLoader:240 - Cannot read IP mode file for STMicroelectronics.X-CUBE-ISPU.2.1.0
2025-06-08 22:17:21,992 [WARN] PackLoader:240 - Cannot read IP mode file for STMicroelectronics.X-CUBE-AZRTOS-L5.2.0.0
2025-06-08 22:17:22,004 [INFO] WebApp:191 - Connection restablished
2025-06-08 22:17:22,005 [WARN] PackLoader:240 - Cannot read IP mode file for STMicroelectronics.X-CUBE-NFC6.3.1.0
2025-06-08 22:17:22,017 [WARN] PackLoader:240 - Cannot read IP mode file for STMicroelectronics.X-CUBE-FREERTOS.1.3.1
2025-06-08 22:17:22,026 [WARN] PackLoader:240 - Cannot read IP mode file for STMicroelectronics.X-CUBE-DPower.1.3.0
2025-06-08 22:17:22,046 [WARN] ConditionMgr:438 - getConditionDescription Invalid condition id : LAN8742 Phy interface Condition cause : null
2025-06-08 22:17:22,047 [WARN] PackLoader:240 - Cannot read IP mode file for STMicroelectronics.X-CUBE-AZRTOS-L4.2.0.0
2025-06-08 22:17:22,049 [WARN] ConditionMgr:1044 - genDependencies : Invalid condition id : LAN8742 Phy interface Condition cause : null
2025-06-08 22:17:22,049 [WARN] ConditionMgr:1044 - genDependencies : Invalid condition id : LAN8742 Phy interface Condition cause : null
2025-06-08 22:17:22,050 [WARN] ConditionMgr:1044 - genDependencies : Invalid condition id : LAN8742 Phy interface Condition cause : null
2025-06-08 22:17:22,062 [WARN] PackLoader:240 - Cannot read IP mode file for STMicroelectronics.X-CUBE-SFXS2LP1.4.0.0
2025-06-08 22:17:22,086 [WARN] PackLoader:240 - Cannot read IP mode file for STMicroelectronics.X-CUBE-AZRTOS-H7.3.3.0
2025-06-08 22:17:22,103 [WARN] ConditionMgr:438 - getConditionDescription Invalid condition id : UX DEVICE CLASS RTOS Condition cause : null
2025-06-08 22:17:22,104 [WARN] ConditionMgr:438 - getConditionDescription Invalid condition id : UX DEVICE CLASS RTOS Condition cause : null
2025-06-08 22:17:22,106 [WARN] PackLoader:240 - Cannot read IP mode file for STMicroelectronics.X-CUBE-AZRTOS-WB.2.0.0
2025-06-08 22:17:22,107 [WARN] ConditionMgr:1044 - genDependencies : Invalid condition id : UX DEVICE CLASS RTOS Condition cause : null
2025-06-08 22:17:22,108 [WARN] ConditionMgr:1044 - genDependencies : Invalid condition id : UX DEVICE CLASS RTOS Condition cause : null
2025-06-08 22:17:22,108 [WARN] ConditionMgr:1044 - genDependencies : Invalid condition id : UX DEVICE CLASS RTOS Condition cause : null
2025-06-08 22:17:22,108 [WARN] ConditionMgr:1044 - genDependencies : Invalid condition id : UX DEVICE CLASS RTOS Condition cause : null
2025-06-08 22:17:22,108 [WARN] ConditionMgr:1044 - genDependencies : Invalid condition id : UX DEVICE CLASS RTOS Condition cause : null
2025-06-08 22:17:22,117 [WARN] PackLoader:240 - Cannot read IP mode file for STMicroelectronics.X-CUBE-GNSS1.7.0.1
2025-06-08 22:17:22,124 [WARN] PackLoader:240 - Cannot read IP mode file for STMicroelectronics.X-CUBE-TOUCHGFX.4.25.0
2025-06-08 22:17:22,135 [WARN] PackLoader:240 - Cannot read IP mode file for STMicroelectronics.FP-SNS-STBOX1.2.0.0
2025-06-08 22:17:22,148 [WARN] PackLoader:240 - Cannot read IP mode file for STMicroelectronics.X-CUBE-SUBG2.5.0.0
2025-06-08 22:17:22,171 [WARN] PackLoader:240 - Cannot read IP mode file for STMicroelectronics.X-CUBE-AZRTOS-H7RS.1.1.0
2025-06-08 22:17:22,180 [WARN] PackLoader:240 - Cannot read IP mode file for Cesanta.I-CUBE-Mongoose.7.13.0
2025-06-08 22:17:22,196 [WARN] PackLoader:240 - Cannot read IP mode file for STMicroelectronics.X-CUBE-AZRTOS-G4.2.0.0
2025-06-08 22:17:22,204 [WARN] PackLoader:240 - Cannot read IP mode file for wolfSSL.I-CUBE-wolfSSH.1.4.20
2025-06-08 22:17:22,218 [WARN] PackLoader:240 - Cannot read IP mode file for STMicroelectronics.X-CUBE-NFC7.2.0.0
2025-06-08 22:17:22,237 [WARN] PackLoader:240 - Cannot read IP mode file for STMicroelectronics.X-CUBE-IPS.3.1.0
2025-06-08 22:17:22,252 [WARN] PackLoader:240 - Cannot read IP mode file for STMicroelectronics.X-CUBE-ALS.1.0.2
2025-06-08 22:17:22,261 [WARN] PackLoader:240 - Cannot read IP mode file for portGmbH.I-Cube-SoM-uGOAL.1.1.0
2025-06-08 22:17:22,273 [WARN] PackLoader:240 - Cannot read IP mode file for STMicroelectronics.X-CUBE-TOF1.3.4.3
2025-06-08 22:17:22,341 [INFO] ThirdParty:978 - Integrity check success = true
2025-06-08 22:17:22,342 [INFO] IntegrityCheckThread:100 - exiting critical section [integrity check]
2025-06-08 22:17:22,343 [INFO] IntegrityCheckThread:103 - End integrity checks thread
2025-06-08 22:47:24,456 [ERROR] LogOutputStream:75 - [STDERR_REDIRECT] 
