2025-05-12 21:24:45,625 [INFO] Activator:176 - 


2025-05-12 21:24:45,627 [INFO] Activator:177 - !SESSION log4j initialized
2025-05-12 21:24:47,502 [ERROR] LogOutputStream:75 - [STDERR_REDIRECT] [Fatal Error] :1:1: Premature end of file.
2025-05-12 21:24:47,502 [ERROR] LogOutputStream:75 - [STDERR_REDIRECT] 
2025-05-12 21:24:48,451 [ERROR] LogOutputStream:75 - [STDERR_REDIRECT] [Fatal Error] :1:1: Premature end of file.
2025-05-12 21:24:48,452 [ERROR] LogOutputStream:75 - [STDERR_REDIRECT] 
2025-05-12 21:24:48,981 [INFO] LogOutputStream:77 - [STDOUT_REDIRECT] 
2025-05-12 21:24:49,433 [ERROR] LogOutputStream:75 - [STDERR_REDIRECT] [Fatal Error] :1:1: Premature end of file.
2025-05-12 21:24:49,433 [ERROR] LogOutputStream:75 - [STDERR_REDIRECT] 
2025-05-12 21:24:50,454 [ERROR] LogOutputStream:75 - [STDERR_REDIRECT] [Fatal Error] :1:1: Premature end of file.
2025-05-12 21:24:50,454 [ERROR] LogOutputStream:75 - [STDERR_REDIRECT] 
2025-05-12 21:24:51,437 [ERROR] LogOutputStream:75 - [STDERR_REDIRECT] [Fatal Error] :1:1: Premature end of file.
2025-05-12 21:24:51,437 [ERROR] LogOutputStream:75 - [STDERR_REDIRECT] 
2025-05-12 21:24:52,440 [ERROR] LogOutputStream:75 - [STDERR_REDIRECT] [Fatal Error] :1:1: Premature end of file.
2025-05-12 21:24:52,440 [ERROR] LogOutputStream:75 - [STDERR_REDIRECT] 
2025-05-12 21:24:52,645 [INFO] ApplicationProperties:184 - Using Application install path: C:\ST\STM32CubeIDE_1.17.0\STM32CubeIDE\plugins\com.st.stm32cube.common.mx_6.14.1.202504091515
2025-05-12 21:24:52,665 [INFO] DbMcusXml:78 - Set database path to: C:\ST\STM32CubeIDE_1.17.0\STM32CubeIDE\plugins\com.st.stm32cube.common.mx_6.14.1.202504091515\\db\/mcu/
2025-05-12 21:24:52,665 [INFO] ApiDb:274 - Set plugin database path to: C:\ST\STM32CubeIDE_1.17.0\STM32CubeIDE\plugins\com.st.stm32cube.common.mx_6.14.1.202504091515\\db\/plugins/boardmanager/
2025-05-12 21:24:52,665 [WARN] ApiDb:259 - Overriding images path with different value:  => C:\ST\STM32CubeIDE_1.17.0\STM32CubeIDE\plugins\com.st.stm32cube.common.mx_6.14.1.202504091515\\db\/plugins/mcufinder/images/
2025-05-12 21:24:52,672 [INFO] ApiDb:250 - Set database path to: C:\Users\nhduo\.stmcufinder\plugins\mcufinder//mcu/
2025-05-12 21:24:52,674 [INFO] DbMcusAds:125 - Set database path to: C:\Users\nhduo\.stmcufinder\plugins\mcufinder//mcu/
2025-05-12 21:24:53,436 [ERROR] LogOutputStream:75 - [STDERR_REDIRECT] [Fatal Error] :1:1: Premature end of file.
2025-05-12 21:24:53,436 [ERROR] LogOutputStream:75 - [STDERR_REDIRECT] 
2025-05-12 21:24:53,620 [INFO] CrossReferenceDbSqlite:203 - Set database path to: C:\Users\nhduo\.stmcufinder\plugins\mcufinder//mcu/cs/
2025-05-12 21:24:53,760 [INFO] RulesReader:64 - Compatibility file has been processed (302 Rules)
2025-05-12 21:24:53,871 [INFO] DbMcusXml:78 - Set database path to: C:\ST\STM32CubeIDE_1.17.0\STM32CubeIDE\plugins\com.st.stm32cube.common.mx_6.14.1.202504091515\\db\/mcu/
2025-05-12 21:24:53,871 [INFO] ApiDb:274 - Set plugin database path to: C:\ST\STM32CubeIDE_1.17.0\STM32CubeIDE\plugins\com.st.stm32cube.common.mx_6.14.1.202504091515\\db\/plugins/boardmanager/
2025-05-12 21:24:53,872 [INFO] ApiDb:261 - Set plugin images path to: C:\ST\STM32CubeIDE_1.17.0\STM32CubeIDE\plugins\com.st.stm32cube.common.mx_6.14.1.202504091515\\db\/plugins/mcufinder/images/
2025-05-12 21:24:53,872 [WARN] DbFile:41 - Overriding database path with different value: C:\Users\nhduo\.stmcufinder\plugins\mcufinder/ => C:\Users\nhduo\.stmcufinder\plugins\mcufinder
2025-05-12 21:24:53,872 [INFO] ApiDb:250 - Set database path to: C:\Users\nhduo\.stmcufinder\plugins\mcufinder//mcu/
2025-05-12 21:24:53,872 [WARN] DbFile:41 - Overriding database path with different value: C:\Users\nhduo\.stmcufinder\plugins\mcufinder/ => C:\Users\nhduo\.stmcufinder\plugins\mcufinder
2025-05-12 21:24:53,872 [INFO] DbMcusAds:125 - Set database path to: C:\Users\nhduo\.stmcufinder\plugins\mcufinder//mcu/
2025-05-12 21:24:53,872 [WARN] DbFile:41 - Overriding database path with different value: C:\Users\nhduo\.stmcufinder\plugins\mcufinder/ => C:\Users\nhduo\.stmcufinder\plugins\mcufinder
2025-05-12 21:24:53,872 [WARN] DbFile:41 - Overriding database path with different value: C:\Users\nhduo\.stmcufinder\plugins\mcufinder/ => C:\Users\nhduo\.stmcufinder\plugins\mcufinder
2025-05-12 21:24:54,429 [ERROR] LogOutputStream:75 - [STDERR_REDIRECT] [Fatal Error] :1:1: Premature end of file.
2025-05-12 21:24:54,429 [ERROR] LogOutputStream:75 - [STDERR_REDIRECT] 
2025-05-12 21:24:54,621 [INFO] CrossReferenceDbSqlite:203 - Set database path to: C:\Users\nhduo\.stmcufinder\plugins\mcufinder//mcu/cs/
2025-05-12 21:24:54,704 [INFO] MainPanel:272 - HeapMemory: 268435456
2025-05-12 21:24:54,794 [INFO] DbMcusXml:78 - Set database path to: C:\ST\STM32CubeIDE_1.17.0\STM32CubeIDE\plugins\com.st.stm32cube.common.mx_6.14.1.202504091515\\db\/mcu/
2025-05-12 21:24:54,794 [INFO] ApiDb:274 - Set plugin database path to: C:\ST\STM32CubeIDE_1.17.0\STM32CubeIDE\plugins\com.st.stm32cube.common.mx_6.14.1.202504091515\\db\/plugins/boardmanager/
2025-05-12 21:24:54,794 [INFO] ApiDb:261 - Set plugin images path to: C:\ST\STM32CubeIDE_1.17.0\STM32CubeIDE\plugins\com.st.stm32cube.common.mx_6.14.1.202504091515\\db\/plugins/mcufinder/images/
2025-05-12 21:24:54,795 [WARN] DbFile:41 - Overriding database path with different value: C:\Users\nhduo\.stmcufinder\plugins\mcufinder/ => C:\Users\nhduo\.stmcufinder\plugins\mcufinder
2025-05-12 21:24:54,795 [INFO] ApiDb:250 - Set database path to: C:\Users\nhduo\.stmcufinder\plugins\mcufinder//mcu/
2025-05-12 21:24:54,795 [WARN] DbFile:41 - Overriding database path with different value: C:\Users\nhduo\.stmcufinder\plugins\mcufinder/ => C:\Users\nhduo\.stmcufinder\plugins\mcufinder
2025-05-12 21:24:54,795 [INFO] DbMcusAds:125 - Set database path to: C:\Users\nhduo\.stmcufinder\plugins\mcufinder//mcu/
2025-05-12 21:24:54,795 [WARN] DbFile:41 - Overriding database path with different value: C:\Users\nhduo\.stmcufinder\plugins\mcufinder/ => C:\Users\nhduo\.stmcufinder\plugins\mcufinder
2025-05-12 21:24:54,795 [WARN] DbFile:41 - Overriding database path with different value: C:\Users\nhduo\.stmcufinder\plugins\mcufinder/ => C:\Users\nhduo\.stmcufinder\plugins\mcufinder
2025-05-12 21:24:55,430 [ERROR] LogOutputStream:75 - [STDERR_REDIRECT] [Fatal Error] :1:1: Premature end of file.
2025-05-12 21:24:55,430 [ERROR] LogOutputStream:75 - [STDERR_REDIRECT] 
2025-05-12 21:24:55,620 [INFO] CrossReferenceDbSqlite:203 - Set database path to: C:\Users\nhduo\.stmcufinder\plugins\mcufinder//mcu/cs/
2025-05-12 21:24:55,641 [INFO] ApplicationProperties:184 - Using Application install path: C:\ST\STM32CubeIDE_1.17.0\STM32CubeIDE\plugins\com.st.stm32cube.common.mx_6.14.1.202504091515
2025-05-12 21:24:55,642 [INFO] PluginManage:196 - Search for loadable plugins [exclusion list=, ]
2025-05-12 21:24:55,643 [INFO] PluginManage:310 - Check plugin analytics
2025-05-12 21:24:56,434 [ERROR] LogOutputStream:75 - [STDERR_REDIRECT] [Fatal Error] :1:1: Premature end of file.
2025-05-12 21:24:56,435 [ERROR] LogOutputStream:75 - [STDERR_REDIRECT] 
2025-05-12 21:24:56,705 [INFO] AnalyticsPlugin:253 - Accepted Software Licenses: STM32CubeMX.6.13.0
2025-05-12 21:24:56,706 [INFO] AnalyticsPlugin:255 - Accepted CMSIS Pack Licenses: 
2025-05-12 21:24:56,706 [INFO] AnalyticsPlugin:257 - Accepted Firmware Licenses: FW.F4.1.28.0
2025-05-12 21:24:56,710 [INFO] PluginManage:359 - Loaded plugin analytics (category:tool,tabindex:-1)
2025-05-12 21:24:56,710 [INFO] PluginManage:310 - Check plugin cadmodel
2025-05-12 21:24:56,715 [INFO] CADModel:105 - Init CAD model plugin
2025-05-12 21:24:56,716 [INFO] PluginManage:359 - Loaded plugin cadmodel (category:power,tabindex:5)
2025-05-12 21:24:56,716 [INFO] PluginManage:310 - Check plugin clock
2025-05-12 21:24:56,725 [INFO] PluginManage:359 - Loaded plugin clock (category:base,tabindex:2)
2025-05-12 21:24:56,725 [INFO] PluginManage:310 - Check plugin ddr
2025-05-12 21:24:56,727 [INFO] PluginManage:359 - Loaded plugin ddr (category:tool,tabindex:6)
2025-05-12 21:24:56,728 [INFO] PluginManage:310 - Check plugin filemanager
2025-05-12 21:24:56,948 [INFO] PluginManage:359 - Loaded plugin filemanager (category:base,tabindex:10)
2025-05-12 21:24:56,948 [INFO] PluginManage:310 - Check plugin ipmanager
2025-05-12 21:24:56,958 [INFO] PluginManage:359 - Loaded plugin ipmanager (category:base,tabindex:5)
2025-05-12 21:24:56,958 [INFO] PluginManage:310 - Check plugin lpbam
2025-05-12 21:24:56,972 [INFO] PluginManage:359 - Loaded plugin lpbam (category:base,tabindex:0)
2025-05-12 21:24:56,972 [INFO] PluginManage:310 - Check plugin memorymap
2025-05-12 21:24:56,986 [INFO] PluginManage:359 - Loaded plugin memorymap (category:base,tabindex:4)
2025-05-12 21:24:56,986 [INFO] PluginManage:310 - Check plugin pinoutandconfiguration
2025-05-12 21:24:56,995 [INFO] PluginManage:359 - Loaded plugin pinoutandconfiguration (category:base,tabindex:1)
2025-05-12 21:24:56,995 [INFO] PluginManage:310 - Check plugin pinoutconfig
2025-05-12 21:24:57,091 [WARN] SupportedApi:132 - Cannot load RTOS API schema: s4s-elt-must-match.1: The content of 'definitions' must match (annotation?, (simpleType | complexType)?, (unique | key | keyref)*)). A problem was found starting at: attribute.
2025-05-12 21:24:57,255 [INFO] PluginManage:359 - Loaded plugin pinoutconfig (category:base,tabindex:0)
2025-05-12 21:24:57,255 [INFO] PluginManage:310 - Check plugin power
2025-05-12 21:24:57,267 [INFO] PluginManage:359 - Loaded plugin power (category:power,tabindex:4)
2025-05-12 21:24:57,267 [INFO] PluginManage:310 - Check plugin projectmanager
2025-05-12 21:24:57,292 [INFO] PluginManage:359 - Loaded plugin projectmanager (category:projectmanager,tabindex:4)
2025-05-12 21:24:57,292 [INFO] PluginManage:310 - Check plugin rif
2025-05-12 21:24:57,300 [INFO] PluginManage:359 - Loaded plugin rif (category:base,tabindex:3)
2025-05-12 21:24:57,300 [INFO] PluginManage:310 - Check plugin thirdparty
2025-05-12 21:24:57,454 [ERROR] LogOutputStream:75 - [STDERR_REDIRECT] [Fatal Error] :1:1: Premature end of file.
2025-05-12 21:24:57,454 [ERROR] LogOutputStream:75 - [STDERR_REDIRECT] 
2025-05-12 21:24:57,496 [INFO] PluginManage:359 - Loaded plugin thirdparty (category:base,tabindex:-1)
2025-05-12 21:24:57,496 [WARN] IntegrityCheckThread:84 - waiting for thirdparty lock release [integrity check]
2025-05-12 21:24:57,497 [INFO] IntegrityCheckThread:86 - entering critical section [integrity check]
2025-05-12 21:24:57,497 [INFO] PluginManage:310 - Check plugin tools
2025-05-12 21:24:57,497 [INFO] ThirdPartyUpdaterWithRetryManager:70 - Updater plugin not ready yet. [1/15]
2025-05-12 21:24:57,501 [INFO] PluginManage:359 - Loaded plugin tools (category:base,tabindex:7)
2025-05-12 21:24:57,501 [INFO] PluginManage:310 - Check plugin tutovideos
2025-05-12 21:24:57,702 [INFO] PluginManage:359 - Loaded plugin tutovideos (category:base,tabindex:-1)
2025-05-12 21:24:57,702 [INFO] PluginManage:310 - Check plugin updater
2025-05-12 21:24:57,729 [INFO] PluginManage:359 - Loaded plugin updater (category:base,tabindex:12)
2025-05-12 21:24:57,729 [INFO] PluginManage:310 - Check plugin userauth
2025-05-12 21:24:57,733 [INFO] UserAuth:118 - Init User Auth plugin
2025-05-12 21:24:57,734 [INFO] PluginManage:359 - Loaded plugin userauth (category:base,tabindex:14)
2025-05-12 21:24:57,734 [INFO] PluginManage:283 - PluginManage : Loaded plugins [18]
2025-05-12 21:24:57,997 [INFO] PinOutPanel:1589 - setPackage(No Configuration,No Configuration)
2025-05-12 21:24:58,120 [INFO] CADModel:165 - CPN selected for project level
2025-05-12 21:24:58,121 [INFO] CADModel:114 - Register for checkConnection events
2025-05-12 21:24:58,140 [INFO] IPUIPlugin:80 - create IPUIPlugin
2025-05-12 21:24:58,141 [INFO] PluginManager:220 - loadIPPluginJar : add adc
2025-05-12 21:24:58,145 [INFO] IPUIPlugin:80 - create IPUIPlugin
2025-05-12 21:24:58,146 [INFO] PluginManager:220 - loadIPPluginJar : add aes
2025-05-12 21:24:58,149 [INFO] IPUIPlugin:80 - create IPUIPlugin
2025-05-12 21:24:58,149 [INFO] PluginManager:220 - loadIPPluginJar : add can
2025-05-12 21:24:58,151 [INFO] IPUIPlugin:80 - create IPUIPlugin
2025-05-12 21:24:58,152 [INFO] PluginManager:220 - loadIPPluginJar : add comp
2025-05-12 21:24:58,155 [INFO] IPUIPlugin:80 - create IPUIPlugin
2025-05-12 21:24:58,155 [INFO] PluginManager:220 - loadIPPluginJar : add cryp
2025-05-12 21:24:58,158 [INFO] IPUIPlugin:80 - create IPUIPlugin
2025-05-12 21:24:58,158 [INFO] PluginManager:220 - loadIPPluginJar : add ddr_ctrl_phy
2025-05-12 21:24:58,161 [INFO] IPUIPlugin:80 - create IPUIPlugin
2025-05-12 21:24:58,163 [INFO] PluginManager:220 - loadIPPluginJar : add dfsdm
2025-05-12 21:24:58,168 [INFO] IPUIPlugin:80 - create IPUIPlugin
2025-05-12 21:24:58,170 [INFO] PluginManager:220 - loadIPPluginJar : add dma
2025-05-12 21:24:58,173 [INFO] IPUIPlugin:80 - create IPUIPlugin
2025-05-12 21:24:58,173 [INFO] PluginManager:220 - loadIPPluginJar : add dma3
2025-05-12 21:24:58,179 [INFO] IPUIPlugin:80 - create IPUIPlugin
2025-05-12 21:24:58,179 [INFO] PluginManager:220 - loadIPPluginJar : add extmemmanager
2025-05-12 21:24:58,182 [INFO] IPUIPlugin:80 - create IPUIPlugin
2025-05-12 21:24:58,182 [INFO] PluginManager:220 - loadIPPluginJar : add fatfs
2025-05-12 21:24:58,188 [INFO] IPUIPlugin:80 - create IPUIPlugin
2025-05-12 21:24:58,189 [INFO] PluginManager:220 - loadIPPluginJar : add fmc
2025-05-12 21:24:58,196 [INFO] IPUIPlugin:80 - create IPUIPlugin
2025-05-12 21:24:58,197 [INFO] PluginManager:220 - loadIPPluginJar : add freertos
2025-05-12 21:24:58,199 [INFO] IPUIPlugin:80 - create IPUIPlugin
2025-05-12 21:24:58,199 [INFO] PluginManager:220 - loadIPPluginJar : add genericplugin
2025-05-12 21:24:58,202 [INFO] IPUIPlugin:80 - create IPUIPlugin
2025-05-12 21:24:58,202 [INFO] PluginManager:220 - loadIPPluginJar : add gfxmmu
2025-05-12 21:24:58,208 [INFO] IPUIPlugin:80 - create IPUIPlugin
2025-05-12 21:24:58,209 [INFO] PluginManager:220 - loadIPPluginJar : add gic
2025-05-12 21:24:58,214 [INFO] IPUIPlugin:80 - create IPUIPlugin
2025-05-12 21:24:58,214 [INFO] PluginManager:220 - loadIPPluginJar : add gpio
2025-05-12 21:24:58,218 [INFO] IPUIPlugin:80 - create IPUIPlugin
2025-05-12 21:24:58,219 [INFO] PluginManager:220 - loadIPPluginJar : add gtzc
2025-05-12 21:24:58,222 [INFO] IPUIPlugin:80 - create IPUIPlugin
2025-05-12 21:24:58,222 [INFO] PluginManager:220 - loadIPPluginJar : add hash
2025-05-12 21:24:58,227 [INFO] IPUIPlugin:80 - create IPUIPlugin
2025-05-12 21:24:58,227 [INFO] PluginManager:220 - loadIPPluginJar : add i2c
2025-05-12 21:24:58,230 [INFO] IPUIPlugin:80 - create IPUIPlugin
2025-05-12 21:24:58,231 [INFO] PluginManager:220 - loadIPPluginJar : add i2s
2025-05-12 21:24:58,235 [INFO] IPUIPlugin:80 - create IPUIPlugin
2025-05-12 21:24:58,235 [INFO] PluginManager:220 - loadIPPluginJar : add i3c
2025-05-12 21:24:58,238 [INFO] IPUIPlugin:80 - create IPUIPlugin
2025-05-12 21:24:58,239 [INFO] PluginManager:220 - loadIPPluginJar : add ipddr
2025-05-12 21:24:58,247 [INFO] IPUIPlugin:80 - create IPUIPlugin
2025-05-12 21:24:58,247 [INFO] PluginManager:220 - loadIPPluginJar : add linkedlist
2025-05-12 21:24:58,251 [INFO] IPUIPlugin:80 - create IPUIPlugin
2025-05-12 21:24:58,251 [INFO] PluginManager:220 - loadIPPluginJar : add lorawan
2025-05-12 21:24:58,253 [INFO] IPUIPlugin:80 - create IPUIPlugin
2025-05-12 21:24:58,253 [INFO] PluginManager:220 - loadIPPluginJar : add ltdc
2025-05-12 21:24:58,261 [INFO] IPUIPlugin:80 - create IPUIPlugin
2025-05-12 21:24:58,261 [INFO] PluginManager:220 - loadIPPluginJar : add mdma
2025-05-12 21:24:58,265 [INFO] IPUIPlugin:80 - create IPUIPlugin
2025-05-12 21:24:58,265 [INFO] PluginManager:220 - loadIPPluginJar : add nvic
2025-05-12 21:24:58,269 [INFO] IPUIPlugin:80 - create IPUIPlugin
2025-05-12 21:24:58,269 [INFO] PluginManager:220 - loadIPPluginJar : add opamp
2025-05-12 21:24:58,274 [INFO] IPUIPlugin:80 - create IPUIPlugin
2025-05-12 21:24:58,274 [INFO] PluginManager:220 - loadIPPluginJar : add openamp
2025-05-12 21:24:58,278 [INFO] IPUIPlugin:80 - create IPUIPlugin
2025-05-12 21:24:58,278 [INFO] PluginManager:220 - loadIPPluginJar : add pdm2pcm
2025-05-12 21:24:58,286 [INFO] IPUIPlugin:80 - create IPUIPlugin
2025-05-12 21:24:58,291 [INFO] PluginManager:220 - loadIPPluginJar : add plateformsettings
2025-05-12 21:24:58,293 [INFO] IPUIPlugin:80 - create IPUIPlugin
2025-05-12 21:24:58,293 [INFO] PluginManager:220 - loadIPPluginJar : add quadspi
2025-05-12 21:24:58,295 [INFO] IPUIPlugin:80 - create IPUIPlugin
2025-05-12 21:24:58,296 [INFO] PluginManager:220 - loadIPPluginJar : add radio
2025-05-12 21:24:58,300 [INFO] IPUIPlugin:80 - create IPUIPlugin
2025-05-12 21:24:58,300 [INFO] PluginManager:220 - loadIPPluginJar : add resmgrutility
2025-05-12 21:24:58,305 [INFO] IPUIPlugin:80 - create IPUIPlugin
2025-05-12 21:24:58,305 [INFO] PluginManager:220 - loadIPPluginJar : add sai
2025-05-12 21:24:58,309 [INFO] IPUIPlugin:80 - create IPUIPlugin
2025-05-12 21:24:58,309 [INFO] PluginManager:220 - loadIPPluginJar : add spi
2025-05-12 21:24:58,316 [INFO] IPUIPlugin:80 - create IPUIPlugin
2025-05-12 21:24:58,317 [INFO] PluginManager:220 - loadIPPluginJar : add stm32_wpan
2025-05-12 21:24:58,319 [INFO] IPUIPlugin:80 - create IPUIPlugin
2025-05-12 21:24:58,319 [INFO] PluginManager:220 - loadIPPluginJar : add tim
2025-05-12 21:24:58,323 [INFO] IPUIPlugin:80 - create IPUIPlugin
2025-05-12 21:24:58,325 [INFO] PluginManager:220 - loadIPPluginJar : add touchsensing
2025-05-12 21:24:58,328 [INFO] IPUIPlugin:80 - create IPUIPlugin
2025-05-12 21:24:58,328 [INFO] PluginManager:220 - loadIPPluginJar : add tracer_emb
2025-05-12 21:24:58,332 [INFO] IPUIPlugin:80 - create IPUIPlugin
2025-05-12 21:24:58,332 [INFO] PluginManager:220 - loadIPPluginJar : add ts
2025-05-12 21:24:58,334 [INFO] IPUIPlugin:80 - create IPUIPlugin
2025-05-12 21:24:58,334 [INFO] PluginManager:220 - loadIPPluginJar : add tsc
2025-05-12 21:24:58,337 [INFO] IPUIPlugin:80 - create IPUIPlugin
2025-05-12 21:24:58,337 [INFO] PluginManager:220 - loadIPPluginJar : add ucpd
2025-05-12 21:24:58,340 [INFO] IPUIPlugin:80 - create IPUIPlugin
2025-05-12 21:24:58,341 [INFO] PluginManager:220 - loadIPPluginJar : add usart
2025-05-12 21:24:58,345 [INFO] IPUIPlugin:80 - create IPUIPlugin
2025-05-12 21:24:58,345 [INFO] PluginManager:220 - loadIPPluginJar : add usbx
2025-05-12 21:24:58,445 [ERROR] LogOutputStream:75 - [STDERR_REDIRECT] [Fatal Error] :1:1: Premature end of file.
2025-05-12 21:24:58,445 [ERROR] LogOutputStream:75 - [STDERR_REDIRECT] 
2025-05-12 21:24:58,517 [FATAL] Updater:351 - Updater called before beeing initialized
2025-05-12 21:24:58,552 [INFO] RulesReader:64 - Compatibility file has been processed (302 Rules)
2025-05-12 21:24:58,570 [INFO] RulesReader:64 - Compatibility file has been processed (302 Rules)
2025-05-12 21:24:58,580 [INFO] CADModel:165 - CPN selected for project level
2025-05-12 21:24:58,580 [INFO] CADModel:114 - Register for checkConnection events
2025-05-12 21:24:58,581 [FATAL] Updater:351 - Updater called before beeing initialized
2025-05-12 21:24:58,581 [ERROR] CADModel:125 - Updater not yet initialized, retry later 
2025-05-12 21:24:58,748 [FATAL] Updater:351 - Updater called before beeing initialized
2025-05-12 21:24:58,750 [INFO] CADModel:165 - CPN selected for project level
2025-05-12 21:24:58,750 [INFO] CADModel:114 - Register for checkConnection events
2025-05-12 21:24:58,750 [FATAL] Updater:351 - Updater called before beeing initialized
2025-05-12 21:24:58,750 [ERROR] CADModel:125 - Updater not yet initialized, retry later 
2025-05-12 21:24:58,754 [FATAL] Updater:351 - Updater called before beeing initialized
2025-05-12 21:24:58,910 [FATAL] Updater:351 - Updater called before beeing initialized
2025-05-12 21:24:58,915 [INFO] DbMcusAds:53 - JSON generation date=Tue Dec 17 23:01:25 ICT 2024 (1734451285682)
2025-05-12 21:24:58,916 [FATAL] Updater:351 - Updater called before beeing initialized
2025-05-12 21:24:58,959 [WARN] DetailPanel:346 - Failed to get advertising image, set to default
2025-05-12 21:24:59,304 [FATAL] Updater:351 - Updater called before beeing initialized
2025-05-12 21:24:59,306 [FATAL] Updater:351 - Updater called before beeing initialized
2025-05-12 21:24:59,306 [FATAL] Updater:351 - Updater called before beeing initialized
2025-05-12 21:24:59,306 [WARN] DetailPanel:346 - Failed to get advertising image, set to default
2025-05-12 21:24:59,308 [FATAL] Updater:351 - Updater called before beeing initialized
2025-05-12 21:24:59,378 [ERROR] Updater:1198 - MainUpdater not yet initialized. External WinMGr cannot be set.
2025-05-12 21:24:59,381 [INFO] Updater:1134 - Updater Version found : 6.14.1
2025-05-12 21:24:59,403 [INFO] ApplicationProperties:184 - Using Application install path: C:\ST\STM32CubeIDE_1.17.0\STM32CubeIDE\plugins\com.st.stm32cube.common.mx_6.14.1.202504091515
2025-05-12 21:24:59,439 [ERROR] LogOutputStream:75 - [STDERR_REDIRECT] [Fatal Error] :1:1: Premature end of file.
2025-05-12 21:24:59,439 [ERROR] LogOutputStream:75 - [STDERR_REDIRECT] 
2025-05-12 21:25:00,429 [ERROR] LogOutputStream:75 - [STDERR_REDIRECT] [Fatal Error] :1:1: Premature end of file.
2025-05-12 21:25:00,430 [ERROR] LogOutputStream:75 - [STDERR_REDIRECT] 
2025-05-12 21:25:00,499 [INFO] ThirdPartyUpdaterWithRetryManager:70 - Updater plugin not ready yet. [2/15]
2025-05-12 21:25:00,983 [ERROR] LogOutputStream:75 - [STDERR_REDIRECT] May 12, 2025 9:25:00 PM java.util.prefs.WindowsPreferences <init>
2025-05-12 21:25:00,987 [ERROR] LogOutputStream:75 - [STDERR_REDIRECT] WARNING: Could not open/create prefs root node Software\JavaSoft\Prefs at root 0xffffffff80000002. Windows RegCreateKeyEx(...) returned error code 5.
2025-05-12 21:25:00,987 [ERROR] LogOutputStream:75 - [STDERR_REDIRECT] 
2025-05-12 21:25:01,433 [ERROR] LogOutputStream:75 - [STDERR_REDIRECT] [Fatal Error] :1:1: Premature end of file.
2025-05-12 21:25:01,433 [ERROR] LogOutputStream:75 - [STDERR_REDIRECT] 
2025-05-12 21:25:01,595 [INFO] MainUpdater:2872 - connection check result : 10
2025-05-12 21:25:01,597 [INFO] MainUpdater:289 - Updater Check For Update Now.
2025-05-12 21:25:01,597 [INFO] MicroXplorer:498 - Change Database Version : DB.6.0.141
2025-05-12 21:25:01,602 [INFO] McuFinderGlobals:63 - Set McuFinder mode to 2 (CubeIDE integrated)
2025-05-12 21:25:01,603 [INFO] UserAuth:484 - Internet connection configuration mode: 1
2025-05-12 21:25:01,626 [INFO] JxBrowserEngine:152 - Initiate JxBrowser Engine with user profile folder
2025-05-12 21:25:01,832 [INFO] CheckServerUpdateThread:120 - End of CheckServer Thread
2025-05-12 21:25:02,448 [ERROR] LogOutputStream:75 - [STDERR_REDIRECT] [Fatal Error] :1:1: Premature end of file.
2025-05-12 21:25:02,450 [ERROR] LogOutputStream:75 - [STDERR_REDIRECT] 
2025-05-12 21:25:02,484 [INFO] WebApp:169 - Instantiating new browser for Auth
2025-05-12 21:25:03,499 [INFO] WebApp:463 - Apply proxy settings
2025-05-12 21:25:03,499 [INFO] WebApp:548 - Chromium requires no authentication
2025-05-12 21:25:03,518 [ERROR] LogOutputStream:75 - [STDERR_REDIRECT] [Fatal Error] :1:1: Premature end of file.
2025-05-12 21:25:03,518 [ERROR] LogOutputStream:75 - [STDERR_REDIRECT] 
2025-05-12 21:25:03,520 [INFO] WebApp:491 - Direct internet connection detected
2025-05-12 21:25:03,591 [INFO] WebApp:894 - Register for checkConnection events
2025-05-12 21:25:03,592 [INFO] WebApp:463 - Apply proxy settings
2025-05-12 21:25:03,592 [INFO] WebApp:548 - Chromium requires no authentication
2025-05-12 21:25:03,595 [INFO] WebApp:491 - Direct internet connection detected
2025-05-12 21:25:03,995 [INFO] WebApp:191 - Connection restablished
2025-05-12 21:25:04,054 [WARN] PackLoader:240 - Cannot read IP mode file for STMicroelectronics.FP-SNS-MOTENVWB1.1.4.0
2025-05-12 21:25:04,065 [INFO] WebApp:225 - Starting web application
2025-05-12 21:25:04,066 [INFO] WebApp:593 - Web application path used C:\ST\STM32CubeIDE_1.17.0\STM32CubeIDE\plugins\com.st.stm32cube.common.mx_6.14.1.202504091515\db\plugins\mcufinder\reactClient1\index.html
2025-05-12 21:25:04,070 [WARN] PackLoader:240 - Cannot read IP mode file for STMicroelectronics.FP-ATR-ASTRA1.2.0.2
2025-05-12 21:25:04,079 [WARN] PackLoader:240 - Cannot read IP mode file for STMicroelectronics.FP-ATR-ASTRA1.2.0.1
2025-05-12 21:25:04,126 [WARN] PackLoader:240 - Cannot read IP mode file for STMicroelectronics.X-CUBE-SMBUS.2.1.0
2025-05-12 21:25:04,151 [WARN] PackLoader:240 - Cannot read IP mode file for STMicroelectronics.X-CUBE-WB05N.1.1.0
2025-05-12 21:25:04,233 [WARN] PackLoader:240 - Cannot read IP mode file for STMicroelectronics.X-CUBE-AZRTOS-F7.1.1.0
2025-05-12 21:25:04,259 [WARN] PackLoader:240 - Cannot read IP mode file for STMicroelectronics.FP-SNS-FLIGHT1.5.0.2
2025-05-12 21:25:04,330 [WARN] PackLoader:240 - Cannot read IP mode file for Infineon.AIROC-Wi-Fi-Bluetooth-STM32.1.7.0
2025-05-12 21:25:04,373 [WARN] PackLoader:240 - Cannot read IP mode file for STMicroelectronics.X-CUBE-DISPLAY.3.0.0
2025-05-12 21:25:04,389 [WARN] PackLoader:240 - Cannot read IP mode file for STMicroelectronics.X-CUBE-BLE1.7.0.0
2025-05-12 21:25:04,408 [WARN] PackLoader:240 - Cannot read IP mode file for STMicroelectronics.X-CUBE-NFC10.1.0.0
2025-05-12 21:25:04,429 [WARN] PackLoader:240 - Cannot read IP mode file for STMicroelectronics.X-CUBE-BLEMGR.4.0.0
2025-05-12 21:25:04,454 [WARN] PackLoader:240 - Cannot read IP mode file for emotas.I-CUBE-CANOPEN.1.3.0
2025-05-12 21:25:04,465 [WARN] PackLoader:240 - Cannot read IP mode file for STMicroelectronics.X-CUBE-AI.10.0.0
2025-05-12 21:25:04,492 [WARN] PackLoader:240 - Cannot read IP mode file for STMicroelectronics.FP-SNS-SMARTAG2.1.2.0
2025-05-12 21:25:04,512 [WARN] PackLoader:240 - Cannot read IP mode file for STMicroelectronics.FP-SNS-FLIGHT1.5.1.0
2025-05-12 21:25:04,556 [INFO] UserAuth:484 - Internet connection configuration mode: 1
2025-05-12 21:25:04,666 [WARN] PackLoader:240 - Cannot read IP mode file for STMicroelectronics.X-CUBE-MEMS1.11.1.0
2025-05-12 21:25:04,926 [INFO] LogOutputStream:77 - [STDOUT_REDIRECT] 1 : Invalid condition id : UX_CORESTACK_Condition cause : null
2025-05-12 21:25:04,926 [INFO] LogOutputStream:77 - [STDOUT_REDIRECT] 1 : Invalid condition id : UX_CORESTACK_Condition cause : null
2025-05-12 21:25:04,928 [INFO] LogOutputStream:77 - [STDOUT_REDIRECT] 1 : Invalid condition id : UX_CORESTACK_Condition cause : null
2025-05-12 21:25:04,930 [INFO] LogOutputStream:77 - [STDOUT_REDIRECT] 1 : Invalid condition id : UX_CORESTACK_Condition cause : null
2025-05-12 21:25:04,932 [INFO] LogOutputStream:77 - [STDOUT_REDIRECT] 1 : Invalid condition id : UX_CORESTACK_Condition cause : null
2025-05-12 21:25:04,936 [WARN] PackLoader:240 - Cannot read IP mode file for STMicroelectronics.X-CUBE-AZRTOS-WL.2.0.0
2025-05-12 21:25:04,948 [WARN] PackLoader:240 - Cannot read IP mode file for STMicroelectronics.FP-SNS-MOTENV1.5.0.0
2025-05-12 21:25:04,963 [WARN] PackLoader:240 - Cannot read IP mode file for wolfSSL.I-CUBE-wolfMQTT.1.19.0
2025-05-12 21:25:04,982 [WARN] PackLoader:240 - Cannot read IP mode file for WES.I-CUBE-Cesium.1.3.0
2025-05-12 21:25:04,991 [WARN] PackLoader:240 - Cannot read IP mode file for STMicroelectronics.X-CUBE-BLE2.3.3.0
2025-05-12 21:25:05,003 [WARN] PackLoader:240 - Cannot read IP mode file for STMicroelectronics.X-CUBE-NFC9.1.0.0
2025-05-12 21:25:05,015 [WARN] PackLoader:240 - Cannot read IP mode file for STMicroelectronics.X-CUBE-BLE1.7.1.0
2025-05-12 21:25:05,099 [WARN] PackLoader:240 - Cannot read IP mode file for STMicroelectronics.X-CUBE-MEMS1.11.2.0
2025-05-12 21:25:05,319 [ERROR] LogOutputStream:75 - [STDERR_REDIRECT] [Fatal Error] :1:1: Premature end of file.
2025-05-12 21:25:05,320 [ERROR] LogOutputStream:75 - [STDERR_REDIRECT] 
2025-05-12 21:25:05,354 [WARN] PackLoader:240 - Cannot read IP mode file for STMicroelectronics.X-CUBE-AZRTOS-G0.1.1.0
2025-05-12 21:25:05,368 [WARN] PackLoader:240 - Cannot read IP mode file for STMicroelectronics.X-CUBE-SAFEA1.1.2.2
2025-05-12 21:25:05,379 [WARN] PackLoader:240 - Cannot read IP mode file for STMicroelectronics.X-CUBE-NFC4.3.0.0
2025-05-12 21:25:05,398 [WARN] PackLoader:240 - Cannot read IP mode file for EmbeddedOffice.I-CUBE-FS-RTOS.1.0.1
2025-05-12 21:25:05,406 [WARN] PackLoader:240 - Cannot read IP mode file for STMicroelectronics.X-CUBE-WB05N.2.0.0
2025-05-12 21:25:05,416 [WARN] PackLoader:240 - Cannot read IP mode file for STMicroelectronics.X-CUBE-TCPP.4.2.0
2025-05-12 21:25:05,427 [WARN] PackLoader:240 - Cannot read IP mode file for RealThread.X-CUBE-RT-Thread_Nano.4.1.1
2025-05-12 21:25:05,434 [WARN] PackLoader:240 - Cannot read IP mode file for STMicroelectronics.FP-ATR-SIGFOX1.3.2.0
2025-05-12 21:25:05,445 [WARN] ConditionMgr:438 - getConditionDescription Invalid condition id : Cortex-A Device cause : null
2025-05-12 21:25:05,472 [WARN] ConditionMgr:1044 - genDependencies : Invalid condition id : Cortex-A Device cause : null
2025-05-12 21:25:05,472 [WARN] ConditionMgr:1044 - genDependencies : Invalid condition id : Cortex-A Device cause : null
2025-05-12 21:25:05,472 [WARN] ConditionMgr:1044 - genDependencies : Invalid condition id : Cortex-A Device cause : null
2025-05-12 21:25:05,484 [WARN] PackLoader:240 - Cannot read IP mode file for STMicroelectronics.X-CUBE-EEPRMA1.5.1.0
2025-05-12 21:25:05,497 [WARN] PackLoader:240 - Cannot read IP mode file for wolfSSL.I-CUBE-wolfSSL.5.7.6
2025-05-12 21:25:05,509 [WARN] PackLoader:240 - Cannot read IP mode file for ITTIA_DB.I-CUBE-ITTIADB.8.9.0
2025-05-12 21:25:05,542 [WARN] PackLoader:240 - Cannot read IP mode file for SEGGER.I-CUBE-embOS.1.3.1
2025-05-12 21:25:05,622 [WARN] PackLoader:240 - Cannot read IP mode file for STMicroelectronics.X-CUBE-ALGOBUILD.1.4.0
2025-05-12 21:25:05,653 [WARN] PackLoader:240 - Cannot read IP mode file for STMicroelectronics.X-CUBE-AZRTOS-F4.1.1.0
2025-05-12 21:25:05,665 [WARN] PackLoader:240 - Cannot read IP mode file for Avnet-IotConnect.X-CUBE-IoTC-DA16k-PMOD.1.0.0
2025-05-12 21:25:05,671 [WARN] PackLoader:240 - Cannot read IP mode file for STMicroelectronics.X-CUBE-ISPU.2.1.0
2025-05-12 21:25:05,696 [WARN] PackLoader:240 - Cannot read IP mode file for STMicroelectronics.X-CUBE-AZRTOS-L5.2.0.0
2025-05-12 21:25:05,706 [ERROR] LogOutputStream:75 - [STDERR_REDIRECT] [Fatal Error] :1:1: Premature end of file.
2025-05-12 21:25:05,707 [ERROR] LogOutputStream:75 - [STDERR_REDIRECT] 
2025-05-12 21:25:05,713 [WARN] PackLoader:240 - Cannot read IP mode file for STMicroelectronics.X-CUBE-NFC6.3.1.0
2025-05-12 21:25:05,725 [WARN] PackLoader:240 - Cannot read IP mode file for STMicroelectronics.X-CUBE-DPower.1.2.0
2025-05-12 21:25:05,733 [WARN] PackLoader:240 - Cannot read IP mode file for STMicroelectronics.X-CUBE-FREERTOS.1.3.1
2025-05-12 21:25:05,741 [WARN] PackLoader:240 - Cannot read IP mode file for STMicroelectronics.X-CUBE-FREERTOS.1.3.0
2025-05-12 21:25:05,753 [WARN] PackLoader:240 - Cannot read IP mode file for STMicroelectronics.X-CUBE-NFC7.1.0.1
2025-05-12 21:25:05,763 [WARN] PackLoader:240 - Cannot read IP mode file for STMicroelectronics.X-CUBE-DPower.1.3.0
2025-05-12 21:25:05,791 [WARN] ConditionMgr:438 - getConditionDescription Invalid condition id : LAN8742 Phy interface Condition cause : null
2025-05-12 21:25:05,792 [WARN] PackLoader:240 - Cannot read IP mode file for STMicroelectronics.X-CUBE-AZRTOS-L4.2.0.0
2025-05-12 21:25:05,794 [WARN] ConditionMgr:1044 - genDependencies : Invalid condition id : LAN8742 Phy interface Condition cause : null
2025-05-12 21:25:05,795 [WARN] ConditionMgr:1044 - genDependencies : Invalid condition id : LAN8742 Phy interface Condition cause : null
2025-05-12 21:25:05,796 [WARN] ConditionMgr:1044 - genDependencies : Invalid condition id : LAN8742 Phy interface Condition cause : null
2025-05-12 21:25:05,810 [WARN] PackLoader:240 - Cannot read IP mode file for STMicroelectronics.X-CUBE-SFXS2LP1.4.0.0
2025-05-12 21:25:05,843 [WARN] PackLoader:240 - Cannot read IP mode file for STMicroelectronics.X-CUBE-AZRTOS-H7.3.3.0
2025-05-12 21:25:05,867 [WARN] ConditionMgr:438 - getConditionDescription Invalid condition id : UX DEVICE CLASS RTOS Condition cause : null
2025-05-12 21:25:05,868 [WARN] ConditionMgr:438 - getConditionDescription Invalid condition id : UX DEVICE CLASS RTOS Condition cause : null
2025-05-12 21:25:05,871 [WARN] PackLoader:240 - Cannot read IP mode file for STMicroelectronics.X-CUBE-AZRTOS-WB.2.0.0
2025-05-12 21:25:05,872 [WARN] ConditionMgr:1044 - genDependencies : Invalid condition id : UX DEVICE CLASS RTOS Condition cause : null
2025-05-12 21:25:05,873 [WARN] ConditionMgr:1044 - genDependencies : Invalid condition id : UX DEVICE CLASS RTOS Condition cause : null
2025-05-12 21:25:05,873 [WARN] ConditionMgr:1044 - genDependencies : Invalid condition id : UX DEVICE CLASS RTOS Condition cause : null
2025-05-12 21:25:05,874 [WARN] ConditionMgr:1044 - genDependencies : Invalid condition id : UX DEVICE CLASS RTOS Condition cause : null
2025-05-12 21:25:05,875 [WARN] ConditionMgr:1044 - genDependencies : Invalid condition id : UX DEVICE CLASS RTOS Condition cause : null
2025-05-12 21:25:05,884 [WARN] PackLoader:240 - Cannot read IP mode file for STMicroelectronics.X-CUBE-GNSS1.7.0.1
2025-05-12 21:25:05,899 [WARN] PackLoader:240 - Cannot read IP mode file for STMicroelectronics.X-CUBE-TOUCHGFX.4.25.0
2025-05-12 21:25:05,916 [WARN] PackLoader:240 - Cannot read IP mode file for STMicroelectronics.FP-SNS-STBOX1.2.0.0
2025-05-12 21:25:05,936 [WARN] PackLoader:240 - Cannot read IP mode file for STMicroelectronics.X-CUBE-SUBG2.5.0.0
2025-05-12 21:25:05,985 [WARN] PackLoader:240 - Cannot read IP mode file for STMicroelectronics.X-CUBE-AZRTOS-H7RS.1.1.0
2025-05-12 21:25:05,997 [WARN] PackLoader:240 - Cannot read IP mode file for Cesanta.I-CUBE-Mongoose.7.13.0
2025-05-12 21:25:06,017 [WARN] PackLoader:240 - Cannot read IP mode file for STMicroelectronics.X-CUBE-AZRTOS-G4.2.0.0
2025-05-12 21:25:06,030 [WARN] PackLoader:240 - Cannot read IP mode file for STMicroelectronics.X-CUBE-NFC7.2.0.0
2025-05-12 21:25:06,049 [WARN] PackLoader:240 - Cannot read IP mode file for STMicroelectronics.X-CUBE-IPS.3.1.0
2025-05-12 21:25:06,074 [WARN] PackLoader:240 - Cannot read IP mode file for STMicroelectronics.X-CUBE-ALS.1.0.2
2025-05-12 21:25:06,080 [WARN] PackLoader:240 - Cannot read IP mode file for STMicroelectronics.X-CUBE-TOUCHGFX.4.24.2
2025-05-12 21:25:06,086 [WARN] PackLoader:240 - Cannot read IP mode file for wolfSSL.I-CUBE-wolfTPM.3.4.0
2025-05-12 21:25:06,096 [WARN] PackLoader:240 - Cannot read IP mode file for portGmbH.I-Cube-SoM-uGOAL.1.1.0
2025-05-12 21:25:06,119 [WARN] PackLoader:240 - Cannot read IP mode file for STMicroelectronics.X-CUBE-AZRTOS-H7RS.1.0.0
2025-05-12 21:25:06,136 [WARN] PackLoader:240 - Cannot read IP mode file for STMicroelectronics.X-CUBE-TOF1.3.4.2
2025-05-12 21:25:06,180 [WARN] PackLoader:240 - Cannot read IP mode file for STMicroelectronics.X-CUBE-TOF1.3.4.3
2025-05-12 21:25:06,208 [WARN] PackLoader:240 - Cannot read IP mode file for wolfSSL.I-CUBE-wolfSSH.1.4.17
2025-05-12 21:25:06,209 [INFO] ThirdParty:978 - Integrity check success = true
2025-05-12 21:25:06,209 [INFO] IntegrityCheckThread:100 - exiting critical section [integrity check]
2025-05-12 21:25:06,210 [INFO] IntegrityCheckThread:103 - End integrity checks thread
2025-05-12 21:25:06,463 [ERROR] LogOutputStream:75 - [STDERR_REDIRECT] [Fatal Error] :1:1: Premature end of file.
2025-05-12 21:25:06,463 [ERROR] LogOutputStream:75 - [STDERR_REDIRECT] 
2025-05-12 21:25:07,439 [ERROR] LogOutputStream:75 - [STDERR_REDIRECT] [Fatal Error] :1:1: Premature end of file.
2025-05-12 21:25:07,439 [ERROR] LogOutputStream:75 - [STDERR_REDIRECT] 
2025-05-12 21:25:08,440 [ERROR] LogOutputStream:75 - [STDERR_REDIRECT] [Fatal Error] :1:1: Premature end of file.
2025-05-12 21:25:08,440 [ERROR] LogOutputStream:75 - [STDERR_REDIRECT] 
2025-05-12 21:25:09,431 [ERROR] LogOutputStream:75 - [STDERR_REDIRECT] [Fatal Error] :1:1: Premature end of file.
2025-05-12 21:25:09,431 [ERROR] LogOutputStream:75 - [STDERR_REDIRECT] 
2025-05-12 21:25:10,433 [ERROR] LogOutputStream:75 - [STDERR_REDIRECT] [Fatal Error] :1:1: Premature end of file.
2025-05-12 21:25:10,434 [ERROR] LogOutputStream:75 - [STDERR_REDIRECT] 
2025-05-12 21:25:11,433 [ERROR] LogOutputStream:75 - [STDERR_REDIRECT] [Fatal Error] :1:1: Premature end of file.
2025-05-12 21:25:11,433 [ERROR] LogOutputStream:75 - [STDERR_REDIRECT] 
2025-05-12 21:25:12,434 [ERROR] LogOutputStream:75 - [STDERR_REDIRECT] [Fatal Error] :1:1: Premature end of file.
2025-05-12 21:25:12,434 [ERROR] LogOutputStream:75 - [STDERR_REDIRECT] 
2025-05-12 21:25:13,434 [ERROR] LogOutputStream:75 - [STDERR_REDIRECT] [Fatal Error] :1:1: Premature end of file.
2025-05-12 21:25:13,434 [ERROR] LogOutputStream:75 - [STDERR_REDIRECT] 
2025-05-12 21:25:14,434 [ERROR] LogOutputStream:75 - [STDERR_REDIRECT] [Fatal Error] :1:1: Premature end of file.
2025-05-12 21:25:14,434 [ERROR] LogOutputStream:75 - [STDERR_REDIRECT] 
2025-05-12 21:25:15,433 [ERROR] LogOutputStream:75 - [STDERR_REDIRECT] [Fatal Error] :1:1: Premature end of file.
2025-05-12 21:25:15,435 [ERROR] LogOutputStream:75 - [STDERR_REDIRECT] 
2025-05-12 21:25:16,433 [ERROR] LogOutputStream:75 - [STDERR_REDIRECT] [Fatal Error] :1:1: Premature end of file.
2025-05-12 21:25:16,434 [ERROR] LogOutputStream:75 - [STDERR_REDIRECT] 
2025-05-12 21:25:17,432 [ERROR] LogOutputStream:75 - [STDERR_REDIRECT] [Fatal Error] :1:1: Premature end of file.
2025-05-12 21:25:17,433 [ERROR] LogOutputStream:75 - [STDERR_REDIRECT] 
2025-05-12 21:25:18,433 [ERROR] LogOutputStream:75 - [STDERR_REDIRECT] [Fatal Error] :1:1: Premature end of file.
2025-05-12 21:25:18,433 [ERROR] LogOutputStream:75 - [STDERR_REDIRECT] 
2025-05-12 21:25:19,432 [ERROR] LogOutputStream:75 - [STDERR_REDIRECT] [Fatal Error] :1:1: Premature end of file.
2025-05-12 21:25:19,432 [ERROR] LogOutputStream:75 - [STDERR_REDIRECT] 
2025-05-12 21:25:20,434 [ERROR] LogOutputStream:75 - [STDERR_REDIRECT] [Fatal Error] :1:1: Premature end of file.
2025-05-12 21:25:20,434 [ERROR] LogOutputStream:75 - [STDERR_REDIRECT] 
2025-05-12 21:25:21,432 [ERROR] LogOutputStream:75 - [STDERR_REDIRECT] [Fatal Error] :1:1: Premature end of file.
2025-05-12 21:25:21,432 [ERROR] LogOutputStream:75 - [STDERR_REDIRECT] 
2025-05-12 21:25:22,435 [ERROR] LogOutputStream:75 - [STDERR_REDIRECT] [Fatal Error] :1:1: Premature end of file.
2025-05-12 21:25:22,435 [ERROR] LogOutputStream:75 - [STDERR_REDIRECT] 
2025-05-12 21:25:23,433 [ERROR] LogOutputStream:75 - [STDERR_REDIRECT] [Fatal Error] :1:1: Premature end of file.
2025-05-12 21:25:23,433 [ERROR] LogOutputStream:75 - [STDERR_REDIRECT] 
2025-05-12 21:25:24,433 [ERROR] LogOutputStream:75 - [STDERR_REDIRECT] [Fatal Error] :1:1: Premature end of file.
2025-05-12 21:25:24,433 [ERROR] LogOutputStream:75 - [STDERR_REDIRECT] 
2025-05-12 21:25:25,484 [ERROR] LogOutputStream:75 - [STDERR_REDIRECT] [Fatal Error] :1:1: Premature end of file.
2025-05-12 21:25:25,485 [ERROR] LogOutputStream:75 - [STDERR_REDIRECT] 
2025-05-12 21:25:26,765 [ERROR] LogOutputStream:75 - [STDERR_REDIRECT] [Fatal Error] :1:1: Premature end of file.
2025-05-12 21:25:26,766 [ERROR] LogOutputStream:75 - [STDERR_REDIRECT] 
2025-05-12 21:25:27,442 [ERROR] LogOutputStream:75 - [STDERR_REDIRECT] [Fatal Error] :1:1: Premature end of file.
2025-05-12 21:25:27,444 [ERROR] LogOutputStream:75 - [STDERR_REDIRECT] 
2025-05-12 21:25:28,442 [ERROR] LogOutputStream:75 - [STDERR_REDIRECT] [Fatal Error] :1:1: Premature end of file.
2025-05-12 21:25:28,443 [ERROR] LogOutputStream:75 - [STDERR_REDIRECT] 
2025-05-12 21:25:29,432 [ERROR] LogOutputStream:75 - [STDERR_REDIRECT] [Fatal Error] :1:1: Premature end of file.
2025-05-12 21:25:29,433 [ERROR] LogOutputStream:75 - [STDERR_REDIRECT] 
2025-05-12 21:25:30,446 [ERROR] LogOutputStream:75 - [STDERR_REDIRECT] [Fatal Error] :1:1: Premature end of file.
2025-05-12 21:25:30,446 [ERROR] LogOutputStream:75 - [STDERR_REDIRECT] 
2025-05-12 21:25:31,446 [ERROR] LogOutputStream:75 - [STDERR_REDIRECT] [Fatal Error] :1:1: Premature end of file.
2025-05-12 21:25:31,446 [ERROR] LogOutputStream:75 - [STDERR_REDIRECT] 
2025-05-12 21:25:32,433 [ERROR] LogOutputStream:75 - [STDERR_REDIRECT] [Fatal Error] :1:1: Premature end of file.
2025-05-12 21:25:32,435 [ERROR] LogOutputStream:75 - [STDERR_REDIRECT] 
2025-05-12 21:25:33,446 [ERROR] LogOutputStream:75 - [STDERR_REDIRECT] [Fatal Error] :1:1: Premature end of file.
2025-05-12 21:25:33,447 [ERROR] LogOutputStream:75 - [STDERR_REDIRECT] 
2025-05-12 21:25:34,446 [ERROR] LogOutputStream:75 - [STDERR_REDIRECT] [Fatal Error] :1:1: Premature end of file.
2025-05-12 21:25:34,446 [ERROR] LogOutputStream:75 - [STDERR_REDIRECT] 
2025-05-12 21:25:35,453 [ERROR] LogOutputStream:75 - [STDERR_REDIRECT] [Fatal Error] :1:1: Premature end of file.
2025-05-12 21:25:35,454 [ERROR] LogOutputStream:75 - [STDERR_REDIRECT] 
2025-05-12 21:25:36,445 [ERROR] LogOutputStream:75 - [STDERR_REDIRECT] [Fatal Error] :1:1: Premature end of file.
2025-05-12 21:25:36,445 [ERROR] LogOutputStream:75 - [STDERR_REDIRECT] 
2025-05-12 21:25:37,444 [ERROR] LogOutputStream:75 - [STDERR_REDIRECT] [Fatal Error] :1:1: Premature end of file.
2025-05-12 21:25:37,444 [ERROR] LogOutputStream:75 - [STDERR_REDIRECT] 
2025-05-12 21:25:38,441 [ERROR] LogOutputStream:75 - [STDERR_REDIRECT] [Fatal Error] :1:1: Premature end of file.
2025-05-12 21:25:38,441 [ERROR] LogOutputStream:75 - [STDERR_REDIRECT] 
2025-05-12 21:25:39,450 [ERROR] LogOutputStream:75 - [STDERR_REDIRECT] [Fatal Error] :1:1: Premature end of file.
2025-05-12 21:25:39,451 [ERROR] LogOutputStream:75 - [STDERR_REDIRECT] 
2025-05-12 21:25:40,448 [ERROR] LogOutputStream:75 - [STDERR_REDIRECT] [Fatal Error] :1:1: Premature end of file.
2025-05-12 21:25:40,448 [ERROR] LogOutputStream:75 - [STDERR_REDIRECT] 
2025-05-12 21:25:41,459 [ERROR] LogOutputStream:75 - [STDERR_REDIRECT] [Fatal Error] :1:1: Premature end of file.
2025-05-12 21:25:41,459 [ERROR] LogOutputStream:75 - [STDERR_REDIRECT] 
2025-05-12 21:25:42,438 [ERROR] LogOutputStream:75 - [STDERR_REDIRECT] [Fatal Error] :1:1: Premature end of file.
2025-05-12 21:25:42,438 [ERROR] LogOutputStream:75 - [STDERR_REDIRECT] 
2025-05-12 21:25:43,445 [ERROR] LogOutputStream:75 - [STDERR_REDIRECT] [Fatal Error] :1:1: Premature end of file.
2025-05-12 21:25:43,446 [ERROR] LogOutputStream:75 - [STDERR_REDIRECT] 
2025-05-12 21:25:44,434 [ERROR] LogOutputStream:75 - [STDERR_REDIRECT] [Fatal Error] :1:1: Premature end of file.
2025-05-12 21:25:44,434 [ERROR] LogOutputStream:75 - [STDERR_REDIRECT] 
2025-05-12 21:25:45,457 [ERROR] LogOutputStream:75 - [STDERR_REDIRECT] [Fatal Error] :1:1: Premature end of file.
2025-05-12 21:25:45,458 [ERROR] LogOutputStream:75 - [STDERR_REDIRECT] 
2025-05-12 21:25:46,441 [ERROR] LogOutputStream:75 - [STDERR_REDIRECT] [Fatal Error] :1:1: Premature end of file.
2025-05-12 21:25:46,442 [ERROR] LogOutputStream:75 - [STDERR_REDIRECT] 
2025-05-12 21:25:47,442 [ERROR] LogOutputStream:75 - [STDERR_REDIRECT] [Fatal Error] :1:1: Premature end of file.
2025-05-12 21:25:47,443 [ERROR] LogOutputStream:75 - [STDERR_REDIRECT] 
2025-05-12 21:25:48,460 [ERROR] LogOutputStream:75 - [STDERR_REDIRECT] [Fatal Error] :1:1: Premature end of file.
2025-05-12 21:25:48,460 [ERROR] LogOutputStream:75 - [STDERR_REDIRECT] 
2025-05-12 21:25:49,465 [ERROR] LogOutputStream:75 - [STDERR_REDIRECT] [Fatal Error] :1:1: Premature end of file.
2025-05-12 21:25:49,465 [ERROR] LogOutputStream:75 - [STDERR_REDIRECT] 
2025-05-12 21:25:50,444 [ERROR] LogOutputStream:75 - [STDERR_REDIRECT] [Fatal Error] :1:1: Premature end of file.
2025-05-12 21:25:50,444 [ERROR] LogOutputStream:75 - [STDERR_REDIRECT] 
2025-05-12 21:25:51,434 [ERROR] LogOutputStream:75 - [STDERR_REDIRECT] [Fatal Error] :1:1: Premature end of file.
2025-05-12 21:25:51,434 [ERROR] LogOutputStream:75 - [STDERR_REDIRECT] 
2025-05-12 21:25:52,448 [ERROR] LogOutputStream:75 - [STDERR_REDIRECT] [Fatal Error] :1:1: Premature end of file.
2025-05-12 21:25:52,448 [ERROR] LogOutputStream:75 - [STDERR_REDIRECT] 
2025-05-12 21:25:53,440 [ERROR] LogOutputStream:75 - [STDERR_REDIRECT] [Fatal Error] :1:1: Premature end of file.
2025-05-12 21:25:53,441 [ERROR] LogOutputStream:75 - [STDERR_REDIRECT] 
2025-05-12 21:25:54,439 [ERROR] LogOutputStream:75 - [STDERR_REDIRECT] [Fatal Error] :1:1: Premature end of file.
2025-05-12 21:25:54,439 [ERROR] LogOutputStream:75 - [STDERR_REDIRECT] 
2025-05-12 21:25:55,435 [ERROR] LogOutputStream:75 - [STDERR_REDIRECT] [Fatal Error] :1:1: Premature end of file.
2025-05-12 21:25:55,436 [ERROR] LogOutputStream:75 - [STDERR_REDIRECT] 
2025-05-12 21:25:56,431 [ERROR] LogOutputStream:75 - [STDERR_REDIRECT] [Fatal Error] :1:1: Premature end of file.
2025-05-12 21:25:56,432 [ERROR] LogOutputStream:75 - [STDERR_REDIRECT] 
2025-05-12 21:25:57,435 [ERROR] LogOutputStream:75 - [STDERR_REDIRECT] [Fatal Error] :1:1: Premature end of file.
2025-05-12 21:25:57,435 [ERROR] LogOutputStream:75 - [STDERR_REDIRECT] 
2025-05-12 21:25:58,435 [ERROR] LogOutputStream:75 - [STDERR_REDIRECT] [Fatal Error] :1:1: Premature end of file.
2025-05-12 21:25:58,435 [ERROR] LogOutputStream:75 - [STDERR_REDIRECT] 
2025-05-12 21:26:00,094 [ERROR] LogOutputStream:75 - [STDERR_REDIRECT] [Fatal Error] :1:1: Premature end of file.
2025-05-12 21:26:00,094 [ERROR] LogOutputStream:75 - [STDERR_REDIRECT] 
2025-05-12 21:26:00,285 [ERROR] LogOutputStream:75 - [STDERR_REDIRECT] 
