2025-05-13 19:15:52,125 [INFO] Activator:176 - 


2025-05-13 19:15:52,133 [INFO] Activator:177 - !SESSION log4j initialized
2025-05-13 19:15:55,176 [ERROR] LogOutputStream:75 - [STDERR_REDIRECT] [Fatal Error] :1:1: Premature end of file.
2025-05-13 19:15:55,177 [ERROR] LogOutputStream:75 - [STDERR_REDIRECT] 
2025-05-13 19:15:56,073 [ERROR] LogOutputStream:75 - [STDERR_REDIRECT] [Fatal Error] :1:1: Premature end of file.
2025-05-13 19:15:56,073 [ERROR] LogOutputStream:75 - [STDERR_REDIRECT] 
2025-05-13 19:15:56,498 [INFO] LogOutputStream:77 - [STDOUT_REDIRECT] 
2025-05-13 19:15:57,075 [ERROR] LogOutputStream:75 - [STDERR_REDIRECT] [Fatal Error] :1:1: Premature end of file.
2025-05-13 19:15:57,077 [ERROR] LogOutputStream:75 - [STDERR_REDIRECT] 
2025-05-13 19:15:58,095 [ERROR] LogOutputStream:75 - [STDERR_REDIRECT] [Fatal Error] :1:1: Premature end of file.
2025-05-13 19:15:58,095 [ERROR] LogOutputStream:75 - [STDERR_REDIRECT] 
2025-05-13 19:15:59,066 [ERROR] LogOutputStream:75 - [STDERR_REDIRECT] [Fatal Error] :1:1: Premature end of file.
2025-05-13 19:15:59,067 [ERROR] LogOutputStream:75 - [STDERR_REDIRECT] 
2025-05-13 19:15:59,869 [INFO] ApplicationProperties:184 - Using Application install path: C:\ST\STM32CubeIDE_1.17.0\STM32CubeIDE\plugins\com.st.stm32cube.common.mx_6.14.1.202504091515
2025-05-13 19:15:59,890 [INFO] DbMcusXml:78 - Set database path to: C:\ST\STM32CubeIDE_1.17.0\STM32CubeIDE\plugins\com.st.stm32cube.common.mx_6.14.1.202504091515\\db\/mcu/
2025-05-13 19:15:59,890 [INFO] ApiDb:274 - Set plugin database path to: C:\ST\STM32CubeIDE_1.17.0\STM32CubeIDE\plugins\com.st.stm32cube.common.mx_6.14.1.202504091515\\db\/plugins/boardmanager/
2025-05-13 19:15:59,890 [WARN] ApiDb:259 - Overriding images path with different value:  => C:\ST\STM32CubeIDE_1.17.0\STM32CubeIDE\plugins\com.st.stm32cube.common.mx_6.14.1.202504091515\\db\/plugins/mcufinder/images/
2025-05-13 19:15:59,897 [INFO] ApiDb:250 - Set database path to: C:\Users\nhduo\.stmcufinder\plugins\mcufinder//mcu/
2025-05-13 19:15:59,899 [INFO] DbMcusAds:125 - Set database path to: C:\Users\nhduo\.stmcufinder\plugins\mcufinder//mcu/
2025-05-13 19:16:00,063 [ERROR] LogOutputStream:75 - [STDERR_REDIRECT] [Fatal Error] :1:1: Premature end of file.
2025-05-13 19:16:00,063 [ERROR] LogOutputStream:75 - [STDERR_REDIRECT] 
2025-05-13 19:16:00,620 [INFO] CrossReferenceDbSqlite:203 - Set database path to: C:\Users\nhduo\.stmcufinder\plugins\mcufinder//mcu/cs/
2025-05-13 19:16:00,747 [INFO] RulesReader:64 - Compatibility file has been processed (302 Rules)
2025-05-13 19:16:00,844 [INFO] DbMcusXml:78 - Set database path to: C:\ST\STM32CubeIDE_1.17.0\STM32CubeIDE\plugins\com.st.stm32cube.common.mx_6.14.1.202504091515\\db\/mcu/
2025-05-13 19:16:00,844 [INFO] ApiDb:274 - Set plugin database path to: C:\ST\STM32CubeIDE_1.17.0\STM32CubeIDE\plugins\com.st.stm32cube.common.mx_6.14.1.202504091515\\db\/plugins/boardmanager/
2025-05-13 19:16:00,844 [INFO] ApiDb:261 - Set plugin images path to: C:\ST\STM32CubeIDE_1.17.0\STM32CubeIDE\plugins\com.st.stm32cube.common.mx_6.14.1.202504091515\\db\/plugins/mcufinder/images/
2025-05-13 19:16:00,845 [WARN] DbFile:41 - Overriding database path with different value: C:\Users\nhduo\.stmcufinder\plugins\mcufinder/ => C:\Users\nhduo\.stmcufinder\plugins\mcufinder
2025-05-13 19:16:00,845 [INFO] ApiDb:250 - Set database path to: C:\Users\nhduo\.stmcufinder\plugins\mcufinder//mcu/
2025-05-13 19:16:00,845 [WARN] DbFile:41 - Overriding database path with different value: C:\Users\nhduo\.stmcufinder\plugins\mcufinder/ => C:\Users\nhduo\.stmcufinder\plugins\mcufinder
2025-05-13 19:16:00,845 [INFO] DbMcusAds:125 - Set database path to: C:\Users\nhduo\.stmcufinder\plugins\mcufinder//mcu/
2025-05-13 19:16:00,845 [WARN] DbFile:41 - Overriding database path with different value: C:\Users\nhduo\.stmcufinder\plugins\mcufinder/ => C:\Users\nhduo\.stmcufinder\plugins\mcufinder
2025-05-13 19:16:00,845 [WARN] DbFile:41 - Overriding database path with different value: C:\Users\nhduo\.stmcufinder\plugins\mcufinder/ => C:\Users\nhduo\.stmcufinder\plugins\mcufinder
2025-05-13 19:16:01,064 [ERROR] LogOutputStream:75 - [STDERR_REDIRECT] [Fatal Error] :1:1: Premature end of file.
2025-05-13 19:16:01,064 [ERROR] LogOutputStream:75 - [STDERR_REDIRECT] 
2025-05-13 19:16:01,620 [INFO] CrossReferenceDbSqlite:203 - Set database path to: C:\Users\nhduo\.stmcufinder\plugins\mcufinder//mcu/cs/
2025-05-13 19:16:01,707 [INFO] MainPanel:272 - HeapMemory: 268435456
2025-05-13 19:16:01,802 [INFO] DbMcusXml:78 - Set database path to: C:\ST\STM32CubeIDE_1.17.0\STM32CubeIDE\plugins\com.st.stm32cube.common.mx_6.14.1.202504091515\\db\/mcu/
2025-05-13 19:16:01,802 [INFO] ApiDb:274 - Set plugin database path to: C:\ST\STM32CubeIDE_1.17.0\STM32CubeIDE\plugins\com.st.stm32cube.common.mx_6.14.1.202504091515\\db\/plugins/boardmanager/
2025-05-13 19:16:01,802 [INFO] ApiDb:261 - Set plugin images path to: C:\ST\STM32CubeIDE_1.17.0\STM32CubeIDE\plugins\com.st.stm32cube.common.mx_6.14.1.202504091515\\db\/plugins/mcufinder/images/
2025-05-13 19:16:01,802 [WARN] DbFile:41 - Overriding database path with different value: C:\Users\nhduo\.stmcufinder\plugins\mcufinder/ => C:\Users\nhduo\.stmcufinder\plugins\mcufinder
2025-05-13 19:16:01,802 [INFO] ApiDb:250 - Set database path to: C:\Users\nhduo\.stmcufinder\plugins\mcufinder//mcu/
2025-05-13 19:16:01,802 [WARN] DbFile:41 - Overriding database path with different value: C:\Users\nhduo\.stmcufinder\plugins\mcufinder/ => C:\Users\nhduo\.stmcufinder\plugins\mcufinder
2025-05-13 19:16:01,803 [INFO] DbMcusAds:125 - Set database path to: C:\Users\nhduo\.stmcufinder\plugins\mcufinder//mcu/
2025-05-13 19:16:01,803 [WARN] DbFile:41 - Overriding database path with different value: C:\Users\nhduo\.stmcufinder\plugins\mcufinder/ => C:\Users\nhduo\.stmcufinder\plugins\mcufinder
2025-05-13 19:16:01,803 [WARN] DbFile:41 - Overriding database path with different value: C:\Users\nhduo\.stmcufinder\plugins\mcufinder/ => C:\Users\nhduo\.stmcufinder\plugins\mcufinder
2025-05-13 19:16:02,065 [ERROR] LogOutputStream:75 - [STDERR_REDIRECT] [Fatal Error] :1:1: Premature end of file.
2025-05-13 19:16:02,065 [ERROR] LogOutputStream:75 - [STDERR_REDIRECT] 
2025-05-13 19:16:02,620 [INFO] CrossReferenceDbSqlite:203 - Set database path to: C:\Users\nhduo\.stmcufinder\plugins\mcufinder//mcu/cs/
2025-05-13 19:16:02,644 [INFO] ApplicationProperties:184 - Using Application install path: C:\ST\STM32CubeIDE_1.17.0\STM32CubeIDE\plugins\com.st.stm32cube.common.mx_6.14.1.202504091515
2025-05-13 19:16:02,645 [INFO] PluginManage:196 - Search for loadable plugins [exclusion list=, ]
2025-05-13 19:16:02,647 [INFO] PluginManage:310 - Check plugin analytics
2025-05-13 19:16:03,066 [ERROR] LogOutputStream:75 - [STDERR_REDIRECT] [Fatal Error] :1:1: Premature end of file.
2025-05-13 19:16:03,067 [ERROR] LogOutputStream:75 - [STDERR_REDIRECT] 
2025-05-13 19:16:03,703 [INFO] AnalyticsPlugin:253 - Accepted Software Licenses: STM32CubeMX.6.13.0
2025-05-13 19:16:03,703 [INFO] AnalyticsPlugin:255 - Accepted CMSIS Pack Licenses: 
2025-05-13 19:16:03,704 [INFO] AnalyticsPlugin:257 - Accepted Firmware Licenses: FW.F4.1.28.0
2025-05-13 19:16:03,707 [INFO] PluginManage:359 - Loaded plugin analytics (category:tool,tabindex:-1)
2025-05-13 19:16:03,708 [INFO] PluginManage:310 - Check plugin cadmodel
2025-05-13 19:16:03,712 [INFO] CADModel:105 - Init CAD model plugin
2025-05-13 19:16:03,713 [INFO] PluginManage:359 - Loaded plugin cadmodel (category:power,tabindex:5)
2025-05-13 19:16:03,713 [INFO] PluginManage:310 - Check plugin clock
2025-05-13 19:16:03,723 [INFO] PluginManage:359 - Loaded plugin clock (category:base,tabindex:2)
2025-05-13 19:16:03,724 [INFO] PluginManage:310 - Check plugin ddr
2025-05-13 19:16:03,726 [INFO] PluginManage:359 - Loaded plugin ddr (category:tool,tabindex:6)
2025-05-13 19:16:03,726 [INFO] PluginManage:310 - Check plugin filemanager
2025-05-13 19:16:03,947 [INFO] PluginManage:359 - Loaded plugin filemanager (category:base,tabindex:10)
2025-05-13 19:16:03,947 [INFO] PluginManage:310 - Check plugin ipmanager
2025-05-13 19:16:03,958 [INFO] PluginManage:359 - Loaded plugin ipmanager (category:base,tabindex:5)
2025-05-13 19:16:03,960 [INFO] PluginManage:310 - Check plugin lpbam
2025-05-13 19:16:03,970 [INFO] PluginManage:359 - Loaded plugin lpbam (category:base,tabindex:0)
2025-05-13 19:16:03,970 [INFO] PluginManage:310 - Check plugin memorymap
2025-05-13 19:16:03,984 [INFO] PluginManage:359 - Loaded plugin memorymap (category:base,tabindex:4)
2025-05-13 19:16:03,984 [INFO] PluginManage:310 - Check plugin pinoutandconfiguration
2025-05-13 19:16:03,994 [INFO] PluginManage:359 - Loaded plugin pinoutandconfiguration (category:base,tabindex:1)
2025-05-13 19:16:03,994 [INFO] PluginManage:310 - Check plugin pinoutconfig
2025-05-13 19:16:04,067 [ERROR] LogOutputStream:75 - [STDERR_REDIRECT] [Fatal Error] :1:1: Premature end of file.
2025-05-13 19:16:04,069 [ERROR] LogOutputStream:75 - [STDERR_REDIRECT] 
2025-05-13 19:16:04,099 [WARN] SupportedApi:132 - Cannot load RTOS API schema: s4s-elt-must-match.1: The content of 'definitions' must match (annotation?, (simpleType | complexType)?, (unique | key | keyref)*)). A problem was found starting at: attribute.
2025-05-13 19:16:04,258 [INFO] PluginManage:359 - Loaded plugin pinoutconfig (category:base,tabindex:0)
2025-05-13 19:16:04,258 [INFO] PluginManage:310 - Check plugin power
2025-05-13 19:16:04,268 [INFO] PluginManage:359 - Loaded plugin power (category:power,tabindex:4)
2025-05-13 19:16:04,268 [INFO] PluginManage:310 - Check plugin projectmanager
2025-05-13 19:16:04,288 [INFO] PluginManage:359 - Loaded plugin projectmanager (category:projectmanager,tabindex:4)
2025-05-13 19:16:04,289 [INFO] PluginManage:310 - Check plugin rif
2025-05-13 19:16:04,296 [INFO] PluginManage:359 - Loaded plugin rif (category:base,tabindex:3)
2025-05-13 19:16:04,296 [INFO] PluginManage:310 - Check plugin thirdparty
2025-05-13 19:16:04,466 [INFO] PluginManage:359 - Loaded plugin thirdparty (category:base,tabindex:-1)
2025-05-13 19:16:04,466 [WARN] IntegrityCheckThread:84 - waiting for thirdparty lock release [integrity check]
2025-05-13 19:16:04,466 [INFO] PluginManage:310 - Check plugin tools
2025-05-13 19:16:04,466 [INFO] IntegrityCheckThread:86 - entering critical section [integrity check]
2025-05-13 19:16:04,467 [INFO] ThirdPartyUpdaterWithRetryManager:70 - Updater plugin not ready yet. [1/15]
2025-05-13 19:16:04,470 [INFO] PluginManage:359 - Loaded plugin tools (category:base,tabindex:7)
2025-05-13 19:16:04,470 [INFO] PluginManage:310 - Check plugin tutovideos
2025-05-13 19:16:04,650 [INFO] PluginManage:359 - Loaded plugin tutovideos (category:base,tabindex:-1)
2025-05-13 19:16:04,651 [INFO] PluginManage:310 - Check plugin updater
2025-05-13 19:16:04,675 [INFO] PluginManage:359 - Loaded plugin updater (category:base,tabindex:12)
2025-05-13 19:16:04,675 [INFO] PluginManage:310 - Check plugin userauth
2025-05-13 19:16:04,681 [INFO] UserAuth:118 - Init User Auth plugin
2025-05-13 19:16:04,682 [INFO] PluginManage:359 - Loaded plugin userauth (category:base,tabindex:14)
2025-05-13 19:16:04,683 [INFO] PluginManage:283 - PluginManage : Loaded plugins [18]
2025-05-13 19:16:04,918 [INFO] PinOutPanel:1589 - setPackage(No Configuration,No Configuration)
2025-05-13 19:16:05,021 [INFO] CADModel:165 - CPN selected for project level
2025-05-13 19:16:05,021 [INFO] CADModel:114 - Register for checkConnection events
2025-05-13 19:16:05,046 [INFO] IPUIPlugin:80 - create IPUIPlugin
2025-05-13 19:16:05,046 [INFO] PluginManager:220 - loadIPPluginJar : add adc
2025-05-13 19:16:05,050 [INFO] IPUIPlugin:80 - create IPUIPlugin
2025-05-13 19:16:05,050 [INFO] PluginManager:220 - loadIPPluginJar : add aes
2025-05-13 19:16:05,056 [INFO] IPUIPlugin:80 - create IPUIPlugin
2025-05-13 19:16:05,056 [INFO] PluginManager:220 - loadIPPluginJar : add can
2025-05-13 19:16:05,059 [INFO] IPUIPlugin:80 - create IPUIPlugin
2025-05-13 19:16:05,059 [INFO] PluginManager:220 - loadIPPluginJar : add comp
2025-05-13 19:16:05,063 [INFO] IPUIPlugin:80 - create IPUIPlugin
2025-05-13 19:16:05,063 [INFO] PluginManager:220 - loadIPPluginJar : add cryp
2025-05-13 19:16:05,067 [INFO] IPUIPlugin:80 - create IPUIPlugin
2025-05-13 19:16:05,068 [INFO] PluginManager:220 - loadIPPluginJar : add ddr_ctrl_phy
2025-05-13 19:16:05,072 [INFO] IPUIPlugin:80 - create IPUIPlugin
2025-05-13 19:16:05,072 [INFO] PluginManager:220 - loadIPPluginJar : add dfsdm
2025-05-13 19:16:05,081 [INFO] IPUIPlugin:80 - create IPUIPlugin
2025-05-13 19:16:05,082 [INFO] PluginManager:220 - loadIPPluginJar : add dma
2025-05-13 19:16:05,083 [ERROR] LogOutputStream:75 - [STDERR_REDIRECT] [Fatal Error] :1:1: Premature end of file.
2025-05-13 19:16:05,084 [ERROR] LogOutputStream:75 - [STDERR_REDIRECT] 
2025-05-13 19:16:05,086 [INFO] IPUIPlugin:80 - create IPUIPlugin
2025-05-13 19:16:05,086 [INFO] PluginManager:220 - loadIPPluginJar : add dma3
2025-05-13 19:16:05,091 [INFO] IPUIPlugin:80 - create IPUIPlugin
2025-05-13 19:16:05,091 [INFO] PluginManager:220 - loadIPPluginJar : add extmemmanager
2025-05-13 19:16:05,093 [INFO] IPUIPlugin:80 - create IPUIPlugin
2025-05-13 19:16:05,093 [INFO] PluginManager:220 - loadIPPluginJar : add fatfs
2025-05-13 19:16:05,100 [INFO] IPUIPlugin:80 - create IPUIPlugin
2025-05-13 19:16:05,100 [INFO] PluginManager:220 - loadIPPluginJar : add fmc
2025-05-13 19:16:05,105 [INFO] IPUIPlugin:80 - create IPUIPlugin
2025-05-13 19:16:05,106 [INFO] PluginManager:220 - loadIPPluginJar : add freertos
2025-05-13 19:16:05,108 [INFO] IPUIPlugin:80 - create IPUIPlugin
2025-05-13 19:16:05,108 [INFO] PluginManager:220 - loadIPPluginJar : add genericplugin
2025-05-13 19:16:05,112 [INFO] IPUIPlugin:80 - create IPUIPlugin
2025-05-13 19:16:05,112 [INFO] PluginManager:220 - loadIPPluginJar : add gfxmmu
2025-05-13 19:16:05,119 [INFO] IPUIPlugin:80 - create IPUIPlugin
2025-05-13 19:16:05,119 [INFO] PluginManager:220 - loadIPPluginJar : add gic
2025-05-13 19:16:05,123 [INFO] IPUIPlugin:80 - create IPUIPlugin
2025-05-13 19:16:05,123 [INFO] PluginManager:220 - loadIPPluginJar : add gpio
2025-05-13 19:16:05,127 [INFO] IPUIPlugin:80 - create IPUIPlugin
2025-05-13 19:16:05,127 [INFO] PluginManager:220 - loadIPPluginJar : add gtzc
2025-05-13 19:16:05,131 [INFO] IPUIPlugin:80 - create IPUIPlugin
2025-05-13 19:16:05,132 [INFO] PluginManager:220 - loadIPPluginJar : add hash
2025-05-13 19:16:05,135 [INFO] IPUIPlugin:80 - create IPUIPlugin
2025-05-13 19:16:05,135 [INFO] PluginManager:220 - loadIPPluginJar : add i2c
2025-05-13 19:16:05,139 [INFO] IPUIPlugin:80 - create IPUIPlugin
2025-05-13 19:16:05,139 [INFO] PluginManager:220 - loadIPPluginJar : add i2s
2025-05-13 19:16:05,144 [INFO] IPUIPlugin:80 - create IPUIPlugin
2025-05-13 19:16:05,145 [INFO] PluginManager:220 - loadIPPluginJar : add i3c
2025-05-13 19:16:05,148 [INFO] IPUIPlugin:80 - create IPUIPlugin
2025-05-13 19:16:05,148 [INFO] PluginManager:220 - loadIPPluginJar : add ipddr
2025-05-13 19:16:05,157 [INFO] IPUIPlugin:80 - create IPUIPlugin
2025-05-13 19:16:05,157 [INFO] PluginManager:220 - loadIPPluginJar : add linkedlist
2025-05-13 19:16:05,162 [INFO] IPUIPlugin:80 - create IPUIPlugin
2025-05-13 19:16:05,162 [INFO] PluginManager:220 - loadIPPluginJar : add lorawan
2025-05-13 19:16:05,164 [INFO] IPUIPlugin:80 - create IPUIPlugin
2025-05-13 19:16:05,165 [INFO] PluginManager:220 - loadIPPluginJar : add ltdc
2025-05-13 19:16:05,175 [INFO] IPUIPlugin:80 - create IPUIPlugin
2025-05-13 19:16:05,175 [INFO] PluginManager:220 - loadIPPluginJar : add mdma
2025-05-13 19:16:05,181 [INFO] IPUIPlugin:80 - create IPUIPlugin
2025-05-13 19:16:05,181 [INFO] PluginManager:220 - loadIPPluginJar : add nvic
2025-05-13 19:16:05,185 [INFO] IPUIPlugin:80 - create IPUIPlugin
2025-05-13 19:16:05,185 [INFO] PluginManager:220 - loadIPPluginJar : add opamp
2025-05-13 19:16:05,189 [INFO] IPUIPlugin:80 - create IPUIPlugin
2025-05-13 19:16:05,190 [INFO] PluginManager:220 - loadIPPluginJar : add openamp
2025-05-13 19:16:05,194 [INFO] IPUIPlugin:80 - create IPUIPlugin
2025-05-13 19:16:05,195 [INFO] PluginManager:220 - loadIPPluginJar : add pdm2pcm
2025-05-13 19:16:05,205 [INFO] IPUIPlugin:80 - create IPUIPlugin
2025-05-13 19:16:05,209 [INFO] PluginManager:220 - loadIPPluginJar : add plateformsettings
2025-05-13 19:16:05,211 [INFO] IPUIPlugin:80 - create IPUIPlugin
2025-05-13 19:16:05,212 [INFO] PluginManager:220 - loadIPPluginJar : add quadspi
2025-05-13 19:16:05,214 [INFO] IPUIPlugin:80 - create IPUIPlugin
2025-05-13 19:16:05,216 [INFO] PluginManager:220 - loadIPPluginJar : add radio
2025-05-13 19:16:05,221 [INFO] IPUIPlugin:80 - create IPUIPlugin
2025-05-13 19:16:05,221 [INFO] PluginManager:220 - loadIPPluginJar : add resmgrutility
2025-05-13 19:16:05,227 [INFO] IPUIPlugin:80 - create IPUIPlugin
2025-05-13 19:16:05,227 [INFO] PluginManager:220 - loadIPPluginJar : add sai
2025-05-13 19:16:05,231 [INFO] IPUIPlugin:80 - create IPUIPlugin
2025-05-13 19:16:05,231 [INFO] PluginManager:220 - loadIPPluginJar : add spi
2025-05-13 19:16:05,240 [INFO] IPUIPlugin:80 - create IPUIPlugin
2025-05-13 19:16:05,240 [INFO] PluginManager:220 - loadIPPluginJar : add stm32_wpan
2025-05-13 19:16:05,244 [INFO] IPUIPlugin:80 - create IPUIPlugin
2025-05-13 19:16:05,244 [INFO] PluginManager:220 - loadIPPluginJar : add tim
2025-05-13 19:16:05,251 [INFO] IPUIPlugin:80 - create IPUIPlugin
2025-05-13 19:16:05,252 [INFO] PluginManager:220 - loadIPPluginJar : add touchsensing
2025-05-13 19:16:05,255 [INFO] IPUIPlugin:80 - create IPUIPlugin
2025-05-13 19:16:05,255 [INFO] PluginManager:220 - loadIPPluginJar : add tracer_emb
2025-05-13 19:16:05,258 [INFO] IPUIPlugin:80 - create IPUIPlugin
2025-05-13 19:16:05,258 [INFO] PluginManager:220 - loadIPPluginJar : add ts
2025-05-13 19:16:05,262 [INFO] IPUIPlugin:80 - create IPUIPlugin
2025-05-13 19:16:05,262 [INFO] PluginManager:220 - loadIPPluginJar : add tsc
2025-05-13 19:16:05,266 [INFO] IPUIPlugin:80 - create IPUIPlugin
2025-05-13 19:16:05,266 [INFO] PluginManager:220 - loadIPPluginJar : add ucpd
2025-05-13 19:16:05,270 [INFO] IPUIPlugin:80 - create IPUIPlugin
2025-05-13 19:16:05,271 [INFO] PluginManager:220 - loadIPPluginJar : add usart
2025-05-13 19:16:05,276 [INFO] IPUIPlugin:80 - create IPUIPlugin
2025-05-13 19:16:05,276 [INFO] PluginManager:220 - loadIPPluginJar : add usbx
2025-05-13 19:16:05,440 [FATAL] Updater:351 - Updater called before beeing initialized
2025-05-13 19:16:05,476 [INFO] RulesReader:64 - Compatibility file has been processed (302 Rules)
2025-05-13 19:16:05,491 [INFO] RulesReader:64 - Compatibility file has been processed (302 Rules)
2025-05-13 19:16:05,502 [INFO] CADModel:165 - CPN selected for project level
2025-05-13 19:16:05,502 [INFO] CADModel:114 - Register for checkConnection events
2025-05-13 19:16:05,502 [FATAL] Updater:351 - Updater called before beeing initialized
2025-05-13 19:16:05,502 [ERROR] CADModel:125 - Updater not yet initialized, retry later 
2025-05-13 19:16:05,669 [FATAL] Updater:351 - Updater called before beeing initialized
2025-05-13 19:16:05,671 [INFO] CADModel:165 - CPN selected for project level
2025-05-13 19:16:05,671 [INFO] CADModel:114 - Register for checkConnection events
2025-05-13 19:16:05,671 [FATAL] Updater:351 - Updater called before beeing initialized
2025-05-13 19:16:05,671 [ERROR] CADModel:125 - Updater not yet initialized, retry later 
2025-05-13 19:16:05,675 [FATAL] Updater:351 - Updater called before beeing initialized
2025-05-13 19:16:05,823 [FATAL] Updater:351 - Updater called before beeing initialized
2025-05-13 19:16:05,828 [INFO] DbMcusAds:53 - JSON generation date=Tue Dec 17 23:01:25 ICT 2024 (1734451285682)
2025-05-13 19:16:05,828 [FATAL] Updater:351 - Updater called before beeing initialized
2025-05-13 19:16:05,869 [WARN] DetailPanel:346 - Failed to get advertising image, set to default
2025-05-13 19:16:06,069 [ERROR] LogOutputStream:75 - [STDERR_REDIRECT] [Fatal Error] :1:1: Premature end of file.
2025-05-13 19:16:06,069 [ERROR] LogOutputStream:75 - [STDERR_REDIRECT] 
2025-05-13 19:16:06,200 [FATAL] Updater:351 - Updater called before beeing initialized
2025-05-13 19:16:06,202 [FATAL] Updater:351 - Updater called before beeing initialized
2025-05-13 19:16:06,202 [FATAL] Updater:351 - Updater called before beeing initialized
2025-05-13 19:16:06,202 [WARN] DetailPanel:346 - Failed to get advertising image, set to default
2025-05-13 19:16:06,203 [FATAL] Updater:351 - Updater called before beeing initialized
2025-05-13 19:16:06,270 [ERROR] Updater:1198 - MainUpdater not yet initialized. External WinMGr cannot be set.
2025-05-13 19:16:06,272 [INFO] Updater:1134 - Updater Version found : 6.14.1
2025-05-13 19:16:06,294 [INFO] ApplicationProperties:184 - Using Application install path: C:\ST\STM32CubeIDE_1.17.0\STM32CubeIDE\plugins\com.st.stm32cube.common.mx_6.14.1.202504091515
2025-05-13 19:16:07,063 [ERROR] LogOutputStream:75 - [STDERR_REDIRECT] [Fatal Error] :1:1: Premature end of file.
2025-05-13 19:16:07,063 [ERROR] LogOutputStream:75 - [STDERR_REDIRECT] 
2025-05-13 19:16:07,469 [INFO] ThirdPartyUpdaterWithRetryManager:70 - Updater plugin not ready yet. [2/15]
2025-05-13 19:16:07,868 [ERROR] LogOutputStream:75 - [STDERR_REDIRECT] May 13, 2025 7:16:07 PM java.util.prefs.WindowsPreferences <init>
2025-05-13 19:16:07,871 [ERROR] LogOutputStream:75 - [STDERR_REDIRECT] WARNING: Could not open/create prefs root node Software\JavaSoft\Prefs at root 0xffffffff80000002. Windows RegCreateKeyEx(...) returned error code 5.
2025-05-13 19:16:07,871 [ERROR] LogOutputStream:75 - [STDERR_REDIRECT] 
2025-05-13 19:16:08,076 [ERROR] LogOutputStream:75 - [STDERR_REDIRECT] [Fatal Error] :1:1: Premature end of file.
2025-05-13 19:16:08,077 [ERROR] LogOutputStream:75 - [STDERR_REDIRECT] 
2025-05-13 19:16:08,409 [INFO] MainUpdater:2872 - connection check result : 10
2025-05-13 19:16:08,410 [INFO] MainUpdater:289 - Updater Check For Update Now.
2025-05-13 19:16:08,410 [INFO] MicroXplorer:498 - Change Database Version : DB.6.0.141
2025-05-13 19:16:08,419 [INFO] McuFinderGlobals:63 - Set McuFinder mode to 2 (CubeIDE integrated)
2025-05-13 19:16:08,420 [INFO] UserAuth:484 - Internet connection configuration mode: 1
2025-05-13 19:16:08,442 [INFO] JxBrowserEngine:152 - Initiate JxBrowser Engine with user profile folder
2025-05-13 19:16:08,633 [INFO] CheckServerUpdateThread:120 - End of CheckServer Thread
2025-05-13 19:16:09,078 [ERROR] LogOutputStream:75 - [STDERR_REDIRECT] [Fatal Error] :1:1: Premature end of file.
2025-05-13 19:16:09,078 [ERROR] LogOutputStream:75 - [STDERR_REDIRECT] 
2025-05-13 19:16:09,144 [INFO] WebApp:169 - Instantiating new browser for Auth
2025-05-13 19:16:10,076 [ERROR] LogOutputStream:75 - [STDERR_REDIRECT] [Fatal Error] :1:1: Premature end of file.
2025-05-13 19:16:10,076 [ERROR] LogOutputStream:75 - [STDERR_REDIRECT] 
2025-05-13 19:16:10,107 [INFO] WebApp:463 - Apply proxy settings
2025-05-13 19:16:10,108 [INFO] WebApp:548 - Chromium requires no authentication
2025-05-13 19:16:10,117 [INFO] WebApp:491 - Direct internet connection detected
2025-05-13 19:16:10,144 [INFO] WebApp:894 - Register for checkConnection events
2025-05-13 19:16:10,144 [INFO] WebApp:463 - Apply proxy settings
2025-05-13 19:16:10,144 [INFO] WebApp:548 - Chromium requires no authentication
2025-05-13 19:16:10,145 [INFO] WebApp:491 - Direct internet connection detected
2025-05-13 19:16:10,372 [INFO] WebApp:225 - Starting web application
2025-05-13 19:16:10,372 [INFO] WebApp:593 - Web application path used C:\ST\STM32CubeIDE_1.17.0\STM32CubeIDE\plugins\com.st.stm32cube.common.mx_6.14.1.202504091515\db\plugins\mcufinder\reactClient1\index.html
2025-05-13 19:16:10,401 [INFO] WebApp:191 - Connection restablished
2025-05-13 19:16:10,582 [INFO] UserAuth:484 - Internet connection configuration mode: 1
2025-05-13 19:16:11,050 [WARN] PackLoader:240 - Cannot read IP mode file for STMicroelectronics.FP-SNS-MOTENVWB1.1.4.0
2025-05-13 19:16:11,068 [WARN] PackLoader:240 - Cannot read IP mode file for STMicroelectronics.FP-ATR-ASTRA1.2.0.2
2025-05-13 19:16:11,075 [WARN] PackLoader:240 - Cannot read IP mode file for STMicroelectronics.FP-ATR-ASTRA1.2.0.1
2025-05-13 19:16:11,110 [WARN] PackLoader:240 - Cannot read IP mode file for STMicroelectronics.X-CUBE-SMBUS.2.1.0
2025-05-13 19:16:11,141 [WARN] PackLoader:240 - Cannot read IP mode file for STMicroelectronics.X-CUBE-WB05N.1.1.0
2025-05-13 19:16:11,211 [ERROR] LogOutputStream:75 - [STDERR_REDIRECT] [Fatal Error] :1:1: Premature end of file.
2025-05-13 19:16:11,211 [ERROR] LogOutputStream:75 - [STDERR_REDIRECT] 
2025-05-13 19:16:11,211 [WARN] PackLoader:240 - Cannot read IP mode file for STMicroelectronics.X-CUBE-AZRTOS-F7.1.1.0
2025-05-13 19:16:11,234 [WARN] PackLoader:240 - Cannot read IP mode file for STMicroelectronics.FP-SNS-FLIGHT1.5.0.2
2025-05-13 19:16:11,292 [WARN] PackLoader:240 - Cannot read IP mode file for Infineon.AIROC-Wi-Fi-Bluetooth-STM32.1.7.0
2025-05-13 19:16:11,321 [WARN] PackLoader:240 - Cannot read IP mode file for STMicroelectronics.X-CUBE-DISPLAY.3.0.0
2025-05-13 19:16:11,339 [WARN] PackLoader:240 - Cannot read IP mode file for STMicroelectronics.X-CUBE-BLE1.7.0.0
2025-05-13 19:16:11,354 [WARN] PackLoader:240 - Cannot read IP mode file for STMicroelectronics.X-CUBE-NFC10.1.0.0
2025-05-13 19:16:11,376 [WARN] PackLoader:240 - Cannot read IP mode file for STMicroelectronics.X-CUBE-BLEMGR.4.0.0
2025-05-13 19:16:11,394 [WARN] PackLoader:240 - Cannot read IP mode file for emotas.I-CUBE-CANOPEN.1.3.0
2025-05-13 19:16:11,404 [WARN] PackLoader:240 - Cannot read IP mode file for STMicroelectronics.X-CUBE-AI.10.0.0
2025-05-13 19:16:11,412 [WARN] PackLoader:240 - Cannot read IP mode file for STMicroelectronics.FP-SNS-SMARTAG2.1.2.0
2025-05-13 19:16:11,421 [WARN] PackLoader:240 - Cannot read IP mode file for STMicroelectronics.FP-SNS-FLIGHT1.5.1.0
2025-05-13 19:16:11,511 [WARN] PackLoader:240 - Cannot read IP mode file for STMicroelectronics.X-CUBE-MEMS1.11.1.0
2025-05-13 19:16:11,854 [INFO] LogOutputStream:77 - [STDOUT_REDIRECT] 1 : Invalid condition id : UX_CORESTACK_Condition cause : null
2025-05-13 19:16:11,855 [INFO] LogOutputStream:77 - [STDOUT_REDIRECT] 1 : Invalid condition id : UX_CORESTACK_Condition cause : null
2025-05-13 19:16:11,857 [INFO] LogOutputStream:77 - [STDOUT_REDIRECT] 1 : Invalid condition id : UX_CORESTACK_Condition cause : null
2025-05-13 19:16:11,860 [INFO] LogOutputStream:77 - [STDOUT_REDIRECT] 1 : Invalid condition id : UX_CORESTACK_Condition cause : null
2025-05-13 19:16:11,861 [INFO] LogOutputStream:77 - [STDOUT_REDIRECT] 1 : Invalid condition id : UX_CORESTACK_Condition cause : null
2025-05-13 19:16:11,866 [WARN] PackLoader:240 - Cannot read IP mode file for STMicroelectronics.X-CUBE-AZRTOS-WL.2.0.0
2025-05-13 19:16:11,874 [WARN] PackLoader:240 - Cannot read IP mode file for STMicroelectronics.FP-SNS-MOTENV1.5.0.0
2025-05-13 19:16:11,881 [WARN] PackLoader:240 - Cannot read IP mode file for wolfSSL.I-CUBE-wolfMQTT.1.19.0
2025-05-13 19:16:11,891 [WARN] PackLoader:240 - Cannot read IP mode file for WES.I-CUBE-Cesium.1.3.0
2025-05-13 19:16:11,896 [WARN] PackLoader:240 - Cannot read IP mode file for STMicroelectronics.X-CUBE-BLE2.3.3.0
2025-05-13 19:16:11,903 [WARN] PackLoader:240 - Cannot read IP mode file for STMicroelectronics.X-CUBE-NFC9.1.0.0
2025-05-13 19:16:11,912 [WARN] PackLoader:240 - Cannot read IP mode file for STMicroelectronics.X-CUBE-BLE1.7.1.0
2025-05-13 19:16:11,992 [WARN] PackLoader:240 - Cannot read IP mode file for STMicroelectronics.X-CUBE-MEMS1.11.2.0
2025-05-13 19:16:12,080 [ERROR] LogOutputStream:75 - [STDERR_REDIRECT] [Fatal Error] :1:1: Premature end of file.
2025-05-13 19:16:12,081 [ERROR] LogOutputStream:75 - [STDERR_REDIRECT] 
2025-05-13 19:16:12,169 [WARN] PackLoader:240 - Cannot read IP mode file for STMicroelectronics.X-CUBE-AZRTOS-G0.1.1.0
2025-05-13 19:16:12,182 [WARN] PackLoader:240 - Cannot read IP mode file for STMicroelectronics.X-CUBE-SAFEA1.1.2.2
2025-05-13 19:16:12,190 [WARN] PackLoader:240 - Cannot read IP mode file for STMicroelectronics.X-CUBE-NFC4.3.0.0
2025-05-13 19:16:12,203 [WARN] PackLoader:240 - Cannot read IP mode file for EmbeddedOffice.I-CUBE-FS-RTOS.1.0.1
2025-05-13 19:16:12,209 [WARN] PackLoader:240 - Cannot read IP mode file for STMicroelectronics.X-CUBE-WB05N.2.0.0
2025-05-13 19:16:12,218 [WARN] PackLoader:240 - Cannot read IP mode file for STMicroelectronics.X-CUBE-TCPP.4.2.0
2025-05-13 19:16:12,226 [WARN] PackLoader:240 - Cannot read IP mode file for RealThread.X-CUBE-RT-Thread_Nano.4.1.1
2025-05-13 19:16:12,233 [WARN] PackLoader:240 - Cannot read IP mode file for STMicroelectronics.FP-ATR-SIGFOX1.3.2.0
2025-05-13 19:16:12,239 [WARN] ConditionMgr:438 - getConditionDescription Invalid condition id : Cortex-A Device cause : null
2025-05-13 19:16:12,258 [WARN] ConditionMgr:1044 - genDependencies : Invalid condition id : Cortex-A Device cause : null
2025-05-13 19:16:12,258 [WARN] ConditionMgr:1044 - genDependencies : Invalid condition id : Cortex-A Device cause : null
2025-05-13 19:16:12,259 [WARN] ConditionMgr:1044 - genDependencies : Invalid condition id : Cortex-A Device cause : null
2025-05-13 19:16:12,268 [WARN] PackLoader:240 - Cannot read IP mode file for STMicroelectronics.X-CUBE-EEPRMA1.5.1.0
2025-05-13 19:16:12,276 [WARN] PackLoader:240 - Cannot read IP mode file for wolfSSL.I-CUBE-wolfSSL.5.7.6
2025-05-13 19:16:12,287 [WARN] PackLoader:240 - Cannot read IP mode file for ITTIA_DB.I-CUBE-ITTIADB.8.9.0
2025-05-13 19:16:12,357 [WARN] PackLoader:240 - Cannot read IP mode file for SEGGER.I-CUBE-embOS.1.3.1
2025-05-13 19:16:12,400 [WARN] PackLoader:240 - Cannot read IP mode file for STMicroelectronics.X-CUBE-ALGOBUILD.1.4.0
2025-05-13 19:16:12,416 [WARN] PackLoader:240 - Cannot read IP mode file for STMicroelectronics.X-CUBE-AZRTOS-F4.1.1.0
2025-05-13 19:16:12,423 [WARN] PackLoader:240 - Cannot read IP mode file for Avnet-IotConnect.X-CUBE-IoTC-DA16k-PMOD.1.0.0
2025-05-13 19:16:12,426 [WARN] PackLoader:240 - Cannot read IP mode file for STMicroelectronics.X-CUBE-ISPU.2.1.0
2025-05-13 19:16:12,443 [WARN] PackLoader:240 - Cannot read IP mode file for STMicroelectronics.X-CUBE-AZRTOS-L5.2.0.0
2025-05-13 19:16:12,455 [WARN] PackLoader:240 - Cannot read IP mode file for STMicroelectronics.X-CUBE-NFC6.3.1.0
2025-05-13 19:16:12,463 [WARN] PackLoader:240 - Cannot read IP mode file for STMicroelectronics.X-CUBE-DPower.1.2.0
2025-05-13 19:16:12,470 [WARN] PackLoader:240 - Cannot read IP mode file for STMicroelectronics.X-CUBE-FREERTOS.1.3.1
2025-05-13 19:16:12,474 [WARN] PackLoader:240 - Cannot read IP mode file for STMicroelectronics.X-CUBE-FREERTOS.1.3.0
2025-05-13 19:16:12,479 [WARN] PackLoader:240 - Cannot read IP mode file for STMicroelectronics.X-CUBE-NFC7.1.0.1
2025-05-13 19:16:12,485 [WARN] PackLoader:240 - Cannot read IP mode file for STMicroelectronics.X-CUBE-DPower.1.3.0
2025-05-13 19:16:12,506 [WARN] ConditionMgr:438 - getConditionDescription Invalid condition id : LAN8742 Phy interface Condition cause : null
2025-05-13 19:16:12,507 [WARN] PackLoader:240 - Cannot read IP mode file for STMicroelectronics.X-CUBE-AZRTOS-L4.2.0.0
2025-05-13 19:16:12,509 [WARN] ConditionMgr:1044 - genDependencies : Invalid condition id : LAN8742 Phy interface Condition cause : null
2025-05-13 19:16:12,509 [WARN] ConditionMgr:1044 - genDependencies : Invalid condition id : LAN8742 Phy interface Condition cause : null
2025-05-13 19:16:12,510 [WARN] ConditionMgr:1044 - genDependencies : Invalid condition id : LAN8742 Phy interface Condition cause : null
2025-05-13 19:16:12,518 [WARN] PackLoader:240 - Cannot read IP mode file for STMicroelectronics.X-CUBE-SFXS2LP1.4.0.0
2025-05-13 19:16:12,539 [WARN] PackLoader:240 - Cannot read IP mode file for STMicroelectronics.X-CUBE-AZRTOS-H7.3.3.0
2025-05-13 19:16:12,553 [WARN] ConditionMgr:438 - getConditionDescription Invalid condition id : UX DEVICE CLASS RTOS Condition cause : null
2025-05-13 19:16:12,553 [WARN] ConditionMgr:438 - getConditionDescription Invalid condition id : UX DEVICE CLASS RTOS Condition cause : null
2025-05-13 19:16:12,556 [WARN] PackLoader:240 - Cannot read IP mode file for STMicroelectronics.X-CUBE-AZRTOS-WB.2.0.0
2025-05-13 19:16:12,557 [WARN] ConditionMgr:1044 - genDependencies : Invalid condition id : UX DEVICE CLASS RTOS Condition cause : null
2025-05-13 19:16:12,557 [WARN] ConditionMgr:1044 - genDependencies : Invalid condition id : UX DEVICE CLASS RTOS Condition cause : null
2025-05-13 19:16:12,557 [WARN] ConditionMgr:1044 - genDependencies : Invalid condition id : UX DEVICE CLASS RTOS Condition cause : null
2025-05-13 19:16:12,558 [WARN] ConditionMgr:1044 - genDependencies : Invalid condition id : UX DEVICE CLASS RTOS Condition cause : null
2025-05-13 19:16:12,558 [WARN] ConditionMgr:1044 - genDependencies : Invalid condition id : UX DEVICE CLASS RTOS Condition cause : null
2025-05-13 19:16:12,565 [WARN] PackLoader:240 - Cannot read IP mode file for STMicroelectronics.X-CUBE-GNSS1.7.0.1
2025-05-13 19:16:12,573 [WARN] PackLoader:240 - Cannot read IP mode file for STMicroelectronics.X-CUBE-TOUCHGFX.4.25.0
2025-05-13 19:16:12,582 [WARN] PackLoader:240 - Cannot read IP mode file for STMicroelectronics.FP-SNS-STBOX1.2.0.0
2025-05-13 19:16:12,602 [WARN] PackLoader:240 - Cannot read IP mode file for STMicroelectronics.X-CUBE-SUBG2.5.0.0
2025-05-13 19:16:12,634 [WARN] PackLoader:240 - Cannot read IP mode file for STMicroelectronics.X-CUBE-AZRTOS-H7RS.1.1.0
2025-05-13 19:16:12,645 [WARN] PackLoader:240 - Cannot read IP mode file for Cesanta.I-CUBE-Mongoose.7.13.0
2025-05-13 19:16:12,667 [WARN] PackLoader:240 - Cannot read IP mode file for STMicroelectronics.X-CUBE-AZRTOS-G4.2.0.0
2025-05-13 19:16:12,675 [WARN] PackLoader:240 - Cannot read IP mode file for STMicroelectronics.X-CUBE-NFC7.2.0.0
2025-05-13 19:16:12,697 [WARN] PackLoader:240 - Cannot read IP mode file for STMicroelectronics.X-CUBE-IPS.3.1.0
2025-05-13 19:16:12,712 [WARN] PackLoader:240 - Cannot read IP mode file for STMicroelectronics.X-CUBE-ALS.1.0.2
2025-05-13 19:16:12,718 [WARN] PackLoader:240 - Cannot read IP mode file for STMicroelectronics.X-CUBE-TOUCHGFX.4.24.2
2025-05-13 19:16:12,733 [WARN] PackLoader:240 - Cannot read IP mode file for wolfSSL.I-CUBE-wolfTPM.3.4.0
2025-05-13 19:16:12,741 [WARN] PackLoader:240 - Cannot read IP mode file for portGmbH.I-Cube-SoM-uGOAL.1.1.0
2025-05-13 19:16:12,763 [WARN] PackLoader:240 - Cannot read IP mode file for STMicroelectronics.X-CUBE-AZRTOS-H7RS.1.0.0
2025-05-13 19:16:12,778 [WARN] PackLoader:240 - Cannot read IP mode file for STMicroelectronics.X-CUBE-TOF1.3.4.2
2025-05-13 19:16:12,808 [WARN] PackLoader:240 - Cannot read IP mode file for STMicroelectronics.X-CUBE-TOF1.3.4.3
2025-05-13 19:16:12,822 [WARN] PackLoader:240 - Cannot read IP mode file for wolfSSL.I-CUBE-wolfSSH.1.4.17
2025-05-13 19:16:12,823 [INFO] ThirdParty:978 - Integrity check success = true
2025-05-13 19:16:12,823 [INFO] IntegrityCheckThread:100 - exiting critical section [integrity check]
2025-05-13 19:16:12,823 [INFO] IntegrityCheckThread:103 - End integrity checks thread
2025-05-13 19:16:13,093 [ERROR] LogOutputStream:75 - [STDERR_REDIRECT] [Fatal Error] :1:1: Premature end of file.
2025-05-13 19:16:13,094 [ERROR] LogOutputStream:75 - [STDERR_REDIRECT] 
2025-05-13 19:16:14,066 [ERROR] LogOutputStream:75 - [STDERR_REDIRECT] [Fatal Error] :1:1: Premature end of file.
2025-05-13 19:16:14,066 [ERROR] LogOutputStream:75 - [STDERR_REDIRECT] 
2025-05-13 19:16:15,065 [ERROR] LogOutputStream:75 - [STDERR_REDIRECT] [Fatal Error] :1:1: Premature end of file.
2025-05-13 19:16:15,065 [ERROR] LogOutputStream:75 - [STDERR_REDIRECT] 
2025-05-13 19:16:16,064 [ERROR] LogOutputStream:75 - [STDERR_REDIRECT] [Fatal Error] :1:1: Premature end of file.
2025-05-13 19:16:16,065 [ERROR] LogOutputStream:75 - [STDERR_REDIRECT] 
2025-05-13 19:16:17,066 [ERROR] LogOutputStream:75 - [STDERR_REDIRECT] [Fatal Error] :1:1: Premature end of file.
2025-05-13 19:16:17,067 [ERROR] LogOutputStream:75 - [STDERR_REDIRECT] 
2025-05-13 19:16:18,066 [ERROR] LogOutputStream:75 - [STDERR_REDIRECT] [Fatal Error] :1:1: Premature end of file.
2025-05-13 19:16:18,066 [ERROR] LogOutputStream:75 - [STDERR_REDIRECT] 
2025-05-13 19:16:19,072 [ERROR] LogOutputStream:75 - [STDERR_REDIRECT] [Fatal Error] :1:1: Premature end of file.
2025-05-13 19:16:19,072 [ERROR] LogOutputStream:75 - [STDERR_REDIRECT] 
2025-05-13 19:16:20,067 [ERROR] LogOutputStream:75 - [STDERR_REDIRECT] [Fatal Error] :1:1: Premature end of file.
2025-05-13 19:16:20,067 [ERROR] LogOutputStream:75 - [STDERR_REDIRECT] 
2025-05-13 19:16:21,067 [ERROR] LogOutputStream:75 - [STDERR_REDIRECT] [Fatal Error] :1:1: Premature end of file.
2025-05-13 19:16:21,067 [ERROR] LogOutputStream:75 - [STDERR_REDIRECT] 
2025-05-13 19:16:22,065 [ERROR] LogOutputStream:75 - [STDERR_REDIRECT] [Fatal Error] :1:1: Premature end of file.
2025-05-13 19:16:22,065 [ERROR] LogOutputStream:75 - [STDERR_REDIRECT] 
2025-05-13 19:16:23,081 [ERROR] LogOutputStream:75 - [STDERR_REDIRECT] [Fatal Error] :1:1: Premature end of file.
2025-05-13 19:16:23,082 [ERROR] LogOutputStream:75 - [STDERR_REDIRECT] 
2025-05-13 19:16:24,062 [ERROR] LogOutputStream:75 - [STDERR_REDIRECT] [Fatal Error] :1:1: Premature end of file.
2025-05-13 19:16:24,062 [ERROR] LogOutputStream:75 - [STDERR_REDIRECT] 
2025-05-13 19:16:25,067 [ERROR] LogOutputStream:75 - [STDERR_REDIRECT] [Fatal Error] :1:1: Premature end of file.
2025-05-13 19:16:25,067 [ERROR] LogOutputStream:75 - [STDERR_REDIRECT] 
2025-05-13 19:16:26,070 [ERROR] LogOutputStream:75 - [STDERR_REDIRECT] [Fatal Error] :1:1: Premature end of file.
2025-05-13 19:16:26,070 [ERROR] LogOutputStream:75 - [STDERR_REDIRECT] 
2025-05-13 19:16:27,071 [ERROR] LogOutputStream:75 - [STDERR_REDIRECT] [Fatal Error] :1:1: Premature end of file.
2025-05-13 19:16:27,072 [ERROR] LogOutputStream:75 - [STDERR_REDIRECT] 
2025-05-13 19:16:28,077 [ERROR] LogOutputStream:75 - [STDERR_REDIRECT] [Fatal Error] :1:1: Premature end of file.
2025-05-13 19:16:28,077 [ERROR] LogOutputStream:75 - [STDERR_REDIRECT] 
2025-05-13 19:16:29,066 [ERROR] LogOutputStream:75 - [STDERR_REDIRECT] [Fatal Error] :1:1: Premature end of file.
2025-05-13 19:16:29,066 [ERROR] LogOutputStream:75 - [STDERR_REDIRECT] 
2025-05-13 19:16:30,064 [ERROR] LogOutputStream:75 - [STDERR_REDIRECT] [Fatal Error] :1:1: Premature end of file.
2025-05-13 19:16:30,065 [ERROR] LogOutputStream:75 - [STDERR_REDIRECT] 
2025-05-13 19:16:31,087 [ERROR] LogOutputStream:75 - [STDERR_REDIRECT] [Fatal Error] :1:1: Premature end of file.
2025-05-13 19:16:31,088 [ERROR] LogOutputStream:75 - [STDERR_REDIRECT] 
2025-05-13 19:16:32,065 [ERROR] LogOutputStream:75 - [STDERR_REDIRECT] [Fatal Error] :1:1: Premature end of file.
2025-05-13 19:16:32,065 [ERROR] LogOutputStream:75 - [STDERR_REDIRECT] 
2025-05-13 19:16:33,066 [ERROR] LogOutputStream:75 - [STDERR_REDIRECT] [Fatal Error] :1:1: Premature end of file.
2025-05-13 19:16:33,066 [ERROR] LogOutputStream:75 - [STDERR_REDIRECT] 
2025-05-13 19:16:34,096 [ERROR] LogOutputStream:75 - [STDERR_REDIRECT] [Fatal Error] :1:1: Premature end of file.
2025-05-13 19:16:34,096 [ERROR] LogOutputStream:75 - [STDERR_REDIRECT] 
2025-05-13 19:16:35,073 [ERROR] LogOutputStream:75 - [STDERR_REDIRECT] [Fatal Error] :1:1: Premature end of file.
2025-05-13 19:16:35,073 [ERROR] LogOutputStream:75 - [STDERR_REDIRECT] 
2025-05-13 19:16:36,063 [ERROR] LogOutputStream:75 - [STDERR_REDIRECT] [Fatal Error] :1:1: Premature end of file.
2025-05-13 19:16:36,064 [ERROR] LogOutputStream:75 - [STDERR_REDIRECT] 
2025-05-13 19:16:37,076 [ERROR] LogOutputStream:75 - [STDERR_REDIRECT] [Fatal Error] :1:1: Premature end of file.
2025-05-13 19:16:37,076 [ERROR] LogOutputStream:75 - [STDERR_REDIRECT] 
2025-05-13 19:16:38,488 [ERROR] LogOutputStream:75 - [STDERR_REDIRECT] [Fatal Error] :1:1: Premature end of file.
2025-05-13 19:16:38,489 [ERROR] LogOutputStream:75 - [STDERR_REDIRECT] 
2025-05-13 19:16:39,153 [ERROR] LogOutputStream:75 - [STDERR_REDIRECT] [Fatal Error] :1:1: Premature end of file.
2025-05-13 19:16:39,153 [ERROR] LogOutputStream:75 - [STDERR_REDIRECT] 
2025-05-13 19:16:40,074 [ERROR] LogOutputStream:75 - [STDERR_REDIRECT] [Fatal Error] :1:1: Premature end of file.
2025-05-13 19:16:40,074 [ERROR] LogOutputStream:75 - [STDERR_REDIRECT] 
2025-05-13 19:16:41,069 [ERROR] LogOutputStream:75 - [STDERR_REDIRECT] [Fatal Error] :1:1: Premature end of file.
2025-05-13 19:16:41,070 [ERROR] LogOutputStream:75 - [STDERR_REDIRECT] 
2025-05-13 19:16:42,072 [ERROR] LogOutputStream:75 - [STDERR_REDIRECT] [Fatal Error] :1:1: Premature end of file.
2025-05-13 19:16:42,072 [ERROR] LogOutputStream:75 - [STDERR_REDIRECT] 
2025-05-13 19:16:43,071 [ERROR] LogOutputStream:75 - [STDERR_REDIRECT] [Fatal Error] :1:1: Premature end of file.
2025-05-13 19:16:43,071 [ERROR] LogOutputStream:75 - [STDERR_REDIRECT] 
2025-05-13 19:16:44,075 [ERROR] LogOutputStream:75 - [STDERR_REDIRECT] [Fatal Error] :1:1: Premature end of file.
2025-05-13 19:16:44,075 [ERROR] LogOutputStream:75 - [STDERR_REDIRECT] 
2025-05-13 19:16:45,067 [ERROR] LogOutputStream:75 - [STDERR_REDIRECT] [Fatal Error] :1:1: Premature end of file.
2025-05-13 19:16:45,068 [ERROR] LogOutputStream:75 - [STDERR_REDIRECT] 
2025-05-13 19:16:46,085 [ERROR] LogOutputStream:75 - [STDERR_REDIRECT] [Fatal Error] :1:1: Premature end of file.
2025-05-13 19:16:46,086 [ERROR] LogOutputStream:75 - [STDERR_REDIRECT] 
2025-05-13 19:16:47,120 [ERROR] LogOutputStream:75 - [STDERR_REDIRECT] [Fatal Error] :1:1: Premature end of file.
2025-05-13 19:16:47,121 [ERROR] LogOutputStream:75 - [STDERR_REDIRECT] 
2025-05-13 19:16:48,066 [ERROR] LogOutputStream:75 - [STDERR_REDIRECT] [Fatal Error] :1:1: Premature end of file.
2025-05-13 19:16:48,066 [ERROR] LogOutputStream:75 - [STDERR_REDIRECT] 
2025-05-13 19:16:49,073 [ERROR] LogOutputStream:75 - [STDERR_REDIRECT] [Fatal Error] :1:1: Premature end of file.
2025-05-13 19:16:49,073 [ERROR] LogOutputStream:75 - [STDERR_REDIRECT] 
2025-05-13 19:16:50,063 [ERROR] LogOutputStream:75 - [STDERR_REDIRECT] [Fatal Error] :1:1: Premature end of file.
2025-05-13 19:16:50,063 [ERROR] LogOutputStream:75 - [STDERR_REDIRECT] 
2025-05-13 19:16:51,079 [ERROR] LogOutputStream:75 - [STDERR_REDIRECT] [Fatal Error] :1:1: Premature end of file.
2025-05-13 19:16:51,081 [ERROR] LogOutputStream:75 - [STDERR_REDIRECT] 
2025-05-13 19:16:52,067 [ERROR] LogOutputStream:75 - [STDERR_REDIRECT] [Fatal Error] :1:1: Premature end of file.
2025-05-13 19:16:52,067 [ERROR] LogOutputStream:75 - [STDERR_REDIRECT] 
2025-05-13 19:16:53,075 [ERROR] LogOutputStream:75 - [STDERR_REDIRECT] [Fatal Error] :1:1: Premature end of file.
2025-05-13 19:16:53,075 [ERROR] LogOutputStream:75 - [STDERR_REDIRECT] 
2025-05-13 19:16:54,070 [ERROR] LogOutputStream:75 - [STDERR_REDIRECT] [Fatal Error] :1:1: Premature end of file.
2025-05-13 19:16:54,071 [ERROR] LogOutputStream:75 - [STDERR_REDIRECT] 
2025-05-13 19:16:55,069 [ERROR] LogOutputStream:75 - [STDERR_REDIRECT] [Fatal Error] :1:1: Premature end of file.
2025-05-13 19:16:55,069 [ERROR] LogOutputStream:75 - [STDERR_REDIRECT] 
2025-05-13 19:16:56,066 [ERROR] LogOutputStream:75 - [STDERR_REDIRECT] [Fatal Error] :1:1: Premature end of file.
2025-05-13 19:16:56,066 [ERROR] LogOutputStream:75 - [STDERR_REDIRECT] 
2025-05-13 19:16:57,068 [ERROR] LogOutputStream:75 - [STDERR_REDIRECT] [Fatal Error] :1:1: Premature end of file.
2025-05-13 19:16:57,069 [ERROR] LogOutputStream:75 - [STDERR_REDIRECT] 
2025-05-13 19:16:58,064 [ERROR] LogOutputStream:75 - [STDERR_REDIRECT] [Fatal Error] :1:1: Premature end of file.
2025-05-13 19:16:58,064 [ERROR] LogOutputStream:75 - [STDERR_REDIRECT] 
2025-05-13 19:16:59,069 [ERROR] LogOutputStream:75 - [STDERR_REDIRECT] [Fatal Error] :1:1: Premature end of file.
2025-05-13 19:16:59,069 [ERROR] LogOutputStream:75 - [STDERR_REDIRECT] 
2025-05-13 19:17:00,067 [ERROR] LogOutputStream:75 - [STDERR_REDIRECT] [Fatal Error] :1:1: Premature end of file.
2025-05-13 19:17:00,067 [ERROR] LogOutputStream:75 - [STDERR_REDIRECT] 
2025-05-13 19:17:01,067 [ERROR] LogOutputStream:75 - [STDERR_REDIRECT] [Fatal Error] :1:1: Premature end of file.
2025-05-13 19:17:01,068 [ERROR] LogOutputStream:75 - [STDERR_REDIRECT] 
2025-05-13 19:17:02,069 [ERROR] LogOutputStream:75 - [STDERR_REDIRECT] [Fatal Error] :1:1: Premature end of file.
2025-05-13 19:17:02,070 [ERROR] LogOutputStream:75 - [STDERR_REDIRECT] 
2025-05-13 19:17:03,066 [ERROR] LogOutputStream:75 - [STDERR_REDIRECT] [Fatal Error] :1:1: Premature end of file.
2025-05-13 19:17:03,066 [ERROR] LogOutputStream:75 - [STDERR_REDIRECT] 
2025-05-13 19:17:04,065 [ERROR] LogOutputStream:75 - [STDERR_REDIRECT] [Fatal Error] :1:1: Premature end of file.
2025-05-13 19:17:04,066 [ERROR] LogOutputStream:75 - [STDERR_REDIRECT] 
2025-05-13 19:17:05,074 [ERROR] LogOutputStream:75 - [STDERR_REDIRECT] [Fatal Error] :1:1: Premature end of file.
2025-05-13 19:17:05,074 [ERROR] LogOutputStream:75 - [STDERR_REDIRECT] 
2025-05-13 19:17:06,068 [ERROR] LogOutputStream:75 - [STDERR_REDIRECT] [Fatal Error] :1:1: Premature end of file.
2025-05-13 19:17:06,068 [ERROR] LogOutputStream:75 - [STDERR_REDIRECT] 
2025-05-13 19:17:07,067 [ERROR] LogOutputStream:75 - [STDERR_REDIRECT] [Fatal Error] :1:1: Premature end of file.
2025-05-13 19:17:07,068 [ERROR] LogOutputStream:75 - [STDERR_REDIRECT] 
2025-05-13 19:17:08,067 [ERROR] LogOutputStream:75 - [STDERR_REDIRECT] [Fatal Error] :1:1: Premature end of file.
2025-05-13 19:17:08,067 [ERROR] LogOutputStream:75 - [STDERR_REDIRECT] 
2025-05-13 19:17:09,066 [ERROR] LogOutputStream:75 - [STDERR_REDIRECT] [Fatal Error] :1:1: Premature end of file.
2025-05-13 19:17:09,067 [ERROR] LogOutputStream:75 - [STDERR_REDIRECT] 
2025-05-13 19:17:10,067 [ERROR] LogOutputStream:75 - [STDERR_REDIRECT] [Fatal Error] :1:1: Premature end of file.
2025-05-13 19:17:10,067 [ERROR] LogOutputStream:75 - [STDERR_REDIRECT] 
2025-05-13 19:17:11,069 [ERROR] LogOutputStream:75 - [STDERR_REDIRECT] [Fatal Error] :1:1: Premature end of file.
2025-05-13 19:17:11,069 [ERROR] LogOutputStream:75 - [STDERR_REDIRECT] 
2025-05-13 19:17:12,074 [ERROR] LogOutputStream:75 - [STDERR_REDIRECT] [Fatal Error] :1:1: Premature end of file.
2025-05-13 19:17:12,074 [ERROR] LogOutputStream:75 - [STDERR_REDIRECT] 
2025-05-13 19:17:13,067 [ERROR] LogOutputStream:75 - [STDERR_REDIRECT] [Fatal Error] :1:1: Premature end of file.
2025-05-13 19:17:13,068 [ERROR] LogOutputStream:75 - [STDERR_REDIRECT] 
2025-05-13 19:17:14,067 [ERROR] LogOutputStream:75 - [STDERR_REDIRECT] [Fatal Error] :1:1: Premature end of file.
2025-05-13 19:17:14,068 [ERROR] LogOutputStream:75 - [STDERR_REDIRECT] 
2025-05-13 19:17:15,068 [ERROR] LogOutputStream:75 - [STDERR_REDIRECT] [Fatal Error] :1:1: Premature end of file.
2025-05-13 19:17:15,068 [ERROR] LogOutputStream:75 - [STDERR_REDIRECT] 
2025-05-13 19:17:16,068 [ERROR] LogOutputStream:75 - [STDERR_REDIRECT] [Fatal Error] :1:1: Premature end of file.
2025-05-13 19:17:16,068 [ERROR] LogOutputStream:75 - [STDERR_REDIRECT] 
2025-05-13 19:17:17,069 [ERROR] LogOutputStream:75 - [STDERR_REDIRECT] [Fatal Error] :1:1: Premature end of file.
2025-05-13 19:17:17,069 [ERROR] LogOutputStream:75 - [STDERR_REDIRECT] 
2025-05-13 19:17:18,067 [ERROR] LogOutputStream:75 - [STDERR_REDIRECT] [Fatal Error] :1:1: Premature end of file.
2025-05-13 19:17:18,067 [ERROR] LogOutputStream:75 - [STDERR_REDIRECT] 
2025-05-13 19:17:19,064 [ERROR] LogOutputStream:75 - [STDERR_REDIRECT] [Fatal Error] :1:1: Premature end of file.
2025-05-13 19:17:19,064 [ERROR] LogOutputStream:75 - [STDERR_REDIRECT] 
2025-05-13 19:17:20,075 [ERROR] LogOutputStream:75 - [STDERR_REDIRECT] [Fatal Error] :1:1: Premature end of file.
2025-05-13 19:17:20,075 [ERROR] LogOutputStream:75 - [STDERR_REDIRECT] 
2025-05-13 19:17:21,066 [ERROR] LogOutputStream:75 - [STDERR_REDIRECT] [Fatal Error] :1:1: Premature end of file.
2025-05-13 19:17:21,067 [ERROR] LogOutputStream:75 - [STDERR_REDIRECT] 
2025-05-13 19:17:22,066 [ERROR] LogOutputStream:75 - [STDERR_REDIRECT] [Fatal Error] :1:1: Premature end of file.
2025-05-13 19:17:22,067 [ERROR] LogOutputStream:75 - [STDERR_REDIRECT] 
2025-05-13 19:17:23,068 [ERROR] LogOutputStream:75 - [STDERR_REDIRECT] [Fatal Error] :1:1: Premature end of file.
2025-05-13 19:17:23,068 [ERROR] LogOutputStream:75 - [STDERR_REDIRECT] 
2025-05-13 19:17:24,073 [ERROR] LogOutputStream:75 - [STDERR_REDIRECT] [Fatal Error] :1:1: Premature end of file.
2025-05-13 19:17:24,073 [ERROR] LogOutputStream:75 - [STDERR_REDIRECT] 
2025-05-13 19:17:25,081 [ERROR] LogOutputStream:75 - [STDERR_REDIRECT] [Fatal Error] :1:1: Premature end of file.
2025-05-13 19:17:25,082 [ERROR] LogOutputStream:75 - [STDERR_REDIRECT] 
2025-05-13 19:17:26,072 [ERROR] LogOutputStream:75 - [STDERR_REDIRECT] [Fatal Error] :1:1: Premature end of file.
2025-05-13 19:17:26,072 [ERROR] LogOutputStream:75 - [STDERR_REDIRECT] 
2025-05-13 19:17:27,069 [ERROR] LogOutputStream:75 - [STDERR_REDIRECT] [Fatal Error] :1:1: Premature end of file.
2025-05-13 19:17:27,069 [ERROR] LogOutputStream:75 - [STDERR_REDIRECT] 
2025-05-13 19:17:28,065 [ERROR] LogOutputStream:75 - [STDERR_REDIRECT] [Fatal Error] :1:1: Premature end of file.
2025-05-13 19:17:28,065 [ERROR] LogOutputStream:75 - [STDERR_REDIRECT] 
2025-05-13 19:17:29,067 [ERROR] LogOutputStream:75 - [STDERR_REDIRECT] [Fatal Error] :1:1: Premature end of file.
2025-05-13 19:17:29,068 [ERROR] LogOutputStream:75 - [STDERR_REDIRECT] 
2025-05-13 19:17:30,066 [ERROR] LogOutputStream:75 - [STDERR_REDIRECT] [Fatal Error] :1:1: Premature end of file.
2025-05-13 19:17:30,066 [ERROR] LogOutputStream:75 - [STDERR_REDIRECT] 
2025-05-13 19:17:31,065 [ERROR] LogOutputStream:75 - [STDERR_REDIRECT] [Fatal Error] :1:1: Premature end of file.
2025-05-13 19:17:31,065 [ERROR] LogOutputStream:75 - [STDERR_REDIRECT] 
2025-05-13 19:17:32,062 [ERROR] LogOutputStream:75 - [STDERR_REDIRECT] [Fatal Error] :1:1: Premature end of file.
2025-05-13 19:17:32,062 [ERROR] LogOutputStream:75 - [STDERR_REDIRECT] 
2025-05-13 19:17:33,066 [ERROR] LogOutputStream:75 - [STDERR_REDIRECT] [Fatal Error] :1:1: Premature end of file.
2025-05-13 19:17:33,066 [ERROR] LogOutputStream:75 - [STDERR_REDIRECT] 
2025-05-13 19:17:34,067 [ERROR] LogOutputStream:75 - [STDERR_REDIRECT] [Fatal Error] :1:1: Premature end of file.
2025-05-13 19:17:34,068 [ERROR] LogOutputStream:75 - [STDERR_REDIRECT] 
2025-05-13 19:17:35,086 [ERROR] LogOutputStream:75 - [STDERR_REDIRECT] [Fatal Error] :1:1: Premature end of file.
2025-05-13 19:17:35,086 [ERROR] LogOutputStream:75 - [STDERR_REDIRECT] 
2025-05-13 19:17:36,068 [ERROR] LogOutputStream:75 - [STDERR_REDIRECT] [Fatal Error] :1:1: Premature end of file.
2025-05-13 19:17:36,068 [ERROR] LogOutputStream:75 - [STDERR_REDIRECT] 
2025-05-13 19:17:37,068 [ERROR] LogOutputStream:75 - [STDERR_REDIRECT] [Fatal Error] :1:1: Premature end of file.
2025-05-13 19:17:37,068 [ERROR] LogOutputStream:75 - [STDERR_REDIRECT] 
2025-05-13 19:17:38,069 [ERROR] LogOutputStream:75 - [STDERR_REDIRECT] [Fatal Error] :1:1: Premature end of file.
2025-05-13 19:17:38,070 [ERROR] LogOutputStream:75 - [STDERR_REDIRECT] 
2025-05-13 19:17:39,066 [ERROR] LogOutputStream:75 - [STDERR_REDIRECT] [Fatal Error] :1:1: Premature end of file.
2025-05-13 19:17:39,067 [ERROR] LogOutputStream:75 - [STDERR_REDIRECT] 
2025-05-13 19:17:40,072 [ERROR] LogOutputStream:75 - [STDERR_REDIRECT] [Fatal Error] :1:1: Premature end of file.
2025-05-13 19:17:40,072 [ERROR] LogOutputStream:75 - [STDERR_REDIRECT] 
2025-05-13 19:17:41,072 [ERROR] LogOutputStream:75 - [STDERR_REDIRECT] [Fatal Error] :1:1: Premature end of file.
2025-05-13 19:17:41,072 [ERROR] LogOutputStream:75 - [STDERR_REDIRECT] 
2025-05-13 19:17:42,074 [ERROR] LogOutputStream:75 - [STDERR_REDIRECT] [Fatal Error] :1:1: Premature end of file.
2025-05-13 19:17:42,074 [ERROR] LogOutputStream:75 - [STDERR_REDIRECT] 
2025-05-13 19:17:43,065 [ERROR] LogOutputStream:75 - [STDERR_REDIRECT] [Fatal Error] :1:1: Premature end of file.
2025-05-13 19:17:43,065 [ERROR] LogOutputStream:75 - [STDERR_REDIRECT] 
2025-05-13 19:17:44,067 [ERROR] LogOutputStream:75 - [STDERR_REDIRECT] [Fatal Error] :1:1: Premature end of file.
2025-05-13 19:17:44,067 [ERROR] LogOutputStream:75 - [STDERR_REDIRECT] 
2025-05-13 19:17:45,068 [ERROR] LogOutputStream:75 - [STDERR_REDIRECT] [Fatal Error] :1:1: Premature end of file.
2025-05-13 19:17:45,068 [ERROR] LogOutputStream:75 - [STDERR_REDIRECT] 
2025-05-13 19:17:46,067 [ERROR] LogOutputStream:75 - [STDERR_REDIRECT] [Fatal Error] :1:1: Premature end of file.
2025-05-13 19:17:46,069 [ERROR] LogOutputStream:75 - [STDERR_REDIRECT] 
2025-05-13 19:17:47,067 [ERROR] LogOutputStream:75 - [STDERR_REDIRECT] [Fatal Error] :1:1: Premature end of file.
2025-05-13 19:17:47,067 [ERROR] LogOutputStream:75 - [STDERR_REDIRECT] 
2025-05-13 19:17:48,067 [ERROR] LogOutputStream:75 - [STDERR_REDIRECT] [Fatal Error] :1:1: Premature end of file.
2025-05-13 19:17:48,067 [ERROR] LogOutputStream:75 - [STDERR_REDIRECT] 
2025-05-13 19:17:49,065 [ERROR] LogOutputStream:75 - [STDERR_REDIRECT] [Fatal Error] :1:1: Premature end of file.
2025-05-13 19:17:49,066 [ERROR] LogOutputStream:75 - [STDERR_REDIRECT] 
2025-05-13 19:17:50,068 [ERROR] LogOutputStream:75 - [STDERR_REDIRECT] [Fatal Error] :1:1: Premature end of file.
2025-05-13 19:17:50,068 [ERROR] LogOutputStream:75 - [STDERR_REDIRECT] 
2025-05-13 19:17:51,070 [ERROR] LogOutputStream:75 - [STDERR_REDIRECT] [Fatal Error] :1:1: Premature end of file.
2025-05-13 19:17:51,070 [ERROR] LogOutputStream:75 - [STDERR_REDIRECT] 
2025-05-13 19:17:52,076 [ERROR] LogOutputStream:75 - [STDERR_REDIRECT] [Fatal Error] :1:1: Premature end of file.
2025-05-13 19:17:52,076 [ERROR] LogOutputStream:75 - [STDERR_REDIRECT] 
2025-05-13 19:17:53,066 [ERROR] LogOutputStream:75 - [STDERR_REDIRECT] [Fatal Error] :1:1: Premature end of file.
2025-05-13 19:17:53,067 [ERROR] LogOutputStream:75 - [STDERR_REDIRECT] 
2025-05-13 19:17:54,069 [ERROR] LogOutputStream:75 - [STDERR_REDIRECT] [Fatal Error] :1:1: Premature end of file.
2025-05-13 19:17:54,070 [ERROR] LogOutputStream:75 - [STDERR_REDIRECT] 
2025-05-13 19:17:55,065 [ERROR] LogOutputStream:75 - [STDERR_REDIRECT] [Fatal Error] :1:1: Premature end of file.
2025-05-13 19:17:55,065 [ERROR] LogOutputStream:75 - [STDERR_REDIRECT] 
2025-05-13 19:17:56,070 [ERROR] LogOutputStream:75 - [STDERR_REDIRECT] [Fatal Error] :1:1: Premature end of file.
2025-05-13 19:17:56,070 [ERROR] LogOutputStream:75 - [STDERR_REDIRECT] 
2025-05-13 19:17:57,066 [ERROR] LogOutputStream:75 - [STDERR_REDIRECT] [Fatal Error] :1:1: Premature end of file.
2025-05-13 19:17:57,067 [ERROR] LogOutputStream:75 - [STDERR_REDIRECT] 
2025-05-13 19:17:58,081 [ERROR] LogOutputStream:75 - [STDERR_REDIRECT] [Fatal Error] :1:1: Premature end of file.
2025-05-13 19:17:58,081 [ERROR] LogOutputStream:75 - [STDERR_REDIRECT] 
2025-05-13 19:17:59,078 [ERROR] LogOutputStream:75 - [STDERR_REDIRECT] [Fatal Error] :1:1: Premature end of file.
2025-05-13 19:17:59,078 [ERROR] LogOutputStream:75 - [STDERR_REDIRECT] 
2025-05-13 19:18:00,067 [ERROR] LogOutputStream:75 - [STDERR_REDIRECT] [Fatal Error] :1:1: Premature end of file.
2025-05-13 19:18:00,067 [ERROR] LogOutputStream:75 - [STDERR_REDIRECT] 
2025-05-13 19:18:01,080 [ERROR] LogOutputStream:75 - [STDERR_REDIRECT] [Fatal Error] :1:1: Premature end of file.
2025-05-13 19:18:01,080 [ERROR] LogOutputStream:75 - [STDERR_REDIRECT] 
2025-05-13 19:18:02,076 [ERROR] LogOutputStream:75 - [STDERR_REDIRECT] [Fatal Error] :1:1: Premature end of file.
2025-05-13 19:18:02,076 [ERROR] LogOutputStream:75 - [STDERR_REDIRECT] 
2025-05-13 19:18:03,066 [ERROR] LogOutputStream:75 - [STDERR_REDIRECT] [Fatal Error] :1:1: Premature end of file.
2025-05-13 19:18:03,066 [ERROR] LogOutputStream:75 - [STDERR_REDIRECT] 
2025-05-13 19:18:04,077 [ERROR] LogOutputStream:75 - [STDERR_REDIRECT] [Fatal Error] :1:1: Premature end of file.
2025-05-13 19:18:04,077 [ERROR] LogOutputStream:75 - [STDERR_REDIRECT] 
2025-05-13 19:18:05,072 [ERROR] LogOutputStream:75 - [STDERR_REDIRECT] [Fatal Error] :1:1: Premature end of file.
2025-05-13 19:18:05,072 [ERROR] LogOutputStream:75 - [STDERR_REDIRECT] 
2025-05-13 19:18:06,067 [ERROR] LogOutputStream:75 - [STDERR_REDIRECT] [Fatal Error] :1:1: Premature end of file.
2025-05-13 19:18:06,067 [ERROR] LogOutputStream:75 - [STDERR_REDIRECT] 
2025-05-13 19:18:07,078 [ERROR] LogOutputStream:75 - [STDERR_REDIRECT] [Fatal Error] :1:1: Premature end of file.
2025-05-13 19:18:07,078 [ERROR] LogOutputStream:75 - [STDERR_REDIRECT] 
2025-05-13 19:18:08,072 [ERROR] LogOutputStream:75 - [STDERR_REDIRECT] [Fatal Error] :1:1: Premature end of file.
2025-05-13 19:18:08,073 [ERROR] LogOutputStream:75 - [STDERR_REDIRECT] 
2025-05-13 19:18:09,071 [ERROR] LogOutputStream:75 - [STDERR_REDIRECT] [Fatal Error] :1:1: Premature end of file.
2025-05-13 19:18:09,073 [ERROR] LogOutputStream:75 - [STDERR_REDIRECT] 
2025-05-13 19:18:10,082 [ERROR] LogOutputStream:75 - [STDERR_REDIRECT] [Fatal Error] :1:1: Premature end of file.
2025-05-13 19:18:10,083 [ERROR] LogOutputStream:75 - [STDERR_REDIRECT] 
2025-05-13 19:18:11,071 [ERROR] LogOutputStream:75 - [STDERR_REDIRECT] [Fatal Error] :1:1: Premature end of file.
2025-05-13 19:18:11,072 [ERROR] LogOutputStream:75 - [STDERR_REDIRECT] 
2025-05-13 19:18:12,068 [ERROR] LogOutputStream:75 - [STDERR_REDIRECT] [Fatal Error] :1:1: Premature end of file.
2025-05-13 19:18:12,068 [ERROR] LogOutputStream:75 - [STDERR_REDIRECT] 
2025-05-13 19:18:13,082 [ERROR] LogOutputStream:75 - [STDERR_REDIRECT] [Fatal Error] :1:1: Premature end of file.
2025-05-13 19:18:13,084 [ERROR] LogOutputStream:75 - [STDERR_REDIRECT] 
2025-05-13 19:18:14,068 [ERROR] LogOutputStream:75 - [STDERR_REDIRECT] [Fatal Error] :1:1: Premature end of file.
2025-05-13 19:18:14,068 [ERROR] LogOutputStream:75 - [STDERR_REDIRECT] 
2025-05-13 19:18:15,078 [ERROR] LogOutputStream:75 - [STDERR_REDIRECT] [Fatal Error] :1:1: Premature end of file.
2025-05-13 19:18:15,078 [ERROR] LogOutputStream:75 - [STDERR_REDIRECT] 
2025-05-13 19:18:16,078 [ERROR] LogOutputStream:75 - [STDERR_REDIRECT] [Fatal Error] :1:1: Premature end of file.
2025-05-13 19:18:16,080 [ERROR] LogOutputStream:75 - [STDERR_REDIRECT] 
2025-05-13 19:18:17,067 [ERROR] LogOutputStream:75 - [STDERR_REDIRECT] [Fatal Error] :1:1: Premature end of file.
2025-05-13 19:18:17,067 [ERROR] LogOutputStream:75 - [STDERR_REDIRECT] 
2025-05-13 19:18:18,082 [ERROR] LogOutputStream:75 - [STDERR_REDIRECT] [Fatal Error] :1:1: Premature end of file.
2025-05-13 19:18:18,082 [ERROR] LogOutputStream:75 - [STDERR_REDIRECT] 
2025-05-13 19:18:19,079 [ERROR] LogOutputStream:75 - [STDERR_REDIRECT] [Fatal Error] :1:1: Premature end of file.
2025-05-13 19:18:19,079 [ERROR] LogOutputStream:75 - [STDERR_REDIRECT] 
2025-05-13 19:18:20,076 [ERROR] LogOutputStream:75 - [STDERR_REDIRECT] [Fatal Error] :1:1: Premature end of file.
2025-05-13 19:18:20,078 [ERROR] LogOutputStream:75 - [STDERR_REDIRECT] 
2025-05-13 19:18:21,069 [ERROR] LogOutputStream:75 - [STDERR_REDIRECT] [Fatal Error] :1:1: Premature end of file.
2025-05-13 19:18:21,069 [ERROR] LogOutputStream:75 - [STDERR_REDIRECT] 
2025-05-13 19:18:22,077 [ERROR] LogOutputStream:75 - [STDERR_REDIRECT] [Fatal Error] :1:1: Premature end of file.
2025-05-13 19:18:22,077 [ERROR] LogOutputStream:75 - [STDERR_REDIRECT] 
2025-05-13 19:18:23,066 [ERROR] LogOutputStream:75 - [STDERR_REDIRECT] [Fatal Error] :1:1: Premature end of file.
2025-05-13 19:18:23,067 [ERROR] LogOutputStream:75 - [STDERR_REDIRECT] 
2025-05-13 19:18:24,080 [ERROR] LogOutputStream:75 - [STDERR_REDIRECT] [Fatal Error] :1:1: Premature end of file.
2025-05-13 19:18:24,080 [ERROR] LogOutputStream:75 - [STDERR_REDIRECT] 
2025-05-13 19:18:25,077 [ERROR] LogOutputStream:75 - [STDERR_REDIRECT] [Fatal Error] :1:1: Premature end of file.
2025-05-13 19:18:25,077 [ERROR] LogOutputStream:75 - [STDERR_REDIRECT] 
2025-05-13 19:18:26,069 [ERROR] LogOutputStream:75 - [STDERR_REDIRECT] [Fatal Error] :1:1: Premature end of file.
2025-05-13 19:18:26,069 [ERROR] LogOutputStream:75 - [STDERR_REDIRECT] 
2025-05-13 19:18:27,079 [ERROR] LogOutputStream:75 - [STDERR_REDIRECT] [Fatal Error] :1:1: Premature end of file.
2025-05-13 19:18:27,079 [ERROR] LogOutputStream:75 - [STDERR_REDIRECT] 
2025-05-13 19:18:28,077 [ERROR] LogOutputStream:75 - [STDERR_REDIRECT] [Fatal Error] :1:1: Premature end of file.
2025-05-13 19:18:28,078 [ERROR] LogOutputStream:75 - [STDERR_REDIRECT] 
2025-05-13 19:18:29,078 [ERROR] LogOutputStream:75 - [STDERR_REDIRECT] [Fatal Error] :1:1: Premature end of file.
2025-05-13 19:18:29,079 [ERROR] LogOutputStream:75 - [STDERR_REDIRECT] 
2025-05-13 19:18:30,070 [ERROR] LogOutputStream:75 - [STDERR_REDIRECT] [Fatal Error] :1:1: Premature end of file.
2025-05-13 19:18:30,070 [ERROR] LogOutputStream:75 - [STDERR_REDIRECT] 
2025-05-13 19:18:31,069 [ERROR] LogOutputStream:75 - [STDERR_REDIRECT] [Fatal Error] :1:1: Premature end of file.
2025-05-13 19:18:31,069 [ERROR] LogOutputStream:75 - [STDERR_REDIRECT] 
2025-05-13 19:18:32,085 [ERROR] LogOutputStream:75 - [STDERR_REDIRECT] [Fatal Error] :1:1: Premature end of file.
2025-05-13 19:18:32,085 [ERROR] LogOutputStream:75 - [STDERR_REDIRECT] 
2025-05-13 19:18:33,072 [ERROR] LogOutputStream:75 - [STDERR_REDIRECT] [Fatal Error] :1:1: Premature end of file.
2025-05-13 19:18:33,072 [ERROR] LogOutputStream:75 - [STDERR_REDIRECT] 
2025-05-13 19:18:34,070 [ERROR] LogOutputStream:75 - [STDERR_REDIRECT] [Fatal Error] :1:1: Premature end of file.
2025-05-13 19:18:34,070 [ERROR] LogOutputStream:75 - [STDERR_REDIRECT] 
2025-05-13 19:18:35,082 [ERROR] LogOutputStream:75 - [STDERR_REDIRECT] [Fatal Error] :1:1: Premature end of file.
2025-05-13 19:18:35,082 [ERROR] LogOutputStream:75 - [STDERR_REDIRECT] 
2025-05-13 19:18:36,071 [ERROR] LogOutputStream:75 - [STDERR_REDIRECT] [Fatal Error] :1:1: Premature end of file.
2025-05-13 19:18:36,071 [ERROR] LogOutputStream:75 - [STDERR_REDIRECT] 
2025-05-13 19:18:37,071 [ERROR] LogOutputStream:75 - [STDERR_REDIRECT] [Fatal Error] :1:1: Premature end of file.
2025-05-13 19:18:37,071 [ERROR] LogOutputStream:75 - [STDERR_REDIRECT] 
2025-05-13 19:18:38,068 [ERROR] LogOutputStream:75 - [STDERR_REDIRECT] [Fatal Error] :1:1: Premature end of file.
2025-05-13 19:18:38,068 [ERROR] LogOutputStream:75 - [STDERR_REDIRECT] 
2025-05-13 19:18:39,076 [ERROR] LogOutputStream:75 - [STDERR_REDIRECT] [Fatal Error] :1:1: Premature end of file.
2025-05-13 19:18:39,076 [ERROR] LogOutputStream:75 - [STDERR_REDIRECT] 
2025-05-13 19:18:40,074 [ERROR] LogOutputStream:75 - [STDERR_REDIRECT] [Fatal Error] :1:1: Premature end of file.
2025-05-13 19:18:40,074 [ERROR] LogOutputStream:75 - [STDERR_REDIRECT] 
2025-05-13 19:18:41,067 [ERROR] LogOutputStream:75 - [STDERR_REDIRECT] [Fatal Error] :1:1: Premature end of file.
2025-05-13 19:18:41,068 [ERROR] LogOutputStream:75 - [STDERR_REDIRECT] 
2025-05-13 19:18:42,078 [ERROR] LogOutputStream:75 - [STDERR_REDIRECT] [Fatal Error] :1:1: Premature end of file.
2025-05-13 19:18:42,080 [ERROR] LogOutputStream:75 - [STDERR_REDIRECT] 
2025-05-13 19:18:43,072 [ERROR] LogOutputStream:75 - [STDERR_REDIRECT] [Fatal Error] :1:1: Premature end of file.
2025-05-13 19:18:43,072 [ERROR] LogOutputStream:75 - [STDERR_REDIRECT] 
2025-05-13 19:18:44,075 [ERROR] LogOutputStream:75 - [STDERR_REDIRECT] [Fatal Error] :1:1: Premature end of file.
2025-05-13 19:18:44,075 [ERROR] LogOutputStream:75 - [STDERR_REDIRECT] 
2025-05-13 19:18:45,070 [ERROR] LogOutputStream:75 - [STDERR_REDIRECT] [Fatal Error] :1:1: Premature end of file.
2025-05-13 19:18:45,070 [ERROR] LogOutputStream:75 - [STDERR_REDIRECT] 
2025-05-13 19:18:46,077 [ERROR] LogOutputStream:75 - [STDERR_REDIRECT] [Fatal Error] :1:1: Premature end of file.
2025-05-13 19:18:46,077 [ERROR] LogOutputStream:75 - [STDERR_REDIRECT] 
2025-05-13 19:18:47,076 [ERROR] LogOutputStream:75 - [STDERR_REDIRECT] [Fatal Error] :1:1: Premature end of file.
2025-05-13 19:18:47,076 [ERROR] LogOutputStream:75 - [STDERR_REDIRECT] 
2025-05-13 19:18:48,076 [ERROR] LogOutputStream:75 - [STDERR_REDIRECT] [Fatal Error] :1:1: Premature end of file.
2025-05-13 19:18:48,076 [ERROR] LogOutputStream:75 - [STDERR_REDIRECT] 
2025-05-13 19:18:49,074 [ERROR] LogOutputStream:75 - [STDERR_REDIRECT] [Fatal Error] :1:1: Premature end of file.
2025-05-13 19:18:49,074 [ERROR] LogOutputStream:75 - [STDERR_REDIRECT] 
2025-05-13 19:18:50,072 [ERROR] LogOutputStream:75 - [STDERR_REDIRECT] [Fatal Error] :1:1: Premature end of file.
2025-05-13 19:18:50,073 [ERROR] LogOutputStream:75 - [STDERR_REDIRECT] 
2025-05-13 19:18:51,074 [ERROR] LogOutputStream:75 - [STDERR_REDIRECT] [Fatal Error] :1:1: Premature end of file.
2025-05-13 19:18:51,075 [ERROR] LogOutputStream:75 - [STDERR_REDIRECT] 
2025-05-13 19:18:52,069 [ERROR] LogOutputStream:75 - [STDERR_REDIRECT] [Fatal Error] :1:1: Premature end of file.
2025-05-13 19:18:52,070 [ERROR] LogOutputStream:75 - [STDERR_REDIRECT] 
2025-05-13 19:18:53,064 [ERROR] LogOutputStream:75 - [STDERR_REDIRECT] [Fatal Error] :1:1: Premature end of file.
2025-05-13 19:18:53,064 [ERROR] LogOutputStream:75 - [STDERR_REDIRECT] 
2025-05-13 19:18:54,073 [ERROR] LogOutputStream:75 - [STDERR_REDIRECT] [Fatal Error] :1:1: Premature end of file.
2025-05-13 19:18:54,073 [ERROR] LogOutputStream:75 - [STDERR_REDIRECT] 
2025-05-13 19:18:55,067 [ERROR] LogOutputStream:75 - [STDERR_REDIRECT] [Fatal Error] :1:1: Premature end of file.
2025-05-13 19:18:55,067 [ERROR] LogOutputStream:75 - [STDERR_REDIRECT] 
2025-05-13 19:18:56,085 [ERROR] LogOutputStream:75 - [STDERR_REDIRECT] [Fatal Error] :1:1: Premature end of file.
2025-05-13 19:18:56,087 [ERROR] LogOutputStream:75 - [STDERR_REDIRECT] 
2025-05-13 19:18:57,109 [ERROR] LogOutputStream:75 - [STDERR_REDIRECT] [Fatal Error] :1:1: Premature end of file.
2025-05-13 19:18:57,110 [ERROR] LogOutputStream:75 - [STDERR_REDIRECT] 
2025-05-13 19:18:58,068 [ERROR] LogOutputStream:75 - [STDERR_REDIRECT] [Fatal Error] :1:1: Premature end of file.
2025-05-13 19:18:58,068 [ERROR] LogOutputStream:75 - [STDERR_REDIRECT] 
2025-05-13 19:18:59,075 [ERROR] LogOutputStream:75 - [STDERR_REDIRECT] [Fatal Error] :1:1: Premature end of file.
2025-05-13 19:18:59,076 [ERROR] LogOutputStream:75 - [STDERR_REDIRECT] 
2025-05-13 19:19:00,068 [ERROR] LogOutputStream:75 - [STDERR_REDIRECT] [Fatal Error] :1:1: Premature end of file.
2025-05-13 19:19:00,068 [ERROR] LogOutputStream:75 - [STDERR_REDIRECT] 
2025-05-13 19:19:01,072 [ERROR] LogOutputStream:75 - [STDERR_REDIRECT] [Fatal Error] :1:1: Premature end of file.
2025-05-13 19:19:01,073 [ERROR] LogOutputStream:75 - [STDERR_REDIRECT] 
2025-05-13 19:19:02,079 [ERROR] LogOutputStream:75 - [STDERR_REDIRECT] [Fatal Error] :1:1: Premature end of file.
2025-05-13 19:19:02,079 [ERROR] LogOutputStream:75 - [STDERR_REDIRECT] 
2025-05-13 19:19:03,264 [ERROR] LogOutputStream:75 - [STDERR_REDIRECT] [Fatal Error] :1:1: Premature end of file.
2025-05-13 19:19:03,264 [ERROR] LogOutputStream:75 - [STDERR_REDIRECT] 
2025-05-13 19:19:03,391 [ERROR] LogOutputStream:75 - [STDERR_REDIRECT] 
